
**** Build of configuration Debug for project uartecho_MSP_EXP432E401Y_nortos_ccs ****

"C:\\ti\\ccs1200\\ccs\\utils\\bin\\gmake" -k -j 12 all -O 
 
Building file: "../uartecho.syscfg"
Invoking: SysConfig
"C:/ti/ccs1200/ccs/utils/sysconfig_1.13.0/sysconfig_cli.bat" -s "C:/ti/simplelink_msp432e4_sdk_4_20_00_12/.metadata/product.json" --script "D:/workspace/uartecho_MSP_EXP432E401Y_nortos_ccs/uartecho.syscfg" -o "syscfg" --compiler ccs
Running script...
Validating...
Generating Code (uartecho.syscfg)...
    '/ti/drivers' -> '/ti/devices/driverlib'
Writing D:\workspace\uartecho_MSP_EXP432E401Y_nortos_ccs\Debug\syscfg\ti_drivers_config.c...
Writing D:\workspace\uartecho_MSP_EXP432E401Y_nortos_ccs\Debug\syscfg\ti_drivers_config.h...
Writing D:\workspace\uartecho_MSP_EXP432E401Y_nortos_ccs\Debug\syscfg\ti_utils_build_linker.cmd.exp...
Writing D:\workspace\uartecho_MSP_EXP432E401Y_nortos_ccs\Debug\syscfg\syscfg_c.rov.xs...
Finished building: "../uartecho.syscfg"
 
Building file: "../main_nortos.c"
Invoking: Arm Compiler
"C:/ti/ccs1200/ccs/tools/compiler/ti-cgt-arm_20.2.7.LTS/bin/armcl" -mv7M4 --code_state=16 --float_support=FPv4SPD16 -me --include_path="D:/workspace/uartecho_MSP_EXP432E401Y_nortos_ccs" --include_path="D:/workspace/uartecho_MSP_EXP432E401Y_nortos_ccs/Debug" --include_path="C:/ti/simplelink_msp432e4_sdk_4_20_00_12/source" --include_path="C:/ti/simplelink_msp432e4_sdk_4_20_00_12/source/third_party/CMSIS/Include" --include_path="C:/ti/simplelink_msp432e4_sdk_4_20_00_12/kernel/nortos" --include_path="C:/ti/simplelink_msp432e4_sdk_4_20_00_12/kernel/nortos/posix" --include_path="C:/ti/ccs1200/ccs/tools/compiler/ti-cgt-arm_20.2.7.LTS/include" --advice:power=none -g --diag_warning=225 --diag_warning=255 --diag_wrap=off --display_error_number --gen_func_subsections=on --preproc_with_compile --preproc_dependency="main_nortos.d_raw" --include_path="D:/workspace/uartecho_MSP_EXP432E401Y_nortos_ccs/Debug/syscfg"  "../main_nortos.c"
Finished building: "../main_nortos.c"
 
Building file: "../uartecho.c"
Invoking: Arm Compiler
"C:/ti/ccs1200/ccs/tools/compiler/ti-cgt-arm_20.2.7.LTS/bin/armcl" -mv7M4 --code_state=16 --float_support=FPv4SPD16 -me --include_path="D:/workspace/uartecho_MSP_EXP432E401Y_nortos_ccs" --include_path="D:/workspace/uartecho_MSP_EXP432E401Y_nortos_ccs/Debug" --include_path="C:/ti/simplelink_msp432e4_sdk_4_20_00_12/source" --include_path="C:/ti/simplelink_msp432e4_sdk_4_20_00_12/source/third_party/CMSIS/Include" --include_path="C:/ti/simplelink_msp432e4_sdk_4_20_00_12/kernel/nortos" --include_path="C:/ti/simplelink_msp432e4_sdk_4_20_00_12/kernel/nortos/posix" --include_path="C:/ti/ccs1200/ccs/tools/compiler/ti-cgt-arm_20.2.7.LTS/include" --advice:power=none -g --diag_warning=225 --diag_warning=255 --diag_wrap=off --display_error_number --gen_func_subsections=on --preproc_with_compile --preproc_dependency="uartecho.d_raw" --include_path="D:/workspace/uartecho_MSP_EXP432E401Y_nortos_ccs/Debug/syscfg"  "../uartecho.c"
Finished building: "../uartecho.c"
 
Building file: "syscfg/ti_drivers_config.c"
Invoking: Arm Compiler
"C:/ti/ccs1200/ccs/tools/compiler/ti-cgt-arm_20.2.7.LTS/bin/armcl" -mv7M4 --code_state=16 --float_support=FPv4SPD16 -me --include_path="D:/workspace/uartecho_MSP_EXP432E401Y_nortos_ccs" --include_path="D:/workspace/uartecho_MSP_EXP432E401Y_nortos_ccs/Debug" --include_path="C:/ti/simplelink_msp432e4_sdk_4_20_00_12/source" --include_path="C:/ti/simplelink_msp432e4_sdk_4_20_00_12/source/third_party/CMSIS/Include" --include_path="C:/ti/simplelink_msp432e4_sdk_4_20_00_12/kernel/nortos" --include_path="C:/ti/simplelink_msp432e4_sdk_4_20_00_12/kernel/nortos/posix" --include_path="C:/ti/ccs1200/ccs/tools/compiler/ti-cgt-arm_20.2.7.LTS/include" --advice:power=none -g --diag_warning=225 --diag_warning=255 --diag_wrap=off --display_error_number --gen_func_subsections=on --preproc_with_compile --preproc_dependency="syscfg/ti_drivers_config.d_raw" --include_path="D:/workspace/uartecho_MSP_EXP432E401Y_nortos_ccs/Debug/syscfg" --obj_directory="syscfg"  "syscfg/ti_drivers_config.c"
Finished building: "syscfg/ti_drivers_config.c"
 
Building target: "uartecho_MSP_EXP432E401Y_nortos_ccs.out"
Invoking: Arm Linker
"C:/ti/ccs1200/ccs/tools/compiler/ti-cgt-arm_20.2.7.LTS/bin/armcl" -mv7M4 --code_state=16 --float_support=FPv4SPD16 -me --advice:power=none -g --diag_warning=225 --diag_warning=255 --diag_wrap=off --display_error_number --gen_func_subsections=on -z -m"uartecho_MSP_EXP432E401Y_nortos_ccs.map" -i"C:/ti/simplelink_msp432e4_sdk_4_20_00_12/source" -i"C:/ti/simplelink_msp432e4_sdk_4_20_00_12/kernel/nortos" -i"C:/ti/ccs1200/ccs/tools/compiler/ti-cgt-arm_20.2.7.LTS/lib" --diag_suppress=10063 --diag_wrap=off --display_error_number --warn_sections --xml_link_info="uartecho_MSP_EXP432E401Y_nortos_ccs_linkInfo.xml" --entry_point=resetISR --rom_model -o "uartecho_MSP_EXP432E401Y_nortos_ccs.out" "./main_nortos.obj" "./uartecho.obj" "./syscfg/ti_drivers_config.obj" "../MSP_EXP432E401Y_NoRTOS.cmd"  -l"ti/display/lib/display.aem4f" -l"ti/grlib/lib/ccs/m4f/grlib.a" -l"third_party/spiffs/lib/ccs/m4f/spiffs.a" -l"ti/drivers/lib/drivers_msp432e4.aem4f" -l"third_party/fatfs/lib/ccs/m4f/fatfs.a" -l"lib/nortos_msp432e4.aem4f" -l"ti/devices/msp432e4/driverlib/lib/ccs/m4f/msp432e4_driverlib.a" -llibc.a 
<Linking>
Finished building target: "uartecho_MSP_EXP432E401Y_nortos_ccs.out"
 

**** Build Finished ****

**** Build of configuration Debug for project uartecho_MSP_EXP432E401Y_nortos_ccs ****

"C:\\ti\\ccs1200\\ccs\\utils\\bin\\gmake" -k -j 12 all -O 
 
gmake[1]: 'uartecho_MSP_EXP432E401Y_nortos_ccs.out' is up to date.

**** Build Finished ****

**** Build of configuration Debug for project uartecho_MSP_EXP432E401Y_nortos_ccs ****

"C:\\ti\\ccs1200\\ccs\\utils\\bin\\gmake" -k -j 12 all -O 
 
gmake[1]: 'uartecho_MSP_EXP432E401Y_nortos_ccs.out' is up to date.

**** Build Finished ****

**** Clean-only build of configuration Debug for project uartecho_MSP_EXP432E401Y_nortos_ccs ****

"C:\\ti\\ccs1200\\ccs\\utils\\bin\\gmake" -k -j 12 clean -O 
 
DEL /F  "syscfg\ti_drivers_config.h" "syscfg\ti_utils_build_linker.cmd.exp" "syscfg\syscfg_c.rov.xs"  "uartecho_MSP_EXP432E401Y_nortos_ccs.hex"  "syscfg\ti_drivers_config.c"  "uartecho_MSP_EXP432E401Y_nortos_ccs.out" 
DEL /F "main_nortos.obj" "uartecho.obj" "syscfg\ti_drivers_config.obj" 
DEL /F "main_nortos.d" "uartecho.d" "syscfg\ti_drivers_config.d" 
RMDIR /S/Q  "syscfg\" 
Could Not Find D:\workspace\uartecho_MSP_EXP432E401Y_nortos_ccs\Debug\uartecho_MSP_EXP432E401Y_nortos_ccs.hex
Finished clean
 

**** Build Finished ****

**** Build of configuration Debug for project uartecho_MSP_EXP432E401Y_nortos_ccs ****

"C:\\ti\\ccs1200\\ccs\\utils\\bin\\gmake" -k -j 12 all -O 
 
Building file: "../uartecho.syscfg"
Invoking: SysConfig
"C:/ti/ccs1200/ccs/utils/sysconfig_1.13.0/sysconfig_cli.bat" -s "C:/ti/simplelink_msp432e4_sdk_4_20_00_12/.metadata/product.json" --script "D:/workspace/uartecho_MSP_EXP432E401Y_nortos_ccs/uartecho.syscfg" -o "syscfg" --compiler ccs
Running script...
Validating...
Generating Code (uartecho.syscfg)...
    '/ti/drivers' -> '/ti/devices/driverlib'
Writing D:\workspace\uartecho_MSP_EXP432E401Y_nortos_ccs\Debug\syscfg\ti_drivers_config.c...
Writing D:\workspace\uartecho_MSP_EXP432E401Y_nortos_ccs\Debug\syscfg\ti_drivers_config.h...
Writing D:\workspace\uartecho_MSP_EXP432E401Y_nortos_ccs\Debug\syscfg\ti_utils_build_linker.cmd.exp...
Writing D:\workspace\uartecho_MSP_EXP432E401Y_nortos_ccs\Debug\syscfg\syscfg_c.rov.xs...
Finished building: "../uartecho.syscfg"
 
Building file: "../main_nortos.c"
Invoking: Arm Compiler
"C:/ti/ccs1200/ccs/tools/compiler/ti-cgt-arm_20.2.7.LTS/bin/armcl" -mv7M4 --code_state=16 --float_support=FPv4SPD16 -me --include_path="D:/workspace/uartecho_MSP_EXP432E401Y_nortos_ccs" --include_path="D:/workspace/uartecho_MSP_EXP432E401Y_nortos_ccs/Debug" --include_path="C:/ti/simplelink_msp432e4_sdk_4_20_00_12/source" --include_path="C:/ti/simplelink_msp432e4_sdk_4_20_00_12/source/third_party/CMSIS/Include" --include_path="C:/ti/simplelink_msp432e4_sdk_4_20_00_12/kernel/nortos" --include_path="C:/ti/simplelink_msp432e4_sdk_4_20_00_12/kernel/nortos/posix" --include_path="C:/ti/ccs1200/ccs/tools/compiler/ti-cgt-arm_20.2.7.LTS/include" --advice:power=none -g --diag_warning=225 --diag_warning=255 --diag_wrap=off --display_error_number --gen_func_subsections=on --preproc_with_compile --preproc_dependency="main_nortos.d_raw" --include_path="D:/workspace/uartecho_MSP_EXP432E401Y_nortos_ccs/Debug/syscfg"  "../main_nortos.c"
Finished building: "../main_nortos.c"
 
Building file: "../uartecho.c"
Invoking: Arm Compiler
"C:/ti/ccs1200/ccs/tools/compiler/ti-cgt-arm_20.2.7.LTS/bin/armcl" -mv7M4 --code_state=16 --float_support=FPv4SPD16 -me --include_path="D:/workspace/uartecho_MSP_EXP432E401Y_nortos_ccs" --include_path="D:/workspace/uartecho_MSP_EXP432E401Y_nortos_ccs/Debug" --include_path="C:/ti/simplelink_msp432e4_sdk_4_20_00_12/source" --include_path="C:/ti/simplelink_msp432e4_sdk_4_20_00_12/source/third_party/CMSIS/Include" --include_path="C:/ti/simplelink_msp432e4_sdk_4_20_00_12/kernel/nortos" --include_path="C:/ti/simplelink_msp432e4_sdk_4_20_00_12/kernel/nortos/posix" --include_path="C:/ti/ccs1200/ccs/tools/compiler/ti-cgt-arm_20.2.7.LTS/include" --advice:power=none -g --diag_warning=225 --diag_warning=255 --diag_wrap=off --display_error_number --gen_func_subsections=on --preproc_with_compile --preproc_dependency="uartecho.d_raw" --include_path="D:/workspace/uartecho_MSP_EXP432E401Y_nortos_ccs/Debug/syscfg"  "../uartecho.c"
Finished building: "../uartecho.c"
 
Building file: "syscfg/ti_drivers_config.c"
Invoking: Arm Compiler
"C:/ti/ccs1200/ccs/tools/compiler/ti-cgt-arm_20.2.7.LTS/bin/armcl" -mv7M4 --code_state=16 --float_support=FPv4SPD16 -me --include_path="D:/workspace/uartecho_MSP_EXP432E401Y_nortos_ccs" --include_path="D:/workspace/uartecho_MSP_EXP432E401Y_nortos_ccs/Debug" --include_path="C:/ti/simplelink_msp432e4_sdk_4_20_00_12/source" --include_path="C:/ti/simplelink_msp432e4_sdk_4_20_00_12/source/third_party/CMSIS/Include" --include_path="C:/ti/simplelink_msp432e4_sdk_4_20_00_12/kernel/nortos" --include_path="C:/ti/simplelink_msp432e4_sdk_4_20_00_12/kernel/nortos/posix" --include_path="C:/ti/ccs1200/ccs/tools/compiler/ti-cgt-arm_20.2.7.LTS/include" --advice:power=none -g --diag_warning=225 --diag_warning=255 --diag_wrap=off --display_error_number --gen_func_subsections=on --preproc_with_compile --preproc_dependency="syscfg/ti_drivers_config.d_raw" --include_path="D:/workspace/uartecho_MSP_EXP432E401Y_nortos_ccs/Debug/syscfg" --obj_directory="syscfg"  "syscfg/ti_drivers_config.c"
Finished building: "syscfg/ti_drivers_config.c"
 
Building target: "uartecho_MSP_EXP432E401Y_nortos_ccs.out"
Invoking: Arm Linker
"C:/ti/ccs1200/ccs/tools/compiler/ti-cgt-arm_20.2.7.LTS/bin/armcl" -mv7M4 --code_state=16 --float_support=FPv4SPD16 -me --advice:power=none -g --diag_warning=225 --diag_warning=255 --diag_wrap=off --display_error_number --gen_func_subsections=on -z -m"uartecho_MSP_EXP432E401Y_nortos_ccs.map" -i"C:/ti/simplelink_msp432e4_sdk_4_20_00_12/source" -i"C:/ti/simplelink_msp432e4_sdk_4_20_00_12/kernel/nortos" -i"C:/ti/ccs1200/ccs/tools/compiler/ti-cgt-arm_20.2.7.LTS/lib" --diag_suppress=10063 --diag_wrap=off --display_error_number --warn_sections --xml_link_info="uartecho_MSP_EXP432E401Y_nortos_ccs_linkInfo.xml" --entry_point=resetISR --rom_model -o "uartecho_MSP_EXP432E401Y_nortos_ccs.out" "./main_nortos.obj" "./uartecho.obj" "./syscfg/ti_drivers_config.obj" "../MSP_EXP432E401Y_NoRTOS.cmd"  -l"ti/display/lib/display.aem4f" -l"ti/grlib/lib/ccs/m4f/grlib.a" -l"third_party/spiffs/lib/ccs/m4f/spiffs.a" -l"ti/drivers/lib/drivers_msp432e4.aem4f" -l"third_party/fatfs/lib/ccs/m4f/fatfs.a" -l"lib/nortos_msp432e4.aem4f" -l"ti/devices/msp432e4/driverlib/lib/ccs/m4f/msp432e4_driverlib.a" -llibc.a 
<Linking>
Finished building target: "uartecho_MSP_EXP432E401Y_nortos_ccs.out"
 

**** Build Finished ****

**** Build of configuration Debug for project uartecho_MSP_EXP432E401Y_nortos_ccs ****

"C:\\ti\\ccs1200\\ccs\\utils\\bin\\gmake" -k -j 12 all -O 
 
gmake[1]: 'uartecho_MSP_EXP432E401Y_nortos_ccs.out' is up to date.

**** Build Finished ****

**** Build of configuration Debug for project uartecho_MSP_EXP432E401Y_nortos_ccs ****

"C:\\ti\\ccs1200\\ccs\\utils\\bin\\gmake" -k -j 12 all -O 
 
Building file: "../main_nortos.c"
Invoking: Arm Compiler
"C:/ti/ccs1200/ccs/tools/compiler/ti-cgt-arm_20.2.7.LTS/bin/armcl" -mv7M4 --code_state=16 --float_support=FPv4SPD16 -me --include_path="D:/workspace/uartecho_MSP_EXP432E401Y_nortos_ccs" --include_path="D:/workspace/uartecho_MSP_EXP432E401Y_nortos_ccs/Debug" --include_path="C:/ti/simplelink_msp432e4_sdk_4_20_00_12/source" --include_path="C:/ti/simplelink_msp432e4_sdk_4_20_00_12/source/third_party/CMSIS/Include" --include_path="C:/ti/simplelink_msp432e4_sdk_4_20_00_12/kernel/nortos" --include_path="C:/ti/simplelink_msp432e4_sdk_4_20_00_12/kernel/nortos/posix" --include_path="C:/ti/ccs1200/ccs/tools/compiler/ti-cgt-arm_20.2.7.LTS/include" --advice:power=none -g --diag_warning=225 --diag_warning=255 --diag_wrap=off --display_error_number --gen_func_subsections=on --preproc_with_compile --preproc_dependency="main_nortos.d_raw" --include_path="D:/workspace/uartecho_MSP_EXP432E401Y_nortos_ccs/Debug/syscfg"  "../main_nortos.c"
Finished building: "../main_nortos.c"
 
Building file: "../uartecho.c"
Invoking: Arm Compiler
"C:/ti/ccs1200/ccs/tools/compiler/ti-cgt-arm_20.2.7.LTS/bin/armcl" -mv7M4 --code_state=16 --float_support=FPv4SPD16 -me --include_path="D:/workspace/uartecho_MSP_EXP432E401Y_nortos_ccs" --include_path="D:/workspace/uartecho_MSP_EXP432E401Y_nortos_ccs/Debug" --include_path="C:/ti/simplelink_msp432e4_sdk_4_20_00_12/source" --include_path="C:/ti/simplelink_msp432e4_sdk_4_20_00_12/source/third_party/CMSIS/Include" --include_path="C:/ti/simplelink_msp432e4_sdk_4_20_00_12/kernel/nortos" --include_path="C:/ti/simplelink_msp432e4_sdk_4_20_00_12/kernel/nortos/posix" --include_path="C:/ti/ccs1200/ccs/tools/compiler/ti-cgt-arm_20.2.7.LTS/include" --advice:power=none -g --diag_warning=225 --diag_warning=255 --diag_wrap=off --display_error_number --gen_func_subsections=on --preproc_with_compile --preproc_dependency="uartecho.d_raw" --include_path="D:/workspace/uartecho_MSP_EXP432E401Y_nortos_ccs/Debug/syscfg"  "../uartecho.c"
Finished building: "../uartecho.c"
 
Building target: "uartecho_MSP_EXP432E401Y_nortos_ccs.out"
Invoking: Arm Linker
"C:/ti/ccs1200/ccs/tools/compiler/ti-cgt-arm_20.2.7.LTS/bin/armcl" -mv7M4 --code_state=16 --float_support=FPv4SPD16 -me --advice:power=none -g --diag_warning=225 --diag_warning=255 --diag_wrap=off --display_error_number --gen_func_subsections=on -z -m"uartecho_MSP_EXP432E401Y_nortos_ccs.map" -i"C:/ti/simplelink_msp432e4_sdk_4_20_00_12/source" -i"C:/ti/simplelink_msp432e4_sdk_4_20_00_12/kernel/nortos" -i"C:/ti/ccs1200/ccs/tools/compiler/ti-cgt-arm_20.2.7.LTS/lib" --diag_suppress=10063 --diag_wrap=off --display_error_number --warn_sections --xml_link_info="uartecho_MSP_EXP432E401Y_nortos_ccs_linkInfo.xml" --entry_point=resetISR --rom_model -o "uartecho_MSP_EXP432E401Y_nortos_ccs.out" "./main_nortos.obj" "./uartecho.obj" "./syscfg/ti_drivers_config.obj" "../MSP_EXP432E401Y_NoRTOS.cmd"  -l"ti/display/lib/display.aem4f" -l"ti/grlib/lib/ccs/m4f/grlib.a" -l"third_party/spiffs/lib/ccs/m4f/spiffs.a" -l"ti/drivers/lib/drivers_msp432e4.aem4f" -l"third_party/fatfs/lib/ccs/m4f/fatfs.a" -l"lib/nortos_msp432e4.aem4f" -l"ti/devices/msp432e4/driverlib/lib/ccs/m4f/msp432e4_driverlib.a" -llibc.a 
<Linking>
Finished building target: "uartecho_MSP_EXP432E401Y_nortos_ccs.out"
 

**** Build Finished ****

**** Build of configuration Debug for project uartecho_MSP_EXP432E401Y_nortos_ccs ****

"C:\\ti\\ccs1200\\ccs\\utils\\bin\\gmake" -k -j 12 all -O 
 
gmake[1]: 'uartecho_MSP_EXP432E401Y_nortos_ccs.out' is up to date.

**** Build Finished ****

**** Build of configuration Debug for project uartecho_MSP_EXP432E401Y_nortos_ccs ****

"C:\\ti\\ccs1200\\ccs\\utils\\bin\\gmake" -k -j 12 all -O 
 
Building file: "../main_nortos.c"
Invoking: Arm Compiler
"C:/ti/ccs1200/ccs/tools/compiler/ti-cgt-arm_20.2.7.LTS/bin/armcl" -mv7M4 --code_state=16 --float_support=FPv4SPD16 -me --include_path="D:/workspace/uartecho_MSP_EXP432E401Y_nortos_ccs" --include_path="D:/workspace/uartecho_MSP_EXP432E401Y_nortos_ccs/Debug" --include_path="C:/ti/simplelink_msp432e4_sdk_4_20_00_12/source" --include_path="C:/ti/simplelink_msp432e4_sdk_4_20_00_12/source/third_party/CMSIS/Include" --include_path="C:/ti/simplelink_msp432e4_sdk_4_20_00_12/kernel/nortos" --include_path="C:/ti/simplelink_msp432e4_sdk_4_20_00_12/kernel/nortos/posix" --include_path="C:/ti/ccs1200/ccs/tools/compiler/ti-cgt-arm_20.2.7.LTS/include" --advice:power=none -g --diag_warning=225 --diag_warning=255 --diag_wrap=off --display_error_number --gen_func_subsections=on --preproc_with_compile --preproc_dependency="main_nortos.d_raw" --include_path="D:/workspace/uartecho_MSP_EXP432E401Y_nortos_ccs/Debug/syscfg"  "../main_nortos.c"
Finished building: "../main_nortos.c"
 
Building file: "../uartecho.c"
Invoking: Arm Compiler
"C:/ti/ccs1200/ccs/tools/compiler/ti-cgt-arm_20.2.7.LTS/bin/armcl" -mv7M4 --code_state=16 --float_support=FPv4SPD16 -me --include_path="D:/workspace/uartecho_MSP_EXP432E401Y_nortos_ccs" --include_path="D:/workspace/uartecho_MSP_EXP432E401Y_nortos_ccs/Debug" --include_path="C:/ti/simplelink_msp432e4_sdk_4_20_00_12/source" --include_path="C:/ti/simplelink_msp432e4_sdk_4_20_00_12/source/third_party/CMSIS/Include" --include_path="C:/ti/simplelink_msp432e4_sdk_4_20_00_12/kernel/nortos" --include_path="C:/ti/simplelink_msp432e4_sdk_4_20_00_12/kernel/nortos/posix" --include_path="C:/ti/ccs1200/ccs/tools/compiler/ti-cgt-arm_20.2.7.LTS/include" --advice:power=none -g --diag_warning=225 --diag_warning=255 --diag_wrap=off --display_error_number --gen_func_subsections=on --preproc_with_compile --preproc_dependency="uartecho.d_raw" --include_path="D:/workspace/uartecho_MSP_EXP432E401Y_nortos_ccs/Debug/syscfg"  "../uartecho.c"
Finished building: "../uartecho.c"
 
Building target: "uartecho_MSP_EXP432E401Y_nortos_ccs.out"
Invoking: Arm Linker
"C:/ti/ccs1200/ccs/tools/compiler/ti-cgt-arm_20.2.7.LTS/bin/armcl" -mv7M4 --code_state=16 --float_support=FPv4SPD16 -me --advice:power=none -g --diag_warning=225 --diag_warning=255 --diag_wrap=off --display_error_number --gen_func_subsections=on -z -m"uartecho_MSP_EXP432E401Y_nortos_ccs.map" -i"C:/ti/simplelink_msp432e4_sdk_4_20_00_12/source" -i"C:/ti/simplelink_msp432e4_sdk_4_20_00_12/kernel/nortos" -i"C:/ti/ccs1200/ccs/tools/compiler/ti-cgt-arm_20.2.7.LTS/lib" --diag_suppress=10063 --diag_wrap=off --display_error_number --warn_sections --xml_link_info="uartecho_MSP_EXP432E401Y_nortos_ccs_linkInfo.xml" --entry_point=resetISR --rom_model -o "uartecho_MSP_EXP432E401Y_nortos_ccs.out" "./main_nortos.obj" "./uartecho.obj" "./syscfg/ti_drivers_config.obj" "../MSP_EXP432E401Y_NoRTOS.cmd"  -l"ti/display/lib/display.aem4f" -l"ti/grlib/lib/ccs/m4f/grlib.a" -l"third_party/spiffs/lib/ccs/m4f/spiffs.a" -l"ti/drivers/lib/drivers_msp432e4.aem4f" -l"third_party/fatfs/lib/ccs/m4f/fatfs.a" -l"lib/nortos_msp432e4.aem4f" -l"ti/devices/msp432e4/driverlib/lib/ccs/m4f/msp432e4_driverlib.a" -llibc.a 
<Linking>
Finished building target: "uartecho_MSP_EXP432E401Y_nortos_ccs.out"
 

**** Build Finished ****

**** Build of configuration Debug for project uartecho_MSP_EXP432E401Y_nortos_ccs ****

"C:\\ti\\ccs1200\\ccs\\utils\\bin\\gmake" -k -j 12 all -O 
 
gmake[1]: 'uartecho_MSP_EXP432E401Y_nortos_ccs.out' is up to date.

**** Build Finished ****

**** Build of configuration Debug for project uartecho_MSP_EXP432E401Y_nortos_ccs ****

"C:\\ti\\ccs1200\\ccs\\utils\\bin\\gmake" -k -j 12 all -O 
 
Building file: "../uartecho.c"
Invoking: Arm Compiler
"C:/ti/ccs1200/ccs/tools/compiler/ti-cgt-arm_20.2.7.LTS/bin/armcl" -mv7M4 --code_state=16 --float_support=FPv4SPD16 -me --include_path="D:/workspace/uartecho_MSP_EXP432E401Y_nortos_ccs" --include_path="D:/workspace/uartecho_MSP_EXP432E401Y_nortos_ccs/Debug" --include_path="C:/ti/simplelink_msp432e4_sdk_4_20_00_12/source" --include_path="C:/ti/simplelink_msp432e4_sdk_4_20_00_12/source/third_party/CMSIS/Include" --include_path="C:/ti/simplelink_msp432e4_sdk_4_20_00_12/kernel/nortos" --include_path="C:/ti/simplelink_msp432e4_sdk_4_20_00_12/kernel/nortos/posix" --include_path="C:/ti/ccs1200/ccs/tools/compiler/ti-cgt-arm_20.2.7.LTS/include" --advice:power=none -g --diag_warning=225 --diag_warning=255 --diag_wrap=off --display_error_number --gen_func_subsections=on --preproc_with_compile --preproc_dependency="uartecho.d_raw" --include_path="D:/workspace/uartecho_MSP_EXP432E401Y_nortos_ccs/Debug/syscfg"  "../uartecho.c"
Finished building: "../uartecho.c"
 
Building target: "uartecho_MSP_EXP432E401Y_nortos_ccs.out"
Invoking: Arm Linker
"C:/ti/ccs1200/ccs/tools/compiler/ti-cgt-arm_20.2.7.LTS/bin/armcl" -mv7M4 --code_state=16 --float_support=FPv4SPD16 -me --advice:power=none -g --diag_warning=225 --diag_warning=255 --diag_wrap=off --display_error_number --gen_func_subsections=on -z -m"uartecho_MSP_EXP432E401Y_nortos_ccs.map" -i"C:/ti/simplelink_msp432e4_sdk_4_20_00_12/source" -i"C:/ti/simplelink_msp432e4_sdk_4_20_00_12/kernel/nortos" -i"C:/ti/ccs1200/ccs/tools/compiler/ti-cgt-arm_20.2.7.LTS/lib" --diag_suppress=10063 --diag_wrap=off --display_error_number --warn_sections --xml_link_info="uartecho_MSP_EXP432E401Y_nortos_ccs_linkInfo.xml" --entry_point=resetISR --rom_model -o "uartecho_MSP_EXP432E401Y_nortos_ccs.out" "./main_nortos.obj" "./uartecho.obj" "./syscfg/ti_drivers_config.obj" "../MSP_EXP432E401Y_NoRTOS.cmd"  -l"ti/display/lib/display.aem4f" -l"ti/grlib/lib/ccs/m4f/grlib.a" -l"third_party/spiffs/lib/ccs/m4f/spiffs.a" -l"ti/drivers/lib/drivers_msp432e4.aem4f" -l"third_party/fatfs/lib/ccs/m4f/fatfs.a" -l"lib/nortos_msp432e4.aem4f" -l"ti/devices/msp432e4/driverlib/lib/ccs/m4f/msp432e4_driverlib.a" -llibc.a 
<Linking>
Finished building target: "uartecho_MSP_EXP432E401Y_nortos_ccs.out"
 

**** Build Finished ****

**** Build of configuration Debug for project uartecho_MSP_EXP432E401Y_nortos_ccs ****

"C:\\ti\\ccs1200\\ccs\\utils\\bin\\gmake" -k -j 12 all -O 
 
gmake[1]: 'uartecho_MSP_EXP432E401Y_nortos_ccs.out' is up to date.

**** Build Finished ****

**** Build of configuration Debug for project uartecho_MSP_EXP432E401Y_nortos_ccs ****

"C:\\ti\\ccs1200\\ccs\\utils\\bin\\gmake" -k -j 12 all -O 
 
Building file: "../main_nortos.c"
Invoking: Arm Compiler
"C:/ti/ccs1200/ccs/tools/compiler/ti-cgt-arm_20.2.7.LTS/bin/armcl" -mv7M4 --code_state=16 --float_support=FPv4SPD16 -me --include_path="D:/workspace/uartecho_MSP_EXP432E401Y_nortos_ccs" --include_path="D:/workspace/uartecho_MSP_EXP432E401Y_nortos_ccs/Debug" --include_path="C:/ti/simplelink_msp432e4_sdk_4_20_00_12/source" --include_path="C:/ti/simplelink_msp432e4_sdk_4_20_00_12/source/third_party/CMSIS/Include" --include_path="C:/ti/simplelink_msp432e4_sdk_4_20_00_12/kernel/nortos" --include_path="C:/ti/simplelink_msp432e4_sdk_4_20_00_12/kernel/nortos/posix" --include_path="C:/ti/ccs1200/ccs/tools/compiler/ti-cgt-arm_20.2.7.LTS/include" --advice:power=none -g --diag_warning=225 --diag_warning=255 --diag_wrap=off --display_error_number --gen_func_subsections=on --preproc_with_compile --preproc_dependency="main_nortos.d_raw" --include_path="D:/workspace/uartecho_MSP_EXP432E401Y_nortos_ccs/Debug/syscfg"  "../main_nortos.c"
Finished building: "../main_nortos.c"
 
Building file: "../uartecho.c"
Invoking: Arm Compiler
"C:/ti/ccs1200/ccs/tools/compiler/ti-cgt-arm_20.2.7.LTS/bin/armcl" -mv7M4 --code_state=16 --float_support=FPv4SPD16 -me --include_path="D:/workspace/uartecho_MSP_EXP432E401Y_nortos_ccs" --include_path="D:/workspace/uartecho_MSP_EXP432E401Y_nortos_ccs/Debug" --include_path="C:/ti/simplelink_msp432e4_sdk_4_20_00_12/source" --include_path="C:/ti/simplelink_msp432e4_sdk_4_20_00_12/source/third_party/CMSIS/Include" --include_path="C:/ti/simplelink_msp432e4_sdk_4_20_00_12/kernel/nortos" --include_path="C:/ti/simplelink_msp432e4_sdk_4_20_00_12/kernel/nortos/posix" --include_path="C:/ti/ccs1200/ccs/tools/compiler/ti-cgt-arm_20.2.7.LTS/include" --advice:power=none -g --diag_warning=225 --diag_warning=255 --diag_wrap=off --display_error_number --gen_func_subsections=on --preproc_with_compile --preproc_dependency="uartecho.d_raw" --include_path="D:/workspace/uartecho_MSP_EXP432E401Y_nortos_ccs/Debug/syscfg"  "../uartecho.c"
Finished building: "../uartecho.c"
 
Building target: "uartecho_MSP_EXP432E401Y_nortos_ccs.out"
Invoking: Arm Linker
"C:/ti/ccs1200/ccs/tools/compiler/ti-cgt-arm_20.2.7.LTS/bin/armcl" -mv7M4 --code_state=16 --float_support=FPv4SPD16 -me --advice:power=none -g --diag_warning=225 --diag_warning=255 --diag_wrap=off --display_error_number --gen_func_subsections=on -z -m"uartecho_MSP_EXP432E401Y_nortos_ccs.map" -i"C:/ti/simplelink_msp432e4_sdk_4_20_00_12/source" -i"C:/ti/simplelink_msp432e4_sdk_4_20_00_12/kernel/nortos" -i"C:/ti/ccs1200/ccs/tools/compiler/ti-cgt-arm_20.2.7.LTS/lib" --diag_suppress=10063 --diag_wrap=off --display_error_number --warn_sections --xml_link_info="uartecho_MSP_EXP432E401Y_nortos_ccs_linkInfo.xml" --entry_point=resetISR --rom_model -o "uartecho_MSP_EXP432E401Y_nortos_ccs.out" "./main_nortos.obj" "./uartecho.obj" "./syscfg/ti_drivers_config.obj" "../MSP_EXP432E401Y_NoRTOS.cmd"  -l"ti/display/lib/display.aem4f" -l"ti/grlib/lib/ccs/m4f/grlib.a" -l"third_party/spiffs/lib/ccs/m4f/spiffs.a" -l"ti/drivers/lib/drivers_msp432e4.aem4f" -l"third_party/fatfs/lib/ccs/m4f/fatfs.a" -l"lib/nortos_msp432e4.aem4f" -l"ti/devices/msp432e4/driverlib/lib/ccs/m4f/msp432e4_driverlib.a" -llibc.a 
<Linking>
Finished building target: "uartecho_MSP_EXP432E401Y_nortos_ccs.out"
 

**** Build Finished ****

**** Build of configuration Debug for project uartecho_MSP_EXP432E401Y_nortos_ccs ****

"C:\\ti\\ccs1200\\ccs\\utils\\bin\\gmake" -k -j 12 all -O 
 
gmake[1]: 'uartecho_MSP_EXP432E401Y_nortos_ccs.out' is up to date.

**** Build Finished ****

**** Build of configuration Debug for project uartecho_MSP_EXP432E401Y_nortos_ccs ****

"C:\\ti\\ccs1200\\ccs\\utils\\bin\\gmake" -k -j 12 all -O 
 
Building file: "../main_nortos.c"
Invoking: Arm Compiler
"C:/ti/ccs1200/ccs/tools/compiler/ti-cgt-arm_20.2.7.LTS/bin/armcl" -mv7M4 --code_state=16 --float_support=FPv4SPD16 -me --include_path="D:/workspace/uartecho_MSP_EXP432E401Y_nortos_ccs" --include_path="D:/workspace/uartecho_MSP_EXP432E401Y_nortos_ccs/Debug" --include_path="C:/ti/simplelink_msp432e4_sdk_4_20_00_12/source" --include_path="C:/ti/simplelink_msp432e4_sdk_4_20_00_12/source/third_party/CMSIS/Include" --include_path="C:/ti/simplelink_msp432e4_sdk_4_20_00_12/kernel/nortos" --include_path="C:/ti/simplelink_msp432e4_sdk_4_20_00_12/kernel/nortos/posix" --include_path="C:/ti/ccs1200/ccs/tools/compiler/ti-cgt-arm_20.2.7.LTS/include" --advice:power=none -g --diag_warning=225 --diag_warning=255 --diag_wrap=off --display_error_number --gen_func_subsections=on --preproc_with_compile --preproc_dependency="main_nortos.d_raw" --include_path="D:/workspace/uartecho_MSP_EXP432E401Y_nortos_ccs/Debug/syscfg"  "../main_nortos.c"
Finished building: "../main_nortos.c"
 
Building file: "../uartecho.c"
Invoking: Arm Compiler
"C:/ti/ccs1200/ccs/tools/compiler/ti-cgt-arm_20.2.7.LTS/bin/armcl" -mv7M4 --code_state=16 --float_support=FPv4SPD16 -me --include_path="D:/workspace/uartecho_MSP_EXP432E401Y_nortos_ccs" --include_path="D:/workspace/uartecho_MSP_EXP432E401Y_nortos_ccs/Debug" --include_path="C:/ti/simplelink_msp432e4_sdk_4_20_00_12/source" --include_path="C:/ti/simplelink_msp432e4_sdk_4_20_00_12/source/third_party/CMSIS/Include" --include_path="C:/ti/simplelink_msp432e4_sdk_4_20_00_12/kernel/nortos" --include_path="C:/ti/simplelink_msp432e4_sdk_4_20_00_12/kernel/nortos/posix" --include_path="C:/ti/ccs1200/ccs/tools/compiler/ti-cgt-arm_20.2.7.LTS/include" --advice:power=none -g --diag_warning=225 --diag_warning=255 --diag_wrap=off --display_error_number --gen_func_subsections=on --preproc_with_compile --preproc_dependency="uartecho.d_raw" --include_path="D:/workspace/uartecho_MSP_EXP432E401Y_nortos_ccs/Debug/syscfg"  "../uartecho.c"
Finished building: "../uartecho.c"
 
Building target: "uartecho_MSP_EXP432E401Y_nortos_ccs.out"
Invoking: Arm Linker
"C:/ti/ccs1200/ccs/tools/compiler/ti-cgt-arm_20.2.7.LTS/bin/armcl" -mv7M4 --code_state=16 --float_support=FPv4SPD16 -me --advice:power=none -g --diag_warning=225 --diag_warning=255 --diag_wrap=off --display_error_number --gen_func_subsections=on -z -m"uartecho_MSP_EXP432E401Y_nortos_ccs.map" -i"C:/ti/simplelink_msp432e4_sdk_4_20_00_12/source" -i"C:/ti/simplelink_msp432e4_sdk_4_20_00_12/kernel/nortos" -i"C:/ti/ccs1200/ccs/tools/compiler/ti-cgt-arm_20.2.7.LTS/lib" --diag_suppress=10063 --diag_wrap=off --display_error_number --warn_sections --xml_link_info="uartecho_MSP_EXP432E401Y_nortos_ccs_linkInfo.xml" --entry_point=resetISR --rom_model -o "uartecho_MSP_EXP432E401Y_nortos_ccs.out" "./main_nortos.obj" "./uartecho.obj" "./syscfg/ti_drivers_config.obj" "../MSP_EXP432E401Y_NoRTOS.cmd"  -l"ti/display/lib/display.aem4f" -l"ti/grlib/lib/ccs/m4f/grlib.a" -l"third_party/spiffs/lib/ccs/m4f/spiffs.a" -l"ti/drivers/lib/drivers_msp432e4.aem4f" -l"third_party/fatfs/lib/ccs/m4f/fatfs.a" -l"lib/nortos_msp432e4.aem4f" -l"ti/devices/msp432e4/driverlib/lib/ccs/m4f/msp432e4_driverlib.a" -llibc.a 
<Linking>
Finished building target: "uartecho_MSP_EXP432E401Y_nortos_ccs.out"
 

**** Build Finished ****

**** Build of configuration Debug for project uartecho_MSP_EXP432E401Y_nortos_ccs ****

"C:\\ti\\ccs1200\\ccs\\utils\\bin\\gmake" -k -j 12 all -O 
 
gmake[1]: 'uartecho_MSP_EXP432E401Y_nortos_ccs.out' is up to date.

**** Build Finished ****

**** Build of configuration Debug for project uartecho_MSP_EXP432E401Y_nortos_ccs ****

"C:\\ti\\ccs1200\\ccs\\utils\\bin\\gmake" -k -j 12 all -O 
 
gmake[1]: 'uartecho_MSP_EXP432E401Y_nortos_ccs.out' is up to date.

**** Build Finished ****

**** Build of configuration Debug for project uartecho_MSP_EXP432E401Y_nortos_ccs ****

"C:\\ti\\ccs1200\\ccs\\utils\\bin\\gmake" -k -j 12 all -O 
 
gmake[1]: 'uartecho_MSP_EXP432E401Y_nortos_ccs.out' is up to date.

**** Build Finished ****

**** Build of configuration Debug for project uartecho_MSP_EXP432E401Y_nortos_ccs ****

"C:\\ti\\ccs1200\\ccs\\utils\\bin\\gmake" -k -j 12 all -O 
 
gmake[1]: 'uartecho_MSP_EXP432E401Y_nortos_ccs.out' is up to date.

**** Build Finished ****

**** Build of configuration Debug for project uartecho_MSP_EXP432E401Y_nortos_ccs ****

"C:\\ti\\ccs1200\\ccs\\utils\\bin\\gmake" -k -j 12 all -O 
 
Building file: "../main_nortos.c"
Invoking: Arm Compiler
"C:/ti/ccs1200/ccs/tools/compiler/ti-cgt-arm_20.2.7.LTS/bin/armcl" -mv7M4 --code_state=16 --float_support=FPv4SPD16 -me --include_path="D:/workspace/uartecho_MSP_EXP432E401Y_nortos_ccs" --include_path="D:/workspace/uartecho_MSP_EXP432E401Y_nortos_ccs/Debug" --include_path="C:/ti/simplelink_msp432e4_sdk_4_20_00_12/source" --include_path="C:/ti/simplelink_msp432e4_sdk_4_20_00_12/source/third_party/CMSIS/Include" --include_path="C:/ti/simplelink_msp432e4_sdk_4_20_00_12/kernel/nortos" --include_path="C:/ti/simplelink_msp432e4_sdk_4_20_00_12/kernel/nortos/posix" --include_path="C:/ti/ccs1200/ccs/tools/compiler/ti-cgt-arm_20.2.7.LTS/include" --advice:power=none -g --diag_warning=225 --diag_warning=255 --diag_wrap=off --display_error_number --gen_func_subsections=on --preproc_with_compile --preproc_dependency="main_nortos.d_raw" --include_path="D:/workspace/uartecho_MSP_EXP432E401Y_nortos_ccs/Debug/syscfg"  "../main_nortos.c"
Finished building: "../main_nortos.c"
 
Building file: "../uartecho.c"
Invoking: Arm Compiler
"C:/ti/ccs1200/ccs/tools/compiler/ti-cgt-arm_20.2.7.LTS/bin/armcl" -mv7M4 --code_state=16 --float_support=FPv4SPD16 -me --include_path="D:/workspace/uartecho_MSP_EXP432E401Y_nortos_ccs" --include_path="D:/workspace/uartecho_MSP_EXP432E401Y_nortos_ccs/Debug" --include_path="C:/ti/simplelink_msp432e4_sdk_4_20_00_12/source" --include_path="C:/ti/simplelink_msp432e4_sdk_4_20_00_12/source/third_party/CMSIS/Include" --include_path="C:/ti/simplelink_msp432e4_sdk_4_20_00_12/kernel/nortos" --include_path="C:/ti/simplelink_msp432e4_sdk_4_20_00_12/kernel/nortos/posix" --include_path="C:/ti/ccs1200/ccs/tools/compiler/ti-cgt-arm_20.2.7.LTS/include" --advice:power=none -g --diag_warning=225 --diag_warning=255 --diag_wrap=off --display_error_number --gen_func_subsections=on --preproc_with_compile --preproc_dependency="uartecho.d_raw" --include_path="D:/workspace/uartecho_MSP_EXP432E401Y_nortos_ccs/Debug/syscfg"  "../uartecho.c"
"../uartecho.c", line 104: warning #190-D: enumerated type mixed with another type
Finished building: "../uartecho.c"
 
Building target: "uartecho_MSP_EXP432E401Y_nortos_ccs.out"
Invoking: Arm Linker
"C:/ti/ccs1200/ccs/tools/compiler/ti-cgt-arm_20.2.7.LTS/bin/armcl" -mv7M4 --code_state=16 --float_support=FPv4SPD16 -me --advice:power=none -g --diag_warning=225 --diag_warning=255 --diag_wrap=off --display_error_number --gen_func_subsections=on -z -m"uartecho_MSP_EXP432E401Y_nortos_ccs.map" -i"C:/ti/simplelink_msp432e4_sdk_4_20_00_12/source" -i"C:/ti/simplelink_msp432e4_sdk_4_20_00_12/kernel/nortos" -i"C:/ti/ccs1200/ccs/tools/compiler/ti-cgt-arm_20.2.7.LTS/lib" --diag_suppress=10063 --diag_wrap=off --display_error_number --warn_sections --xml_link_info="uartecho_MSP_EXP432E401Y_nortos_ccs_linkInfo.xml" --entry_point=resetISR --rom_model -o "uartecho_MSP_EXP432E401Y_nortos_ccs.out" "./main_nortos.obj" "./uartecho.obj" "./syscfg/ti_drivers_config.obj" "../MSP_EXP432E401Y_NoRTOS.cmd"  -l"ti/display/lib/display.aem4f" -l"ti/grlib/lib/ccs/m4f/grlib.a" -l"third_party/spiffs/lib/ccs/m4f/spiffs.a" -l"ti/drivers/lib/drivers_msp432e4.aem4f" -l"third_party/fatfs/lib/ccs/m4f/fatfs.a" -l"lib/nortos_msp432e4.aem4f" -l"ti/devices/msp432e4/driverlib/lib/ccs/m4f/msp432e4_driverlib.a" -llibc.a 
<Linking>
Finished building target: "uartecho_MSP_EXP432E401Y_nortos_ccs.out"
 

**** Build Finished ****

**** Build of configuration Debug for project uartecho_MSP_EXP432E401Y_nortos_ccs ****

"C:\\ti\\ccs1200\\ccs\\utils\\bin\\gmake" -k -j 12 all -O 
 
Building file: "../uartecho.c"
Invoking: Arm Compiler
"C:/ti/ccs1200/ccs/tools/compiler/ti-cgt-arm_20.2.7.LTS/bin/armcl" -mv7M4 --code_state=16 --float_support=FPv4SPD16 -me --include_path="D:/workspace/uartecho_MSP_EXP432E401Y_nortos_ccs" --include_path="D:/workspace/uartecho_MSP_EXP432E401Y_nortos_ccs/Debug" --include_path="C:/ti/simplelink_msp432e4_sdk_4_20_00_12/source" --include_path="C:/ti/simplelink_msp432e4_sdk_4_20_00_12/source/third_party/CMSIS/Include" --include_path="C:/ti/simplelink_msp432e4_sdk_4_20_00_12/kernel/nortos" --include_path="C:/ti/simplelink_msp432e4_sdk_4_20_00_12/kernel/nortos/posix" --include_path="C:/ti/ccs1200/ccs/tools/compiler/ti-cgt-arm_20.2.7.LTS/include" --advice:power=none -g --diag_warning=225 --diag_warning=255 --diag_wrap=off --display_error_number --gen_func_subsections=on --preproc_with_compile --preproc_dependency="uartecho.d_raw" --include_path="D:/workspace/uartecho_MSP_EXP432E401Y_nortos_ccs/Debug/syscfg"  "../uartecho.c"
Finished building: "../uartecho.c"
 
Building target: "uartecho_MSP_EXP432E401Y_nortos_ccs.out"
Invoking: Arm Linker
"C:/ti/ccs1200/ccs/tools/compiler/ti-cgt-arm_20.2.7.LTS/bin/armcl" -mv7M4 --code_state=16 --float_support=FPv4SPD16 -me --advice:power=none -g --diag_warning=225 --diag_warning=255 --diag_wrap=off --display_error_number --gen_func_subsections=on -z -m"uartecho_MSP_EXP432E401Y_nortos_ccs.map" -i"C:/ti/simplelink_msp432e4_sdk_4_20_00_12/source" -i"C:/ti/simplelink_msp432e4_sdk_4_20_00_12/kernel/nortos" -i"C:/ti/ccs1200/ccs/tools/compiler/ti-cgt-arm_20.2.7.LTS/lib" --diag_suppress=10063 --diag_wrap=off --display_error_number --warn_sections --xml_link_info="uartecho_MSP_EXP432E401Y_nortos_ccs_linkInfo.xml" --entry_point=resetISR --rom_model -o "uartecho_MSP_EXP432E401Y_nortos_ccs.out" "./main_nortos.obj" "./uartecho.obj" "./syscfg/ti_drivers_config.obj" "../MSP_EXP432E401Y_NoRTOS.cmd"  -l"ti/display/lib/display.aem4f" -l"ti/grlib/lib/ccs/m4f/grlib.a" -l"third_party/spiffs/lib/ccs/m4f/spiffs.a" -l"ti/drivers/lib/drivers_msp432e4.aem4f" -l"third_party/fatfs/lib/ccs/m4f/fatfs.a" -l"lib/nortos_msp432e4.aem4f" -l"ti/devices/msp432e4/driverlib/lib/ccs/m4f/msp432e4_driverlib.a" -llibc.a 
<Linking>
Finished building target: "uartecho_MSP_EXP432E401Y_nortos_ccs.out"
 

**** Build Finished ****

**** Build of configuration Debug for project uartecho_MSP_EXP432E401Y_nortos_ccs ****

"C:\\ti\\ccs1200\\ccs\\utils\\bin\\gmake" -k -j 12 all -O 
 
Building file: "../uartecho.c"
Invoking: Arm Compiler
"C:/ti/ccs1200/ccs/tools/compiler/ti-cgt-arm_20.2.7.LTS/bin/armcl" -mv7M4 --code_state=16 --float_support=FPv4SPD16 -me --include_path="D:/workspace/uartecho_MSP_EXP432E401Y_nortos_ccs" --include_path="D:/workspace/uartecho_MSP_EXP432E401Y_nortos_ccs/Debug" --include_path="C:/ti/simplelink_msp432e4_sdk_4_20_00_12/source" --include_path="C:/ti/simplelink_msp432e4_sdk_4_20_00_12/source/third_party/CMSIS/Include" --include_path="C:/ti/simplelink_msp432e4_sdk_4_20_00_12/kernel/nortos" --include_path="C:/ti/simplelink_msp432e4_sdk_4_20_00_12/kernel/nortos/posix" --include_path="C:/ti/ccs1200/ccs/tools/compiler/ti-cgt-arm_20.2.7.LTS/include" --advice:power=none -g --diag_warning=225 --diag_warning=255 --diag_wrap=off --display_error_number --gen_func_subsections=on --preproc_with_compile --preproc_dependency="uartecho.d_raw" --include_path="D:/workspace/uartecho_MSP_EXP432E401Y_nortos_ccs/Debug/syscfg"  "../uartecho.c"
Finished building: "../uartecho.c"
 
Building target: "uartecho_MSP_EXP432E401Y_nortos_ccs.out"
Invoking: Arm Linker
"C:/ti/ccs1200/ccs/tools/compiler/ti-cgt-arm_20.2.7.LTS/bin/armcl" -mv7M4 --code_state=16 --float_support=FPv4SPD16 -me --advice:power=none -g --diag_warning=225 --diag_warning=255 --diag_wrap=off --display_error_number --gen_func_subsections=on -z -m"uartecho_MSP_EXP432E401Y_nortos_ccs.map" -i"C:/ti/simplelink_msp432e4_sdk_4_20_00_12/source" -i"C:/ti/simplelink_msp432e4_sdk_4_20_00_12/kernel/nortos" -i"C:/ti/ccs1200/ccs/tools/compiler/ti-cgt-arm_20.2.7.LTS/lib" --diag_suppress=10063 --diag_wrap=off --display_error_number --warn_sections --xml_link_info="uartecho_MSP_EXP432E401Y_nortos_ccs_linkInfo.xml" --entry_point=resetISR --rom_model -o "uartecho_MSP_EXP432E401Y_nortos_ccs.out" "./main_nortos.obj" "./uartecho.obj" "./syscfg/ti_drivers_config.obj" "../MSP_EXP432E401Y_NoRTOS.cmd"  -l"ti/display/lib/display.aem4f" -l"ti/grlib/lib/ccs/m4f/grlib.a" -l"third_party/spiffs/lib/ccs/m4f/spiffs.a" -l"ti/drivers/lib/drivers_msp432e4.aem4f" -l"third_party/fatfs/lib/ccs/m4f/fatfs.a" -l"lib/nortos_msp432e4.aem4f" -l"ti/devices/msp432e4/driverlib/lib/ccs/m4f/msp432e4_driverlib.a" -llibc.a 
<Linking>
Finished building target: "uartecho_MSP_EXP432E401Y_nortos_ccs.out"
 

**** Build Finished ****

**** Build of configuration Debug for project uartecho_MSP_EXP432E401Y_nortos_ccs ****

"C:\\ti\\ccs1200\\ccs\\utils\\bin\\gmake" -k -j 12 all -O 
 
gmake[1]: 'uartecho_MSP_EXP432E401Y_nortos_ccs.out' is up to date.

**** Build Finished ****

**** Build of configuration Debug for project uartecho_MSP_EXP432E401Y_nortos_ccs ****

"C:\\ti\\ccs1200\\ccs\\utils\\bin\\gmake" -k -j 12 all -O 
 
Building file: "../uartecho.c"
Invoking: Arm Compiler
"C:/ti/ccs1200/ccs/tools/compiler/ti-cgt-arm_20.2.7.LTS/bin/armcl" -mv7M4 --code_state=16 --float_support=FPv4SPD16 -me --include_path="D:/workspace/uartecho_MSP_EXP432E401Y_nortos_ccs" --include_path="D:/workspace/uartecho_MSP_EXP432E401Y_nortos_ccs/Debug" --include_path="C:/ti/simplelink_msp432e4_sdk_4_20_00_12/source" --include_path="C:/ti/simplelink_msp432e4_sdk_4_20_00_12/source/third_party/CMSIS/Include" --include_path="C:/ti/simplelink_msp432e4_sdk_4_20_00_12/kernel/nortos" --include_path="C:/ti/simplelink_msp432e4_sdk_4_20_00_12/kernel/nortos/posix" --include_path="C:/ti/ccs1200/ccs/tools/compiler/ti-cgt-arm_20.2.7.LTS/include" --advice:power=none -g --diag_warning=225 --diag_warning=255 --diag_wrap=off --display_error_number --gen_func_subsections=on --preproc_with_compile --preproc_dependency="uartecho.d_raw" --include_path="D:/workspace/uartecho_MSP_EXP432E401Y_nortos_ccs/Debug/syscfg"  "../uartecho.c"
"../uartecho.c", line 60: warning #179-D: variable "helpPrompt" was declared but never referenced
Finished building: "../uartecho.c"
 
Building target: "uartecho_MSP_EXP432E401Y_nortos_ccs.out"
Invoking: Arm Linker
"C:/ti/ccs1200/ccs/tools/compiler/ti-cgt-arm_20.2.7.LTS/bin/armcl" -mv7M4 --code_state=16 --float_support=FPv4SPD16 -me --advice:power=none -g --diag_warning=225 --diag_warning=255 --diag_wrap=off --display_error_number --gen_func_subsections=on -z -m"uartecho_MSP_EXP432E401Y_nortos_ccs.map" -i"C:/ti/simplelink_msp432e4_sdk_4_20_00_12/source" -i"C:/ti/simplelink_msp432e4_sdk_4_20_00_12/kernel/nortos" -i"C:/ti/ccs1200/ccs/tools/compiler/ti-cgt-arm_20.2.7.LTS/lib" --diag_suppress=10063 --diag_wrap=off --display_error_number --warn_sections --xml_link_info="uartecho_MSP_EXP432E401Y_nortos_ccs_linkInfo.xml" --entry_point=resetISR --rom_model -o "uartecho_MSP_EXP432E401Y_nortos_ccs.out" "./main_nortos.obj" "./uartecho.obj" "./syscfg/ti_drivers_config.obj" "../MSP_EXP432E401Y_NoRTOS.cmd"  -l"ti/display/lib/display.aem4f" -l"ti/grlib/lib/ccs/m4f/grlib.a" -l"third_party/spiffs/lib/ccs/m4f/spiffs.a" -l"ti/drivers/lib/drivers_msp432e4.aem4f" -l"third_party/fatfs/lib/ccs/m4f/fatfs.a" -l"lib/nortos_msp432e4.aem4f" -l"ti/devices/msp432e4/driverlib/lib/ccs/m4f/msp432e4_driverlib.a" -llibc.a 
<Linking>
Finished building target: "uartecho_MSP_EXP432E401Y_nortos_ccs.out"
 

**** Build Finished ****

**** Build of configuration Debug for project uartecho_MSP_EXP432E401Y_nortos_ccs ****

"C:\\ti\\ccs1200\\ccs\\utils\\bin\\gmake" -k -j 12 all -O 
 
Building file: "../uartecho.c"
Invoking: Arm Compiler
"C:/ti/ccs1200/ccs/tools/compiler/ti-cgt-arm_20.2.7.LTS/bin/armcl" -mv7M4 --code_state=16 --float_support=FPv4SPD16 -me --include_path="D:/workspace/uartecho_MSP_EXP432E401Y_nortos_ccs" --include_path="D:/workspace/uartecho_MSP_EXP432E401Y_nortos_ccs/Debug" --include_path="C:/ti/simplelink_msp432e4_sdk_4_20_00_12/source" --include_path="C:/ti/simplelink_msp432e4_sdk_4_20_00_12/source/third_party/CMSIS/Include" --include_path="C:/ti/simplelink_msp432e4_sdk_4_20_00_12/kernel/nortos" --include_path="C:/ti/simplelink_msp432e4_sdk_4_20_00_12/kernel/nortos/posix" --include_path="C:/ti/ccs1200/ccs/tools/compiler/ti-cgt-arm_20.2.7.LTS/include" --advice:power=none -g --diag_warning=225 --diag_warning=255 --diag_wrap=off --display_error_number --gen_func_subsections=on --preproc_with_compile --preproc_dependency="uartecho.d_raw" --include_path="D:/workspace/uartecho_MSP_EXP432E401Y_nortos_ccs/Debug/syscfg"  "../uartecho.c"
Finished building: "../uartecho.c"
 
Building target: "uartecho_MSP_EXP432E401Y_nortos_ccs.out"
Invoking: Arm Linker
"C:/ti/ccs1200/ccs/tools/compiler/ti-cgt-arm_20.2.7.LTS/bin/armcl" -mv7M4 --code_state=16 --float_support=FPv4SPD16 -me --advice:power=none -g --diag_warning=225 --diag_warning=255 --diag_wrap=off --display_error_number --gen_func_subsections=on -z -m"uartecho_MSP_EXP432E401Y_nortos_ccs.map" -i"C:/ti/simplelink_msp432e4_sdk_4_20_00_12/source" -i"C:/ti/simplelink_msp432e4_sdk_4_20_00_12/kernel/nortos" -i"C:/ti/ccs1200/ccs/tools/compiler/ti-cgt-arm_20.2.7.LTS/lib" --diag_suppress=10063 --diag_wrap=off --display_error_number --warn_sections --xml_link_info="uartecho_MSP_EXP432E401Y_nortos_ccs_linkInfo.xml" --entry_point=resetISR --rom_model -o "uartecho_MSP_EXP432E401Y_nortos_ccs.out" "./main_nortos.obj" "./uartecho.obj" "./syscfg/ti_drivers_config.obj" "../MSP_EXP432E401Y_NoRTOS.cmd"  -l"ti/display/lib/display.aem4f" -l"ti/grlib/lib/ccs/m4f/grlib.a" -l"third_party/spiffs/lib/ccs/m4f/spiffs.a" -l"ti/drivers/lib/drivers_msp432e4.aem4f" -l"third_party/fatfs/lib/ccs/m4f/fatfs.a" -l"lib/nortos_msp432e4.aem4f" -l"ti/devices/msp432e4/driverlib/lib/ccs/m4f/msp432e4_driverlib.a" -llibc.a 
<Linking>
Finished building target: "uartecho_MSP_EXP432E401Y_nortos_ccs.out"
 

**** Build Finished ****

**** Build of configuration Debug for project uartecho_MSP_EXP432E401Y_nortos_ccs ****

"C:\\ti\\ccs1200\\ccs\\utils\\bin\\gmake" -k -j 12 all -O 
 
gmake[1]: 'uartecho_MSP_EXP432E401Y_nortos_ccs.out' is up to date.

**** Build Finished ****

**** Build of configuration Debug for project uartecho_MSP_EXP432E401Y_nortos_ccs ****

"C:\\ti\\ccs1200\\ccs\\utils\\bin\\gmake" -k -j 12 all -O 
 
gmake[1]: 'uartecho_MSP_EXP432E401Y_nortos_ccs.out' is up to date.

**** Build Finished ****

**** Build of configuration Debug for project uartecho_MSP_EXP432E401Y_nortos_ccs ****

"C:\\ti\\ccs1200\\ccs\\utils\\bin\\gmake" -k -j 12 all -O 
 
Building file: "../main_nortos.c"
Invoking: Arm Compiler
"C:/ti/ccs1200/ccs/tools/compiler/ti-cgt-arm_20.2.7.LTS/bin/armcl" -mv7M4 --code_state=16 --float_support=FPv4SPD16 -me --include_path="D:/workspace/uartecho_MSP_EXP432E401Y_nortos_ccs" --include_path="D:/workspace/uartecho_MSP_EXP432E401Y_nortos_ccs/Debug" --include_path="C:/ti/simplelink_msp432e4_sdk_4_20_00_12/source" --include_path="C:/ti/simplelink_msp432e4_sdk_4_20_00_12/source/third_party/CMSIS/Include" --include_path="C:/ti/simplelink_msp432e4_sdk_4_20_00_12/kernel/nortos" --include_path="C:/ti/simplelink_msp432e4_sdk_4_20_00_12/kernel/nortos/posix" --include_path="C:/ti/ccs1200/ccs/tools/compiler/ti-cgt-arm_20.2.7.LTS/include" --advice:power=none -g --diag_warning=225 --diag_warning=255 --diag_wrap=off --display_error_number --gen_func_subsections=on --preproc_with_compile --preproc_dependency="main_nortos.d_raw" --include_path="D:/workspace/uartecho_MSP_EXP432E401Y_nortos_ccs/Debug/syscfg"  "../main_nortos.c"
Finished building: "../main_nortos.c"
 
Building file: "../uartecho.c"
Invoking: Arm Compiler
"C:/ti/ccs1200/ccs/tools/compiler/ti-cgt-arm_20.2.7.LTS/bin/armcl" -mv7M4 --code_state=16 --float_support=FPv4SPD16 -me --include_path="D:/workspace/uartecho_MSP_EXP432E401Y_nortos_ccs" --include_path="D:/workspace/uartecho_MSP_EXP432E401Y_nortos_ccs/Debug" --include_path="C:/ti/simplelink_msp432e4_sdk_4_20_00_12/source" --include_path="C:/ti/simplelink_msp432e4_sdk_4_20_00_12/source/third_party/CMSIS/Include" --include_path="C:/ti/simplelink_msp432e4_sdk_4_20_00_12/kernel/nortos" --include_path="C:/ti/simplelink_msp432e4_sdk_4_20_00_12/kernel/nortos/posix" --include_path="C:/ti/ccs1200/ccs/tools/compiler/ti-cgt-arm_20.2.7.LTS/include" --advice:power=none -g --diag_warning=225 --diag_warning=255 --diag_wrap=off --display_error_number --gen_func_subsections=on --preproc_with_compile --preproc_dependency="uartecho.d_raw" --include_path="D:/workspace/uartecho_MSP_EXP432E401Y_nortos_ccs/Debug/syscfg"  "../uartecho.c"
Finished building: "../uartecho.c"
 
Building target: "uartecho_MSP_EXP432E401Y_nortos_ccs.out"
Invoking: Arm Linker
"C:/ti/ccs1200/ccs/tools/compiler/ti-cgt-arm_20.2.7.LTS/bin/armcl" -mv7M4 --code_state=16 --float_support=FPv4SPD16 -me --advice:power=none -g --diag_warning=225 --diag_warning=255 --diag_wrap=off --display_error_number --gen_func_subsections=on -z -m"uartecho_MSP_EXP432E401Y_nortos_ccs.map" -i"C:/ti/simplelink_msp432e4_sdk_4_20_00_12/source" -i"C:/ti/simplelink_msp432e4_sdk_4_20_00_12/kernel/nortos" -i"C:/ti/ccs1200/ccs/tools/compiler/ti-cgt-arm_20.2.7.LTS/lib" --diag_suppress=10063 --diag_wrap=off --display_error_number --warn_sections --xml_link_info="uartecho_MSP_EXP432E401Y_nortos_ccs_linkInfo.xml" --entry_point=resetISR --rom_model -o "uartecho_MSP_EXP432E401Y_nortos_ccs.out" "./main_nortos.obj" "./uartecho.obj" "./syscfg/ti_drivers_config.obj" "../MSP_EXP432E401Y_NoRTOS.cmd"  -l"ti/display/lib/display.aem4f" -l"ti/grlib/lib/ccs/m4f/grlib.a" -l"third_party/spiffs/lib/ccs/m4f/spiffs.a" -l"ti/drivers/lib/drivers_msp432e4.aem4f" -l"third_party/fatfs/lib/ccs/m4f/fatfs.a" -l"lib/nortos_msp432e4.aem4f" -l"ti/devices/msp432e4/driverlib/lib/ccs/m4f/msp432e4_driverlib.a" -llibc.a 
<Linking>
Finished building target: "uartecho_MSP_EXP432E401Y_nortos_ccs.out"
 

**** Build Finished ****

**** Build of configuration Debug for project uartecho_MSP_EXP432E401Y_nortos_ccs ****

"C:\\ti\\ccs1200\\ccs\\utils\\bin\\gmake" -k -j 12 all -O 
 
gmake[1]: 'uartecho_MSP_EXP432E401Y_nortos_ccs.out' is up to date.

**** Build Finished ****

**** Build of configuration Debug for project uartecho_MSP_EXP432E401Y_nortos_ccs ****

"C:\\ti\\ccs1200\\ccs\\utils\\bin\\gmake" -k -j 12 all -O 
 
Building file: "../uartecho.c"
Invoking: Arm Compiler
"C:/ti/ccs1200/ccs/tools/compiler/ti-cgt-arm_20.2.7.LTS/bin/armcl" -mv7M4 --code_state=16 --float_support=FPv4SPD16 -me --include_path="D:/workspace/uartecho_MSP_EXP432E401Y_nortos_ccs" --include_path="D:/workspace/uartecho_MSP_EXP432E401Y_nortos_ccs/Debug" --include_path="C:/ti/simplelink_msp432e4_sdk_4_20_00_12/source" --include_path="C:/ti/simplelink_msp432e4_sdk_4_20_00_12/source/third_party/CMSIS/Include" --include_path="C:/ti/simplelink_msp432e4_sdk_4_20_00_12/kernel/nortos" --include_path="C:/ti/simplelink_msp432e4_sdk_4_20_00_12/kernel/nortos/posix" --include_path="C:/ti/ccs1200/ccs/tools/compiler/ti-cgt-arm_20.2.7.LTS/include" --advice:power=none -g --diag_warning=225 --diag_warning=255 --diag_wrap=off --display_error_number --gen_func_subsections=on --preproc_with_compile --preproc_dependency="uartecho.d_raw" --include_path="D:/workspace/uartecho_MSP_EXP432E401Y_nortos_ccs/Debug/syscfg"  "../uartecho.c"
"../uartecho.c", line 125: warning #169-D: argument of type "const char *" is incompatible with parameter of type "char *__restrict__"
Finished building: "../uartecho.c"
 
Building target: "uartecho_MSP_EXP432E401Y_nortos_ccs.out"
Invoking: Arm Linker
"C:/ti/ccs1200/ccs/tools/compiler/ti-cgt-arm_20.2.7.LTS/bin/armcl" -mv7M4 --code_state=16 --float_support=FPv4SPD16 -me --advice:power=none -g --diag_warning=225 --diag_warning=255 --diag_wrap=off --display_error_number --gen_func_subsections=on -z -m"uartecho_MSP_EXP432E401Y_nortos_ccs.map" -i"C:/ti/simplelink_msp432e4_sdk_4_20_00_12/source" -i"C:/ti/simplelink_msp432e4_sdk_4_20_00_12/kernel/nortos" -i"C:/ti/ccs1200/ccs/tools/compiler/ti-cgt-arm_20.2.7.LTS/lib" --diag_suppress=10063 --diag_wrap=off --display_error_number --warn_sections --xml_link_info="uartecho_MSP_EXP432E401Y_nortos_ccs_linkInfo.xml" --entry_point=resetISR --rom_model -o "uartecho_MSP_EXP432E401Y_nortos_ccs.out" "./main_nortos.obj" "./uartecho.obj" "./syscfg/ti_drivers_config.obj" "../MSP_EXP432E401Y_NoRTOS.cmd"  -l"ti/display/lib/display.aem4f" -l"ti/grlib/lib/ccs/m4f/grlib.a" -l"third_party/spiffs/lib/ccs/m4f/spiffs.a" -l"ti/drivers/lib/drivers_msp432e4.aem4f" -l"third_party/fatfs/lib/ccs/m4f/fatfs.a" -l"lib/nortos_msp432e4.aem4f" -l"ti/devices/msp432e4/driverlib/lib/ccs/m4f/msp432e4_driverlib.a" -llibc.a 
<Linking>
Finished building target: "uartecho_MSP_EXP432E401Y_nortos_ccs.out"
 

**** Build Finished ****

**** Build of configuration Debug for project uartecho_MSP_EXP432E401Y_nortos_ccs ****

"C:\\ti\\ccs1200\\ccs\\utils\\bin\\gmake" -k -j 12 all -O 
 
Building file: "../uartecho.c"
Invoking: Arm Compiler
"C:/ti/ccs1200/ccs/tools/compiler/ti-cgt-arm_20.2.7.LTS/bin/armcl" -mv7M4 --code_state=16 --float_support=FPv4SPD16 -me --include_path="D:/workspace/uartecho_MSP_EXP432E401Y_nortos_ccs" --include_path="D:/workspace/uartecho_MSP_EXP432E401Y_nortos_ccs/Debug" --include_path="C:/ti/simplelink_msp432e4_sdk_4_20_00_12/source" --include_path="C:/ti/simplelink_msp432e4_sdk_4_20_00_12/source/third_party/CMSIS/Include" --include_path="C:/ti/simplelink_msp432e4_sdk_4_20_00_12/kernel/nortos" --include_path="C:/ti/simplelink_msp432e4_sdk_4_20_00_12/kernel/nortos/posix" --include_path="C:/ti/ccs1200/ccs/tools/compiler/ti-cgt-arm_20.2.7.LTS/include" --advice:power=none -g --diag_warning=225 --diag_warning=255 --diag_wrap=off --display_error_number --gen_func_subsections=on --preproc_with_compile --preproc_dependency="uartecho.d_raw" --include_path="D:/workspace/uartecho_MSP_EXP432E401Y_nortos_ccs/Debug/syscfg"  "../uartecho.c"
"../uartecho.c", line 127: warning #169-D: argument of type "const char *" is incompatible with parameter of type "char *__restrict__"
Finished building: "../uartecho.c"
 
Building target: "uartecho_MSP_EXP432E401Y_nortos_ccs.out"
Invoking: Arm Linker
"C:/ti/ccs1200/ccs/tools/compiler/ti-cgt-arm_20.2.7.LTS/bin/armcl" -mv7M4 --code_state=16 --float_support=FPv4SPD16 -me --advice:power=none -g --diag_warning=225 --diag_warning=255 --diag_wrap=off --display_error_number --gen_func_subsections=on -z -m"uartecho_MSP_EXP432E401Y_nortos_ccs.map" -i"C:/ti/simplelink_msp432e4_sdk_4_20_00_12/source" -i"C:/ti/simplelink_msp432e4_sdk_4_20_00_12/kernel/nortos" -i"C:/ti/ccs1200/ccs/tools/compiler/ti-cgt-arm_20.2.7.LTS/lib" --diag_suppress=10063 --diag_wrap=off --display_error_number --warn_sections --xml_link_info="uartecho_MSP_EXP432E401Y_nortos_ccs_linkInfo.xml" --entry_point=resetISR --rom_model -o "uartecho_MSP_EXP432E401Y_nortos_ccs.out" "./main_nortos.obj" "./uartecho.obj" "./syscfg/ti_drivers_config.obj" "../MSP_EXP432E401Y_NoRTOS.cmd"  -l"ti/display/lib/display.aem4f" -l"ti/grlib/lib/ccs/m4f/grlib.a" -l"third_party/spiffs/lib/ccs/m4f/spiffs.a" -l"ti/drivers/lib/drivers_msp432e4.aem4f" -l"third_party/fatfs/lib/ccs/m4f/fatfs.a" -l"lib/nortos_msp432e4.aem4f" -l"ti/devices/msp432e4/driverlib/lib/ccs/m4f/msp432e4_driverlib.a" -llibc.a 
<Linking>
Finished building target: "uartecho_MSP_EXP432E401Y_nortos_ccs.out"
 

**** Build Finished ****

**** Build of configuration Debug for project uartecho_MSP_EXP432E401Y_nortos_ccs ****

"C:\\ti\\ccs1200\\ccs\\utils\\bin\\gmake" -k -j 12 all -O 
 
Building file: "../uartecho.c"
Invoking: Arm Compiler
"C:/ti/ccs1200/ccs/tools/compiler/ti-cgt-arm_20.2.7.LTS/bin/armcl" -mv7M4 --code_state=16 --float_support=FPv4SPD16 -me --include_path="D:/workspace/uartecho_MSP_EXP432E401Y_nortos_ccs" --include_path="D:/workspace/uartecho_MSP_EXP432E401Y_nortos_ccs/Debug" --include_path="C:/ti/simplelink_msp432e4_sdk_4_20_00_12/source" --include_path="C:/ti/simplelink_msp432e4_sdk_4_20_00_12/source/third_party/CMSIS/Include" --include_path="C:/ti/simplelink_msp432e4_sdk_4_20_00_12/kernel/nortos" --include_path="C:/ti/simplelink_msp432e4_sdk_4_20_00_12/kernel/nortos/posix" --include_path="C:/ti/ccs1200/ccs/tools/compiler/ti-cgt-arm_20.2.7.LTS/include" --advice:power=none -g --diag_warning=225 --diag_warning=255 --diag_wrap=off --display_error_number --gen_func_subsections=on --preproc_with_compile --preproc_dependency="uartecho.d_raw" --include_path="D:/workspace/uartecho_MSP_EXP432E401Y_nortos_ccs/Debug/syscfg"  "../uartecho.c"
 
>> Compilation failure
subdir_rules.mk:9: recipe for target 'uartecho.obj' failed
"../uartecho.c", line 126: error #20: identifier "prompt" is undefined
1 error detected in the compilation of "../uartecho.c".
gmake: *** [uartecho.obj] Error 1
gmake: Target 'all' not remade because of errors.

**** Build Finished ****

**** Build of configuration Debug for project uartecho_MSP_EXP432E401Y_nortos_ccs ****

"C:\\ti\\ccs1200\\ccs\\utils\\bin\\gmake" -k -j 12 all -O 
 
Building file: "../uartecho.c"
Invoking: Arm Compiler
"C:/ti/ccs1200/ccs/tools/compiler/ti-cgt-arm_20.2.7.LTS/bin/armcl" -mv7M4 --code_state=16 --float_support=FPv4SPD16 -me --include_path="D:/workspace/uartecho_MSP_EXP432E401Y_nortos_ccs" --include_path="D:/workspace/uartecho_MSP_EXP432E401Y_nortos_ccs/Debug" --include_path="C:/ti/simplelink_msp432e4_sdk_4_20_00_12/source" --include_path="C:/ti/simplelink_msp432e4_sdk_4_20_00_12/source/third_party/CMSIS/Include" --include_path="C:/ti/simplelink_msp432e4_sdk_4_20_00_12/kernel/nortos" --include_path="C:/ti/simplelink_msp432e4_sdk_4_20_00_12/kernel/nortos/posix" --include_path="C:/ti/ccs1200/ccs/tools/compiler/ti-cgt-arm_20.2.7.LTS/include" --advice:power=none -g --diag_warning=225 --diag_warning=255 --diag_wrap=off --display_error_number --gen_func_subsections=on --preproc_with_compile --preproc_dependency="uartecho.d_raw" --include_path="D:/workspace/uartecho_MSP_EXP432E401Y_nortos_ccs/Debug/syscfg"  "../uartecho.c"
 
>> Compilation failure
subdir_rules.mk:9: recipe for target 'uartecho.obj' failed
"../uartecho.c", line 64: error #20: identifier "UART_handle" is undefined
"../uartecho.c", line 64: error #20: identifier "u" is undefined
"../uartecho.c", line 117: warning #169-D: argument of type "UART_Handle" is incompatible with parameter of type "UART_Handle *"
"../uartecho.c", line 127: warning #169-D: argument of type "UART_Handle *" is incompatible with parameter of type "UART_Handle"
2 errors detected in the compilation of "../uartecho.c".
gmake: *** [uartecho.obj] Error 1
gmake: Target 'all' not remade because of errors.

**** Build Finished ****

**** Build of configuration Debug for project uartecho_MSP_EXP432E401Y_nortos_ccs ****

"C:\\ti\\ccs1200\\ccs\\utils\\bin\\gmake" -k -j 12 all -O 
 
Building file: "../uartecho.c"
Invoking: Arm Compiler
"C:/ti/ccs1200/ccs/tools/compiler/ti-cgt-arm_20.2.7.LTS/bin/armcl" -mv7M4 --code_state=16 --float_support=FPv4SPD16 -me --include_path="D:/workspace/uartecho_MSP_EXP432E401Y_nortos_ccs" --include_path="D:/workspace/uartecho_MSP_EXP432E401Y_nortos_ccs/Debug" --include_path="C:/ti/simplelink_msp432e4_sdk_4_20_00_12/source" --include_path="C:/ti/simplelink_msp432e4_sdk_4_20_00_12/source/third_party/CMSIS/Include" --include_path="C:/ti/simplelink_msp432e4_sdk_4_20_00_12/kernel/nortos" --include_path="C:/ti/simplelink_msp432e4_sdk_4_20_00_12/kernel/nortos/posix" --include_path="C:/ti/ccs1200/ccs/tools/compiler/ti-cgt-arm_20.2.7.LTS/include" --advice:power=none -g --diag_warning=225 --diag_warning=255 --diag_wrap=off --display_error_number --gen_func_subsections=on --preproc_with_compile --preproc_dependency="uartecho.d_raw" --include_path="D:/workspace/uartecho_MSP_EXP432E401Y_nortos_ccs/Debug/syscfg"  "../uartecho.c"
 
>> Compilation failure
subdir_rules.mk:9: recipe for target 'uartecho.obj' failed
"../uartecho.c", line 64: error #20: identifier "UART_handle" is undefined
"../uartecho.c", line 64: error #20: identifier "u" is undefined
"../uartecho.c", line 117: warning #169-D: argument of type "UART_Handle" is incompatible with parameter of type "UART_Handle *"
"../uartecho.c", line 127: warning #169-D: argument of type "UART_Handle **" is incompatible with parameter of type "UART_Handle"
2 errors detected in the compilation of "../uartecho.c".
gmake: *** [uartecho.obj] Error 1
gmake: Target 'all' not remade because of errors.

**** Build Finished ****

**** Build of configuration Debug for project uartecho_MSP_EXP432E401Y_nortos_ccs ****

"C:\\ti\\ccs1200\\ccs\\utils\\bin\\gmake" -k -j 12 all -O 
 
Building file: "../uartecho.c"
Invoking: Arm Compiler
"C:/ti/ccs1200/ccs/tools/compiler/ti-cgt-arm_20.2.7.LTS/bin/armcl" -mv7M4 --code_state=16 --float_support=FPv4SPD16 -me --include_path="D:/workspace/uartecho_MSP_EXP432E401Y_nortos_ccs" --include_path="D:/workspace/uartecho_MSP_EXP432E401Y_nortos_ccs/Debug" --include_path="C:/ti/simplelink_msp432e4_sdk_4_20_00_12/source" --include_path="C:/ti/simplelink_msp432e4_sdk_4_20_00_12/source/third_party/CMSIS/Include" --include_path="C:/ti/simplelink_msp432e4_sdk_4_20_00_12/kernel/nortos" --include_path="C:/ti/simplelink_msp432e4_sdk_4_20_00_12/kernel/nortos/posix" --include_path="C:/ti/ccs1200/ccs/tools/compiler/ti-cgt-arm_20.2.7.LTS/include" --advice:power=none -g --diag_warning=225 --diag_warning=255 --diag_wrap=off --display_error_number --gen_func_subsections=on --preproc_with_compile --preproc_dependency="uartecho.d_raw" --include_path="D:/workspace/uartecho_MSP_EXP432E401Y_nortos_ccs/Debug/syscfg"  "../uartecho.c"
 
>> Compilation failure
subdir_rules.mk:9: recipe for target 'uartecho.obj' failed
"../uartecho.c", line 64: error #20: identifier "UART_handle" is undefined
"../uartecho.c", line 64: error #20: identifier "u" is undefined
"../uartecho.c", line 117: warning #169-D: argument of type "UART_Handle" is incompatible with parameter of type "UART_Handle *"
"../uartecho.c", line 127: warning #169-D: argument of type "UART_Handle *" is incompatible with parameter of type "UART_Handle"
2 errors detected in the compilation of "../uartecho.c".
gmake: *** [uartecho.obj] Error 1
gmake: Target 'all' not remade because of errors.

**** Build Finished ****

**** Build of configuration Debug for project uartecho_MSP_EXP432E401Y_nortos_ccs ****

"C:\\ti\\ccs1200\\ccs\\utils\\bin\\gmake" -k -j 12 all -O 
 
Building file: "../uartecho.c"
Invoking: Arm Compiler
"C:/ti/ccs1200/ccs/tools/compiler/ti-cgt-arm_20.2.7.LTS/bin/armcl" -mv7M4 --code_state=16 --float_support=FPv4SPD16 -me --include_path="D:/workspace/uartecho_MSP_EXP432E401Y_nortos_ccs" --include_path="D:/workspace/uartecho_MSP_EXP432E401Y_nortos_ccs/Debug" --include_path="C:/ti/simplelink_msp432e4_sdk_4_20_00_12/source" --include_path="C:/ti/simplelink_msp432e4_sdk_4_20_00_12/source/third_party/CMSIS/Include" --include_path="C:/ti/simplelink_msp432e4_sdk_4_20_00_12/kernel/nortos" --include_path="C:/ti/simplelink_msp432e4_sdk_4_20_00_12/kernel/nortos/posix" --include_path="C:/ti/ccs1200/ccs/tools/compiler/ti-cgt-arm_20.2.7.LTS/include" --advice:power=none -g --diag_warning=225 --diag_warning=255 --diag_wrap=off --display_error_number --gen_func_subsections=on --preproc_with_compile --preproc_dependency="uartecho.d_raw" --include_path="D:/workspace/uartecho_MSP_EXP432E401Y_nortos_ccs/Debug/syscfg"  "../uartecho.c"
 
>> Compilation failure
subdir_rules.mk:9: recipe for target 'uartecho.obj' failed
"../uartecho.c", line 64: error #20: identifier "UART_handle" is undefined
"../uartecho.c", line 64: error #20: identifier "u" is undefined
"../uartecho.c", line 117: warning #169-D: argument of type "UART_Handle" is incompatible with parameter of type "UART_Handle *"
"../uartecho.c", line 121: error #148: declaration is incompatible with "void printAbout(UART_Handle *)" (declared at line 50)
3 errors detected in the compilation of "../uartecho.c".
gmake: *** [uartecho.obj] Error 1
gmake: Target 'all' not remade because of errors.

**** Build Finished ****

**** Build of configuration Debug for project uartecho_MSP_EXP432E401Y_nortos_ccs ****

"C:\\ti\\ccs1200\\ccs\\utils\\bin\\gmake" -k -j 12 all -O 
 
Building file: "../uartecho.c"
Invoking: Arm Compiler
"C:/ti/ccs1200/ccs/tools/compiler/ti-cgt-arm_20.2.7.LTS/bin/armcl" -mv7M4 --code_state=16 --float_support=FPv4SPD16 -me --include_path="D:/workspace/uartecho_MSP_EXP432E401Y_nortos_ccs" --include_path="D:/workspace/uartecho_MSP_EXP432E401Y_nortos_ccs/Debug" --include_path="C:/ti/simplelink_msp432e4_sdk_4_20_00_12/source" --include_path="C:/ti/simplelink_msp432e4_sdk_4_20_00_12/source/third_party/CMSIS/Include" --include_path="C:/ti/simplelink_msp432e4_sdk_4_20_00_12/kernel/nortos" --include_path="C:/ti/simplelink_msp432e4_sdk_4_20_00_12/kernel/nortos/posix" --include_path="C:/ti/ccs1200/ccs/tools/compiler/ti-cgt-arm_20.2.7.LTS/include" --advice:power=none -g --diag_warning=225 --diag_warning=255 --diag_wrap=off --display_error_number --gen_func_subsections=on --preproc_with_compile --preproc_dependency="uartecho.d_raw" --include_path="D:/workspace/uartecho_MSP_EXP432E401Y_nortos_ccs/Debug/syscfg"  "../uartecho.c"
 
>> Compilation failure
subdir_rules.mk:9: recipe for target 'uartecho.obj' failed
"../uartecho.c", line 64: error #20: identifier "UART_handle" is undefined
"../uartecho.c", line 64: error #20: identifier "u" is undefined
"../uartecho.c", line 117: warning #169-D: argument of type "UART_Handle" is incompatible with parameter of type "UART_Handle *"
"../uartecho.c", line 121: error #148: declaration is incompatible with "void printAbout(UART_Handle *)" (declared at line 50)
3 errors detected in the compilation of "../uartecho.c".
gmake: *** [uartecho.obj] Error 1
gmake: Target 'all' not remade because of errors.

**** Build Finished ****

**** Build of configuration Debug for project uartecho_MSP_EXP432E401Y_nortos_ccs ****

"C:\\ti\\ccs1200\\ccs\\utils\\bin\\gmake" -k -j 12 all -O 
 
Building file: "../uartecho.c"
Invoking: Arm Compiler
"C:/ti/ccs1200/ccs/tools/compiler/ti-cgt-arm_20.2.7.LTS/bin/armcl" -mv7M4 --code_state=16 --float_support=FPv4SPD16 -me --include_path="D:/workspace/uartecho_MSP_EXP432E401Y_nortos_ccs" --include_path="D:/workspace/uartecho_MSP_EXP432E401Y_nortos_ccs/Debug" --include_path="C:/ti/simplelink_msp432e4_sdk_4_20_00_12/source" --include_path="C:/ti/simplelink_msp432e4_sdk_4_20_00_12/source/third_party/CMSIS/Include" --include_path="C:/ti/simplelink_msp432e4_sdk_4_20_00_12/kernel/nortos" --include_path="C:/ti/simplelink_msp432e4_sdk_4_20_00_12/kernel/nortos/posix" --include_path="C:/ti/ccs1200/ccs/tools/compiler/ti-cgt-arm_20.2.7.LTS/include" --advice:power=none -g --diag_warning=225 --diag_warning=255 --diag_wrap=off --display_error_number --gen_func_subsections=on --preproc_with_compile --preproc_dependency="uartecho.d_raw" --include_path="D:/workspace/uartecho_MSP_EXP432E401Y_nortos_ccs/Debug/syscfg"  "../uartecho.c"
"../uartecho.c", line 97: warning #169-D: argument of type "UART_Handle *" is incompatible with parameter of type "UART_Handle"
Finished building: "../uartecho.c"
 
Building target: "uartecho_MSP_EXP432E401Y_nortos_ccs.out"
Invoking: Arm Linker
"C:/ti/ccs1200/ccs/tools/compiler/ti-cgt-arm_20.2.7.LTS/bin/armcl" -mv7M4 --code_state=16 --float_support=FPv4SPD16 -me --advice:power=none -g --diag_warning=225 --diag_warning=255 --diag_wrap=off --display_error_number --gen_func_subsections=on -z -m"uartecho_MSP_EXP432E401Y_nortos_ccs.map" -i"C:/ti/simplelink_msp432e4_sdk_4_20_00_12/source" -i"C:/ti/simplelink_msp432e4_sdk_4_20_00_12/kernel/nortos" -i"C:/ti/ccs1200/ccs/tools/compiler/ti-cgt-arm_20.2.7.LTS/lib" --diag_suppress=10063 --diag_wrap=off --display_error_number --warn_sections --xml_link_info="uartecho_MSP_EXP432E401Y_nortos_ccs_linkInfo.xml" --entry_point=resetISR --rom_model -o "uartecho_MSP_EXP432E401Y_nortos_ccs.out" "./main_nortos.obj" "./uartecho.obj" "./syscfg/ti_drivers_config.obj" "../MSP_EXP432E401Y_NoRTOS.cmd"  -l"ti/display/lib/display.aem4f" -l"ti/grlib/lib/ccs/m4f/grlib.a" -l"third_party/spiffs/lib/ccs/m4f/spiffs.a" -l"ti/drivers/lib/drivers_msp432e4.aem4f" -l"third_party/fatfs/lib/ccs/m4f/fatfs.a" -l"lib/nortos_msp432e4.aem4f" -l"ti/devices/msp432e4/driverlib/lib/ccs/m4f/msp432e4_driverlib.a" -llibc.a 
<Linking>
Finished building target: "uartecho_MSP_EXP432E401Y_nortos_ccs.out"
 

**** Build Finished ****

**** Build of configuration Debug for project uartecho_MSP_EXP432E401Y_nortos_ccs ****

"C:\\ti\\ccs1200\\ccs\\utils\\bin\\gmake" -k -j 12 all -O 
 
Building file: "../uartecho.c"
Invoking: Arm Compiler
"C:/ti/ccs1200/ccs/tools/compiler/ti-cgt-arm_20.2.7.LTS/bin/armcl" -mv7M4 --code_state=16 --float_support=FPv4SPD16 -me --include_path="D:/workspace/uartecho_MSP_EXP432E401Y_nortos_ccs" --include_path="D:/workspace/uartecho_MSP_EXP432E401Y_nortos_ccs/Debug" --include_path="C:/ti/simplelink_msp432e4_sdk_4_20_00_12/source" --include_path="C:/ti/simplelink_msp432e4_sdk_4_20_00_12/source/third_party/CMSIS/Include" --include_path="C:/ti/simplelink_msp432e4_sdk_4_20_00_12/kernel/nortos" --include_path="C:/ti/simplelink_msp432e4_sdk_4_20_00_12/kernel/nortos/posix" --include_path="C:/ti/ccs1200/ccs/tools/compiler/ti-cgt-arm_20.2.7.LTS/include" --advice:power=none -g --diag_warning=225 --diag_warning=255 --diag_wrap=off --display_error_number --gen_func_subsections=on --preproc_with_compile --preproc_dependency="uartecho.d_raw" --include_path="D:/workspace/uartecho_MSP_EXP432E401Y_nortos_ccs/Debug/syscfg"  "../uartecho.c"
Finished building: "../uartecho.c"
 
Building target: "uartecho_MSP_EXP432E401Y_nortos_ccs.out"
Invoking: Arm Linker
"C:/ti/ccs1200/ccs/tools/compiler/ti-cgt-arm_20.2.7.LTS/bin/armcl" -mv7M4 --code_state=16 --float_support=FPv4SPD16 -me --advice:power=none -g --diag_warning=225 --diag_warning=255 --diag_wrap=off --display_error_number --gen_func_subsections=on -z -m"uartecho_MSP_EXP432E401Y_nortos_ccs.map" -i"C:/ti/simplelink_msp432e4_sdk_4_20_00_12/source" -i"C:/ti/simplelink_msp432e4_sdk_4_20_00_12/kernel/nortos" -i"C:/ti/ccs1200/ccs/tools/compiler/ti-cgt-arm_20.2.7.LTS/lib" --diag_suppress=10063 --diag_wrap=off --display_error_number --warn_sections --xml_link_info="uartecho_MSP_EXP432E401Y_nortos_ccs_linkInfo.xml" --entry_point=resetISR --rom_model -o "uartecho_MSP_EXP432E401Y_nortos_ccs.out" "./main_nortos.obj" "./uartecho.obj" "./syscfg/ti_drivers_config.obj" "../MSP_EXP432E401Y_NoRTOS.cmd"  -l"ti/display/lib/display.aem4f" -l"ti/grlib/lib/ccs/m4f/grlib.a" -l"third_party/spiffs/lib/ccs/m4f/spiffs.a" -l"ti/drivers/lib/drivers_msp432e4.aem4f" -l"third_party/fatfs/lib/ccs/m4f/fatfs.a" -l"lib/nortos_msp432e4.aem4f" -l"ti/devices/msp432e4/driverlib/lib/ccs/m4f/msp432e4_driverlib.a" -llibc.a 
<Linking>
Finished building target: "uartecho_MSP_EXP432E401Y_nortos_ccs.out"
 

**** Build Finished ****

**** Build of configuration Debug for project uartecho_MSP_EXP432E401Y_nortos_ccs ****

"C:\\ti\\ccs1200\\ccs\\utils\\bin\\gmake" -k -j 12 all -O 
 
gmake[1]: 'uartecho_MSP_EXP432E401Y_nortos_ccs.out' is up to date.

**** Build Finished ****

**** Build of configuration Debug for project uartecho_MSP_EXP432E401Y_nortos_ccs ****

"C:\\ti\\ccs1200\\ccs\\utils\\bin\\gmake" -k -j 12 all -O 
 
Building file: "../uartecho.c"
Invoking: Arm Compiler
"C:/ti/ccs1200/ccs/tools/compiler/ti-cgt-arm_20.2.7.LTS/bin/armcl" -mv7M4 --code_state=16 --float_support=FPv4SPD16 -me --include_path="D:/workspace/uartecho_MSP_EXP432E401Y_nortos_ccs" --include_path="D:/workspace/uartecho_MSP_EXP432E401Y_nortos_ccs/Debug" --include_path="C:/ti/simplelink_msp432e4_sdk_4_20_00_12/source" --include_path="C:/ti/simplelink_msp432e4_sdk_4_20_00_12/source/third_party/CMSIS/Include" --include_path="C:/ti/simplelink_msp432e4_sdk_4_20_00_12/kernel/nortos" --include_path="C:/ti/simplelink_msp432e4_sdk_4_20_00_12/kernel/nortos/posix" --include_path="C:/ti/ccs1200/ccs/tools/compiler/ti-cgt-arm_20.2.7.LTS/include" --advice:power=none -g --diag_warning=225 --diag_warning=255 --diag_wrap=off --display_error_number --gen_func_subsections=on --preproc_with_compile --preproc_dependency="uartecho.d_raw" --include_path="D:/workspace/uartecho_MSP_EXP432E401Y_nortos_ccs/Debug/syscfg"  "../uartecho.c"
Finished building: "../uartecho.c"
 
Building target: "uartecho_MSP_EXP432E401Y_nortos_ccs.out"
Invoking: Arm Linker
"C:/ti/ccs1200/ccs/tools/compiler/ti-cgt-arm_20.2.7.LTS/bin/armcl" -mv7M4 --code_state=16 --float_support=FPv4SPD16 -me --advice:power=none -g --diag_warning=225 --diag_warning=255 --diag_wrap=off --display_error_number --gen_func_subsections=on -z -m"uartecho_MSP_EXP432E401Y_nortos_ccs.map" -i"C:/ti/simplelink_msp432e4_sdk_4_20_00_12/source" -i"C:/ti/simplelink_msp432e4_sdk_4_20_00_12/kernel/nortos" -i"C:/ti/ccs1200/ccs/tools/compiler/ti-cgt-arm_20.2.7.LTS/lib" --diag_suppress=10063 --diag_wrap=off --display_error_number --warn_sections --xml_link_info="uartecho_MSP_EXP432E401Y_nortos_ccs_linkInfo.xml" --entry_point=resetISR --rom_model -o "uartecho_MSP_EXP432E401Y_nortos_ccs.out" "./main_nortos.obj" "./uartecho.obj" "./syscfg/ti_drivers_config.obj" "../MSP_EXP432E401Y_NoRTOS.cmd"  -l"ti/display/lib/display.aem4f" -l"ti/grlib/lib/ccs/m4f/grlib.a" -l"third_party/spiffs/lib/ccs/m4f/spiffs.a" -l"ti/drivers/lib/drivers_msp432e4.aem4f" -l"third_party/fatfs/lib/ccs/m4f/fatfs.a" -l"lib/nortos_msp432e4.aem4f" -l"ti/devices/msp432e4/driverlib/lib/ccs/m4f/msp432e4_driverlib.a" -llibc.a 
<Linking>
Finished building target: "uartecho_MSP_EXP432E401Y_nortos_ccs.out"
 

**** Build Finished ****

**** Build of configuration Debug for project uartecho_MSP_EXP432E401Y_nortos_ccs ****

"C:\\ti\\ccs1200\\ccs\\utils\\bin\\gmake" -k -j 12 all -O 
 
gmake[1]: 'uartecho_MSP_EXP432E401Y_nortos_ccs.out' is up to date.

**** Build Finished ****

**** Build of configuration Debug for project uartecho_MSP_EXP432E401Y_nortos_ccs ****

"C:\\ti\\ccs1200\\ccs\\utils\\bin\\gmake" -k -j 12 all -O 
 
Building file: "../uartecho.c"
Invoking: Arm Compiler
"C:/ti/ccs1200/ccs/tools/compiler/ti-cgt-arm_20.2.7.LTS/bin/armcl" -mv7M4 --code_state=16 --float_support=FPv4SPD16 -me --include_path="D:/workspace/uartecho_MSP_EXP432E401Y_nortos_ccs" --include_path="D:/workspace/uartecho_MSP_EXP432E401Y_nortos_ccs/Debug" --include_path="C:/ti/simplelink_msp432e4_sdk_4_20_00_12/source" --include_path="C:/ti/simplelink_msp432e4_sdk_4_20_00_12/source/third_party/CMSIS/Include" --include_path="C:/ti/simplelink_msp432e4_sdk_4_20_00_12/kernel/nortos" --include_path="C:/ti/simplelink_msp432e4_sdk_4_20_00_12/kernel/nortos/posix" --include_path="C:/ti/ccs1200/ccs/tools/compiler/ti-cgt-arm_20.2.7.LTS/include" --advice:power=none -g --diag_warning=225 --diag_warning=255 --diag_wrap=off --display_error_number --gen_func_subsections=on --preproc_with_compile --preproc_dependency="uartecho.d_raw" --include_path="D:/workspace/uartecho_MSP_EXP432E401Y_nortos_ccs/Debug/syscfg"  "../uartecho.c"
Finished building: "../uartecho.c"
 
Building target: "uartecho_MSP_EXP432E401Y_nortos_ccs.out"
Invoking: Arm Linker
"C:/ti/ccs1200/ccs/tools/compiler/ti-cgt-arm_20.2.7.LTS/bin/armcl" -mv7M4 --code_state=16 --float_support=FPv4SPD16 -me --advice:power=none -g --diag_warning=225 --diag_warning=255 --diag_wrap=off --display_error_number --gen_func_subsections=on -z -m"uartecho_MSP_EXP432E401Y_nortos_ccs.map" -i"C:/ti/simplelink_msp432e4_sdk_4_20_00_12/source" -i"C:/ti/simplelink_msp432e4_sdk_4_20_00_12/kernel/nortos" -i"C:/ti/ccs1200/ccs/tools/compiler/ti-cgt-arm_20.2.7.LTS/lib" --diag_suppress=10063 --diag_wrap=off --display_error_number --warn_sections --xml_link_info="uartecho_MSP_EXP432E401Y_nortos_ccs_linkInfo.xml" --entry_point=resetISR --rom_model -o "uartecho_MSP_EXP432E401Y_nortos_ccs.out" "./main_nortos.obj" "./uartecho.obj" "./syscfg/ti_drivers_config.obj" "../MSP_EXP432E401Y_NoRTOS.cmd"  -l"ti/display/lib/display.aem4f" -l"ti/grlib/lib/ccs/m4f/grlib.a" -l"third_party/spiffs/lib/ccs/m4f/spiffs.a" -l"ti/drivers/lib/drivers_msp432e4.aem4f" -l"third_party/fatfs/lib/ccs/m4f/fatfs.a" -l"lib/nortos_msp432e4.aem4f" -l"ti/devices/msp432e4/driverlib/lib/ccs/m4f/msp432e4_driverlib.a" -llibc.a 
<Linking>
Finished building target: "uartecho_MSP_EXP432E401Y_nortos_ccs.out"
 

**** Build Finished ****

**** Build of configuration Debug for project uartecho_MSP_EXP432E401Y_nortos_ccs ****

"C:\\ti\\ccs1200\\ccs\\utils\\bin\\gmake" -k -j 12 all -O 
 
gmake[1]: 'uartecho_MSP_EXP432E401Y_nortos_ccs.out' is up to date.

**** Build Finished ****

**** Build of configuration Debug for project uartecho_MSP_EXP432E401Y_nortos_ccs ****

"C:\\ti\\ccs1200\\ccs\\utils\\bin\\gmake" -k -j 12 all -O 
 
gmake[1]: 'uartecho_MSP_EXP432E401Y_nortos_ccs.out' is up to date.

**** Build Finished ****

**** Build of configuration Debug for project uartecho_MSP_EXP432E401Y_nortos_ccs ****

"C:\\ti\\ccs1200\\ccs\\utils\\bin\\gmake" -k -j 12 all -O 
 
gmake[1]: 'uartecho_MSP_EXP432E401Y_nortos_ccs.out' is up to date.

**** Build Finished ****

**** Build of configuration Debug for project uartecho_MSP_EXP432E401Y_nortos_ccs ****

"C:\\ti\\ccs1200\\ccs\\utils\\bin\\gmake" -k -j 12 all -O 
 
gmake[1]: 'uartecho_MSP_EXP432E401Y_nortos_ccs.out' is up to date.

**** Build Finished ****

**** Build of configuration Debug for project uartecho_MSP_EXP432E401Y_nortos_ccs ****

"C:\\ti\\ccs1200\\ccs\\utils\\bin\\gmake" -k -j 12 all -O 
 
gmake[1]: 'uartecho_MSP_EXP432E401Y_nortos_ccs.out' is up to date.

**** Build Finished ****

**** Build of configuration Debug for project uartecho_MSP_EXP432E401Y_nortos_ccs ****

"C:\\ti\\ccs1200\\ccs\\utils\\bin\\gmake" -k -j 12 all -O 
 
Building file: "../uartecho.c"
Invoking: Arm Compiler
"C:/ti/ccs1200/ccs/tools/compiler/ti-cgt-arm_20.2.7.LTS/bin/armcl" -mv7M4 --code_state=16 --float_support=FPv4SPD16 -me --include_path="D:/workspace/uartecho_MSP_EXP432E401Y_nortos_ccs" --include_path="D:/workspace/uartecho_MSP_EXP432E401Y_nortos_ccs/Debug" --include_path="C:/ti/simplelink_msp432e4_sdk_4_20_00_12/source" --include_path="C:/ti/simplelink_msp432e4_sdk_4_20_00_12/source/third_party/CMSIS/Include" --include_path="C:/ti/simplelink_msp432e4_sdk_4_20_00_12/kernel/nortos" --include_path="C:/ti/simplelink_msp432e4_sdk_4_20_00_12/kernel/nortos/posix" --include_path="C:/ti/ccs1200/ccs/tools/compiler/ti-cgt-arm_20.2.7.LTS/include" --advice:power=none -g --diag_warning=225 --diag_warning=255 --diag_wrap=off --display_error_number --gen_func_subsections=on --preproc_with_compile --preproc_dependency="uartecho.d_raw" --include_path="D:/workspace/uartecho_MSP_EXP432E401Y_nortos_ccs/Debug/syscfg"  "../uartecho.c"
Finished building: "../uartecho.c"
 
Building target: "uartecho_MSP_EXP432E401Y_nortos_ccs.out"
Invoking: Arm Linker
"C:/ti/ccs1200/ccs/tools/compiler/ti-cgt-arm_20.2.7.LTS/bin/armcl" -mv7M4 --code_state=16 --float_support=FPv4SPD16 -me --advice:power=none -g --diag_warning=225 --diag_warning=255 --diag_wrap=off --display_error_number --gen_func_subsections=on -z -m"uartecho_MSP_EXP432E401Y_nortos_ccs.map" -i"C:/ti/simplelink_msp432e4_sdk_4_20_00_12/source" -i"C:/ti/simplelink_msp432e4_sdk_4_20_00_12/kernel/nortos" -i"C:/ti/ccs1200/ccs/tools/compiler/ti-cgt-arm_20.2.7.LTS/lib" --diag_suppress=10063 --diag_wrap=off --display_error_number --warn_sections --xml_link_info="uartecho_MSP_EXP432E401Y_nortos_ccs_linkInfo.xml" --entry_point=resetISR --rom_model -o "uartecho_MSP_EXP432E401Y_nortos_ccs.out" "./main_nortos.obj" "./uartecho.obj" "./syscfg/ti_drivers_config.obj" "../MSP_EXP432E401Y_NoRTOS.cmd"  -l"ti/display/lib/display.aem4f" -l"ti/grlib/lib/ccs/m4f/grlib.a" -l"third_party/spiffs/lib/ccs/m4f/spiffs.a" -l"ti/drivers/lib/drivers_msp432e4.aem4f" -l"third_party/fatfs/lib/ccs/m4f/fatfs.a" -l"lib/nortos_msp432e4.aem4f" -l"ti/devices/msp432e4/driverlib/lib/ccs/m4f/msp432e4_driverlib.a" -llibc.a 
<Linking>
Finished building target: "uartecho_MSP_EXP432E401Y_nortos_ccs.out"
 

**** Build Finished ****

**** Build of configuration Debug for project uartecho_MSP_EXP432E401Y_nortos_ccs ****

"C:\\ti\\ccs1200\\ccs\\utils\\bin\\gmake" -k -j 12 all -O 
 
gmake[1]: 'uartecho_MSP_EXP432E401Y_nortos_ccs.out' is up to date.

**** Build Finished ****

**** Build of configuration Debug for project uartecho_MSP_EXP432E401Y_nortos_ccs ****

"C:\\ti\\ccs1200\\ccs\\utils\\bin\\gmake" -k -j 12 all -O 
 
Building file: "../uartecho.c"
Invoking: Arm Compiler
"C:/ti/ccs1200/ccs/tools/compiler/ti-cgt-arm_20.2.7.LTS/bin/armcl" -mv7M4 --code_state=16 --float_support=FPv4SPD16 -me --include_path="D:/workspace/uartecho_MSP_EXP432E401Y_nortos_ccs" --include_path="D:/workspace/uartecho_MSP_EXP432E401Y_nortos_ccs/Debug" --include_path="C:/ti/simplelink_msp432e4_sdk_4_20_00_12/source" --include_path="C:/ti/simplelink_msp432e4_sdk_4_20_00_12/source/third_party/CMSIS/Include" --include_path="C:/ti/simplelink_msp432e4_sdk_4_20_00_12/kernel/nortos" --include_path="C:/ti/simplelink_msp432e4_sdk_4_20_00_12/kernel/nortos/posix" --include_path="C:/ti/ccs1200/ccs/tools/compiler/ti-cgt-arm_20.2.7.LTS/include" --advice:power=none -g --diag_warning=225 --diag_warning=255 --diag_wrap=off --display_error_number --gen_func_subsections=on --preproc_with_compile --preproc_dependency="uartecho.d_raw" --include_path="D:/workspace/uartecho_MSP_EXP432E401Y_nortos_ccs/Debug/syscfg"  "../uartecho.c"
 
>> Compilation failure
subdir_rules.mk:9: recipe for target 'uartecho.obj' failed
"../uartecho.c", line 114: error #76: operand of "*" must be a pointer
1 error detected in the compilation of "../uartecho.c".
gmake: *** [uartecho.obj] Error 1
gmake: Target 'all' not remade because of errors.

**** Build Finished ****

**** Build of configuration Debug for project uartecho_MSP_EXP432E401Y_nortos_ccs ****

"C:\\ti\\ccs1200\\ccs\\utils\\bin\\gmake" -k -j 12 all -O 
 
Building file: "../uartecho.c"
Invoking: Arm Compiler
"C:/ti/ccs1200/ccs/tools/compiler/ti-cgt-arm_20.2.7.LTS/bin/armcl" -mv7M4 --code_state=16 --float_support=FPv4SPD16 -me --include_path="D:/workspace/uartecho_MSP_EXP432E401Y_nortos_ccs" --include_path="D:/workspace/uartecho_MSP_EXP432E401Y_nortos_ccs/Debug" --include_path="C:/ti/simplelink_msp432e4_sdk_4_20_00_12/source" --include_path="C:/ti/simplelink_msp432e4_sdk_4_20_00_12/source/third_party/CMSIS/Include" --include_path="C:/ti/simplelink_msp432e4_sdk_4_20_00_12/kernel/nortos" --include_path="C:/ti/simplelink_msp432e4_sdk_4_20_00_12/kernel/nortos/posix" --include_path="C:/ti/ccs1200/ccs/tools/compiler/ti-cgt-arm_20.2.7.LTS/include" --advice:power=none -g --diag_warning=225 --diag_warning=255 --diag_wrap=off --display_error_number --gen_func_subsections=on --preproc_with_compile --preproc_dependency="uartecho.d_raw" --include_path="D:/workspace/uartecho_MSP_EXP432E401Y_nortos_ccs/Debug/syscfg"  "../uartecho.c"
"../uartecho.c", line 95: warning #169-D: argument of type "char (*)[128]" is incompatible with parameter of type "char *"
Finished building: "../uartecho.c"
 
Building target: "uartecho_MSP_EXP432E401Y_nortos_ccs.out"
Invoking: Arm Linker
"C:/ti/ccs1200/ccs/tools/compiler/ti-cgt-arm_20.2.7.LTS/bin/armcl" -mv7M4 --code_state=16 --float_support=FPv4SPD16 -me --advice:power=none -g --diag_warning=225 --diag_warning=255 --diag_wrap=off --display_error_number --gen_func_subsections=on -z -m"uartecho_MSP_EXP432E401Y_nortos_ccs.map" -i"C:/ti/simplelink_msp432e4_sdk_4_20_00_12/source" -i"C:/ti/simplelink_msp432e4_sdk_4_20_00_12/kernel/nortos" -i"C:/ti/ccs1200/ccs/tools/compiler/ti-cgt-arm_20.2.7.LTS/lib" --diag_suppress=10063 --diag_wrap=off --display_error_number --warn_sections --xml_link_info="uartecho_MSP_EXP432E401Y_nortos_ccs_linkInfo.xml" --entry_point=resetISR --rom_model -o "uartecho_MSP_EXP432E401Y_nortos_ccs.out" "./main_nortos.obj" "./uartecho.obj" "./syscfg/ti_drivers_config.obj" "../MSP_EXP432E401Y_NoRTOS.cmd"  -l"ti/display/lib/display.aem4f" -l"ti/grlib/lib/ccs/m4f/grlib.a" -l"third_party/spiffs/lib/ccs/m4f/spiffs.a" -l"ti/drivers/lib/drivers_msp432e4.aem4f" -l"third_party/fatfs/lib/ccs/m4f/fatfs.a" -l"lib/nortos_msp432e4.aem4f" -l"ti/devices/msp432e4/driverlib/lib/ccs/m4f/msp432e4_driverlib.a" -llibc.a 
<Linking>
Finished building target: "uartecho_MSP_EXP432E401Y_nortos_ccs.out"
 

**** Build Finished ****

**** Build of configuration Debug for project uartecho_MSP_EXP432E401Y_nortos_ccs ****

"C:\\ti\\ccs1200\\ccs\\utils\\bin\\gmake" -k -j 12 all -O 
 
Building file: "../uartecho.c"
Invoking: Arm Compiler
"C:/ti/ccs1200/ccs/tools/compiler/ti-cgt-arm_20.2.7.LTS/bin/armcl" -mv7M4 --code_state=16 --float_support=FPv4SPD16 -me --include_path="D:/workspace/uartecho_MSP_EXP432E401Y_nortos_ccs" --include_path="D:/workspace/uartecho_MSP_EXP432E401Y_nortos_ccs/Debug" --include_path="C:/ti/simplelink_msp432e4_sdk_4_20_00_12/source" --include_path="C:/ti/simplelink_msp432e4_sdk_4_20_00_12/source/third_party/CMSIS/Include" --include_path="C:/ti/simplelink_msp432e4_sdk_4_20_00_12/kernel/nortos" --include_path="C:/ti/simplelink_msp432e4_sdk_4_20_00_12/kernel/nortos/posix" --include_path="C:/ti/ccs1200/ccs/tools/compiler/ti-cgt-arm_20.2.7.LTS/include" --advice:power=none -g --diag_warning=225 --diag_warning=255 --diag_wrap=off --display_error_number --gen_func_subsections=on --preproc_with_compile --preproc_dependency="uartecho.d_raw" --include_path="D:/workspace/uartecho_MSP_EXP432E401Y_nortos_ccs/Debug/syscfg"  "../uartecho.c"
 
>> Compilation failure
subdir_rules.mk:9: recipe for target 'uartecho.obj' failed
"../uartecho.c", line 95: warning #169-D: argument of type "char (*)[128]" is incompatible with parameter of type "char *"
"../uartecho.c", line 112: error #148: declaration is incompatible with "void append(char *, char)" (declared at line 48)
"../uartecho.c", line 114: error #138-D: expression must be a modifiable lvalue
"../uartecho.c", line 115: error #138-D: expression must be a modifiable lvalue
3 errors detected in the compilation of "../uartecho.c".
gmake: *** [uartecho.obj] Error 1
gmake: Target 'all' not remade because of errors.

**** Build Finished ****

**** Build of configuration Debug for project uartecho_MSP_EXP432E401Y_nortos_ccs ****

"C:\\ti\\ccs1200\\ccs\\utils\\bin\\gmake" -k -j 12 all -O 
 
Building file: "../uartecho.c"
Invoking: Arm Compiler
"C:/ti/ccs1200/ccs/tools/compiler/ti-cgt-arm_20.2.7.LTS/bin/armcl" -mv7M4 --code_state=16 --float_support=FPv4SPD16 -me --include_path="D:/workspace/uartecho_MSP_EXP432E401Y_nortos_ccs" --include_path="D:/workspace/uartecho_MSP_EXP432E401Y_nortos_ccs/Debug" --include_path="C:/ti/simplelink_msp432e4_sdk_4_20_00_12/source" --include_path="C:/ti/simplelink_msp432e4_sdk_4_20_00_12/source/third_party/CMSIS/Include" --include_path="C:/ti/simplelink_msp432e4_sdk_4_20_00_12/kernel/nortos" --include_path="C:/ti/simplelink_msp432e4_sdk_4_20_00_12/kernel/nortos/posix" --include_path="C:/ti/ccs1200/ccs/tools/compiler/ti-cgt-arm_20.2.7.LTS/include" --advice:power=none -g --diag_warning=225 --diag_warning=255 --diag_wrap=off --display_error_number --gen_func_subsections=on --preproc_with_compile --preproc_dependency="uartecho.d_raw" --include_path="D:/workspace/uartecho_MSP_EXP432E401Y_nortos_ccs/Debug/syscfg"  "../uartecho.c"
 
>> Compilation failure
subdir_rules.mk:9: recipe for target 'uartecho.obj' failed
"../uartecho.c", line 95: warning #169-D: argument of type "char (*)[128]" is incompatible with parameter of type "char *"
"../uartecho.c", line 114: error #76: operand of "*" must be a pointer
"../uartecho.c", line 115: error #76: operand of "*" must be a pointer
2 errors detected in the compilation of "../uartecho.c".
gmake: *** [uartecho.obj] Error 1
gmake: Target 'all' not remade because of errors.

**** Build Finished ****

**** Build of configuration Debug for project uartecho_MSP_EXP432E401Y_nortos_ccs ****

"C:\\ti\\ccs1200\\ccs\\utils\\bin\\gmake" -k -j 12 all -O 
 
Building file: "../uartecho.c"
Invoking: Arm Compiler
"C:/ti/ccs1200/ccs/tools/compiler/ti-cgt-arm_20.2.7.LTS/bin/armcl" -mv7M4 --code_state=16 --float_support=FPv4SPD16 -me --include_path="D:/workspace/uartecho_MSP_EXP432E401Y_nortos_ccs" --include_path="D:/workspace/uartecho_MSP_EXP432E401Y_nortos_ccs/Debug" --include_path="C:/ti/simplelink_msp432e4_sdk_4_20_00_12/source" --include_path="C:/ti/simplelink_msp432e4_sdk_4_20_00_12/source/third_party/CMSIS/Include" --include_path="C:/ti/simplelink_msp432e4_sdk_4_20_00_12/kernel/nortos" --include_path="C:/ti/simplelink_msp432e4_sdk_4_20_00_12/kernel/nortos/posix" --include_path="C:/ti/ccs1200/ccs/tools/compiler/ti-cgt-arm_20.2.7.LTS/include" --advice:power=none -g --diag_warning=225 --diag_warning=255 --diag_wrap=off --display_error_number --gen_func_subsections=on --preproc_with_compile --preproc_dependency="uartecho.d_raw" --include_path="D:/workspace/uartecho_MSP_EXP432E401Y_nortos_ccs/Debug/syscfg"  "../uartecho.c"
 
>> Compilation failure
subdir_rules.mk:9: recipe for target 'uartecho.obj' failed
"../uartecho.c", line 114: error #76: operand of "*" must be a pointer
"../uartecho.c", line 115: error #76: operand of "*" must be a pointer
2 errors detected in the compilation of "../uartecho.c".
gmake: *** [uartecho.obj] Error 1
gmake: Target 'all' not remade because of errors.

**** Build Finished ****

**** Build of configuration Debug for project uartecho_MSP_EXP432E401Y_nortos_ccs ****

"C:\\ti\\ccs1200\\ccs\\utils\\bin\\gmake" -k -j 12 all -O 
 
Building file: "../uartecho.c"
Invoking: Arm Compiler
"C:/ti/ccs1200/ccs/tools/compiler/ti-cgt-arm_20.2.7.LTS/bin/armcl" -mv7M4 --code_state=16 --float_support=FPv4SPD16 -me --include_path="D:/workspace/uartecho_MSP_EXP432E401Y_nortos_ccs" --include_path="D:/workspace/uartecho_MSP_EXP432E401Y_nortos_ccs/Debug" --include_path="C:/ti/simplelink_msp432e4_sdk_4_20_00_12/source" --include_path="C:/ti/simplelink_msp432e4_sdk_4_20_00_12/source/third_party/CMSIS/Include" --include_path="C:/ti/simplelink_msp432e4_sdk_4_20_00_12/kernel/nortos" --include_path="C:/ti/simplelink_msp432e4_sdk_4_20_00_12/kernel/nortos/posix" --include_path="C:/ti/ccs1200/ccs/tools/compiler/ti-cgt-arm_20.2.7.LTS/include" --advice:power=none -g --diag_warning=225 --diag_warning=255 --diag_wrap=off --display_error_number --gen_func_subsections=on --preproc_with_compile --preproc_dependency="uartecho.d_raw" --include_path="D:/workspace/uartecho_MSP_EXP432E401Y_nortos_ccs/Debug/syscfg"  "../uartecho.c"
 
>> Compilation failure
subdir_rules.mk:9: recipe for target 'uartecho.obj' failed
"../uartecho.c", line 95: warning #169-D: argument of type "char (*)[128]" is incompatible with parameter of type "char *"
"../uartecho.c", line 114: error #76: operand of "*" must be a pointer
"../uartecho.c", line 115: error #76: operand of "*" must be a pointer
2 errors detected in the compilation of "../uartecho.c".
gmake: *** [uartecho.obj] Error 1
gmake: Target 'all' not remade because of errors.

**** Build Finished ****

**** Build of configuration Debug for project uartecho_MSP_EXP432E401Y_nortos_ccs ****

"C:\\ti\\ccs1200\\ccs\\utils\\bin\\gmake" -k -j 12 all -O 
 
Building file: "../uartecho.c"
Invoking: Arm Compiler
"C:/ti/ccs1200/ccs/tools/compiler/ti-cgt-arm_20.2.7.LTS/bin/armcl" -mv7M4 --code_state=16 --float_support=FPv4SPD16 -me --include_path="D:/workspace/uartecho_MSP_EXP432E401Y_nortos_ccs" --include_path="D:/workspace/uartecho_MSP_EXP432E401Y_nortos_ccs/Debug" --include_path="C:/ti/simplelink_msp432e4_sdk_4_20_00_12/source" --include_path="C:/ti/simplelink_msp432e4_sdk_4_20_00_12/source/third_party/CMSIS/Include" --include_path="C:/ti/simplelink_msp432e4_sdk_4_20_00_12/kernel/nortos" --include_path="C:/ti/simplelink_msp432e4_sdk_4_20_00_12/kernel/nortos/posix" --include_path="C:/ti/ccs1200/ccs/tools/compiler/ti-cgt-arm_20.2.7.LTS/include" --advice:power=none -g --diag_warning=225 --diag_warning=255 --diag_wrap=off --display_error_number --gen_func_subsections=on --preproc_with_compile --preproc_dependency="uartecho.d_raw" --include_path="D:/workspace/uartecho_MSP_EXP432E401Y_nortos_ccs/Debug/syscfg"  "../uartecho.c"
Finished building: "../uartecho.c"
 
Building target: "uartecho_MSP_EXP432E401Y_nortos_ccs.out"
Invoking: Arm Linker
"C:/ti/ccs1200/ccs/tools/compiler/ti-cgt-arm_20.2.7.LTS/bin/armcl" -mv7M4 --code_state=16 --float_support=FPv4SPD16 -me --advice:power=none -g --diag_warning=225 --diag_warning=255 --diag_wrap=off --display_error_number --gen_func_subsections=on -z -m"uartecho_MSP_EXP432E401Y_nortos_ccs.map" -i"C:/ti/simplelink_msp432e4_sdk_4_20_00_12/source" -i"C:/ti/simplelink_msp432e4_sdk_4_20_00_12/kernel/nortos" -i"C:/ti/ccs1200/ccs/tools/compiler/ti-cgt-arm_20.2.7.LTS/lib" --diag_suppress=10063 --diag_wrap=off --display_error_number --warn_sections --xml_link_info="uartecho_MSP_EXP432E401Y_nortos_ccs_linkInfo.xml" --entry_point=resetISR --rom_model -o "uartecho_MSP_EXP432E401Y_nortos_ccs.out" "./main_nortos.obj" "./uartecho.obj" "./syscfg/ti_drivers_config.obj" "../MSP_EXP432E401Y_NoRTOS.cmd"  -l"ti/display/lib/display.aem4f" -l"ti/grlib/lib/ccs/m4f/grlib.a" -l"third_party/spiffs/lib/ccs/m4f/spiffs.a" -l"ti/drivers/lib/drivers_msp432e4.aem4f" -l"third_party/fatfs/lib/ccs/m4f/fatfs.a" -l"lib/nortos_msp432e4.aem4f" -l"ti/devices/msp432e4/driverlib/lib/ccs/m4f/msp432e4_driverlib.a" -llibc.a 
<Linking>
Finished building target: "uartecho_MSP_EXP432E401Y_nortos_ccs.out"
 

**** Build Finished ****

**** Build of configuration Debug for project uartecho_MSP_EXP432E401Y_nortos_ccs ****

"C:\\ti\\ccs1200\\ccs\\utils\\bin\\gmake" -k -j 12 all -O 
 
Building file: "../uartecho.c"
Invoking: Arm Compiler
"C:/ti/ccs1200/ccs/tools/compiler/ti-cgt-arm_20.2.7.LTS/bin/armcl" -mv7M4 --code_state=16 --float_support=FPv4SPD16 -me --include_path="D:/workspace/uartecho_MSP_EXP432E401Y_nortos_ccs" --include_path="D:/workspace/uartecho_MSP_EXP432E401Y_nortos_ccs/Debug" --include_path="C:/ti/simplelink_msp432e4_sdk_4_20_00_12/source" --include_path="C:/ti/simplelink_msp432e4_sdk_4_20_00_12/source/third_party/CMSIS/Include" --include_path="C:/ti/simplelink_msp432e4_sdk_4_20_00_12/kernel/nortos" --include_path="C:/ti/simplelink_msp432e4_sdk_4_20_00_12/kernel/nortos/posix" --include_path="C:/ti/ccs1200/ccs/tools/compiler/ti-cgt-arm_20.2.7.LTS/include" --advice:power=none -g --diag_warning=225 --diag_warning=255 --diag_wrap=off --display_error_number --gen_func_subsections=on --preproc_with_compile --preproc_dependency="uartecho.d_raw" --include_path="D:/workspace/uartecho_MSP_EXP432E401Y_nortos_ccs/Debug/syscfg"  "../uartecho.c"
"../uartecho.c", line 61: warning #179-D: variable "helpPrompt" was declared but never referenced
Finished building: "../uartecho.c"
 
Building target: "uartecho_MSP_EXP432E401Y_nortos_ccs.out"
Invoking: Arm Linker
"C:/ti/ccs1200/ccs/tools/compiler/ti-cgt-arm_20.2.7.LTS/bin/armcl" -mv7M4 --code_state=16 --float_support=FPv4SPD16 -me --advice:power=none -g --diag_warning=225 --diag_warning=255 --diag_wrap=off --display_error_number --gen_func_subsections=on -z -m"uartecho_MSP_EXP432E401Y_nortos_ccs.map" -i"C:/ti/simplelink_msp432e4_sdk_4_20_00_12/source" -i"C:/ti/simplelink_msp432e4_sdk_4_20_00_12/kernel/nortos" -i"C:/ti/ccs1200/ccs/tools/compiler/ti-cgt-arm_20.2.7.LTS/lib" --diag_suppress=10063 --diag_wrap=off --display_error_number --warn_sections --xml_link_info="uartecho_MSP_EXP432E401Y_nortos_ccs_linkInfo.xml" --entry_point=resetISR --rom_model -o "uartecho_MSP_EXP432E401Y_nortos_ccs.out" "./main_nortos.obj" "./uartecho.obj" "./syscfg/ti_drivers_config.obj" "../MSP_EXP432E401Y_NoRTOS.cmd"  -l"ti/display/lib/display.aem4f" -l"ti/grlib/lib/ccs/m4f/grlib.a" -l"third_party/spiffs/lib/ccs/m4f/spiffs.a" -l"ti/drivers/lib/drivers_msp432e4.aem4f" -l"third_party/fatfs/lib/ccs/m4f/fatfs.a" -l"lib/nortos_msp432e4.aem4f" -l"ti/devices/msp432e4/driverlib/lib/ccs/m4f/msp432e4_driverlib.a" -llibc.a 
<Linking>
Finished building target: "uartecho_MSP_EXP432E401Y_nortos_ccs.out"
 

**** Build Finished ****

**** Build of configuration Debug for project uartecho_MSP_EXP432E401Y_nortos_ccs ****

"C:\\ti\\ccs1200\\ccs\\utils\\bin\\gmake" -k -j 12 all -O 
 
gmake[1]: 'uartecho_MSP_EXP432E401Y_nortos_ccs.out' is up to date.

**** Build Finished ****

**** Build of configuration Debug for project uartecho_MSP_EXP432E401Y_nortos_ccs ****

"C:\\ti\\ccs1200\\ccs\\utils\\bin\\gmake" -k -j 12 all -O 
 
Building file: "../uartecho.c"
Invoking: Arm Compiler
"C:/ti/ccs1200/ccs/tools/compiler/ti-cgt-arm_20.2.7.LTS/bin/armcl" -mv7M4 --code_state=16 --float_support=FPv4SPD16 -me --include_path="D:/workspace/uartecho_MSP_EXP432E401Y_nortos_ccs" --include_path="D:/workspace/uartecho_MSP_EXP432E401Y_nortos_ccs/Debug" --include_path="C:/ti/simplelink_msp432e4_sdk_4_20_00_12/source" --include_path="C:/ti/simplelink_msp432e4_sdk_4_20_00_12/source/third_party/CMSIS/Include" --include_path="C:/ti/simplelink_msp432e4_sdk_4_20_00_12/kernel/nortos" --include_path="C:/ti/simplelink_msp432e4_sdk_4_20_00_12/kernel/nortos/posix" --include_path="C:/ti/ccs1200/ccs/tools/compiler/ti-cgt-arm_20.2.7.LTS/include" --advice:power=none -g --diag_warning=225 --diag_warning=255 --diag_wrap=off --display_error_number --gen_func_subsections=on --preproc_with_compile --preproc_dependency="uartecho.d_raw" --include_path="D:/workspace/uartecho_MSP_EXP432E401Y_nortos_ccs/Debug/syscfg"  "../uartecho.c"
"../uartecho.c", line 61: warning #179-D: variable "helpPrompt" was declared but never referenced
Finished building: "../uartecho.c"
 
Building target: "uartecho_MSP_EXP432E401Y_nortos_ccs.out"
Invoking: Arm Linker
"C:/ti/ccs1200/ccs/tools/compiler/ti-cgt-arm_20.2.7.LTS/bin/armcl" -mv7M4 --code_state=16 --float_support=FPv4SPD16 -me --advice:power=none -g --diag_warning=225 --diag_warning=255 --diag_wrap=off --display_error_number --gen_func_subsections=on -z -m"uartecho_MSP_EXP432E401Y_nortos_ccs.map" -i"C:/ti/simplelink_msp432e4_sdk_4_20_00_12/source" -i"C:/ti/simplelink_msp432e4_sdk_4_20_00_12/kernel/nortos" -i"C:/ti/ccs1200/ccs/tools/compiler/ti-cgt-arm_20.2.7.LTS/lib" --diag_suppress=10063 --diag_wrap=off --display_error_number --warn_sections --xml_link_info="uartecho_MSP_EXP432E401Y_nortos_ccs_linkInfo.xml" --entry_point=resetISR --rom_model -o "uartecho_MSP_EXP432E401Y_nortos_ccs.out" "./main_nortos.obj" "./uartecho.obj" "./syscfg/ti_drivers_config.obj" "../MSP_EXP432E401Y_NoRTOS.cmd"  -l"ti/display/lib/display.aem4f" -l"ti/grlib/lib/ccs/m4f/grlib.a" -l"third_party/spiffs/lib/ccs/m4f/spiffs.a" -l"ti/drivers/lib/drivers_msp432e4.aem4f" -l"third_party/fatfs/lib/ccs/m4f/fatfs.a" -l"lib/nortos_msp432e4.aem4f" -l"ti/devices/msp432e4/driverlib/lib/ccs/m4f/msp432e4_driverlib.a" -llibc.a 
<Linking>
Finished building target: "uartecho_MSP_EXP432E401Y_nortos_ccs.out"
 

**** Build Finished ****

**** Build of configuration Debug for project uartecho_MSP_EXP432E401Y_nortos_ccs ****

"C:\\ti\\ccs1200\\ccs\\utils\\bin\\gmake" -k -j 12 all -O 
 
Building file: "../uartecho.c"
Invoking: Arm Compiler
"C:/ti/ccs1200/ccs/tools/compiler/ti-cgt-arm_20.2.7.LTS/bin/armcl" -mv7M4 --code_state=16 --float_support=FPv4SPD16 -me --include_path="D:/workspace/uartecho_MSP_EXP432E401Y_nortos_ccs" --include_path="D:/workspace/uartecho_MSP_EXP432E401Y_nortos_ccs/Debug" --include_path="C:/ti/simplelink_msp432e4_sdk_4_20_00_12/source" --include_path="C:/ti/simplelink_msp432e4_sdk_4_20_00_12/source/third_party/CMSIS/Include" --include_path="C:/ti/simplelink_msp432e4_sdk_4_20_00_12/kernel/nortos" --include_path="C:/ti/simplelink_msp432e4_sdk_4_20_00_12/kernel/nortos/posix" --include_path="C:/ti/ccs1200/ccs/tools/compiler/ti-cgt-arm_20.2.7.LTS/include" --advice:power=none -g --diag_warning=225 --diag_warning=255 --diag_wrap=off --display_error_number --gen_func_subsections=on --preproc_with_compile --preproc_dependency="uartecho.d_raw" --include_path="D:/workspace/uartecho_MSP_EXP432E401Y_nortos_ccs/Debug/syscfg"  "../uartecho.c"
Finished building: "../uartecho.c"
 
Building target: "uartecho_MSP_EXP432E401Y_nortos_ccs.out"
Invoking: Arm Linker
"C:/ti/ccs1200/ccs/tools/compiler/ti-cgt-arm_20.2.7.LTS/bin/armcl" -mv7M4 --code_state=16 --float_support=FPv4SPD16 -me --advice:power=none -g --diag_warning=225 --diag_warning=255 --diag_wrap=off --display_error_number --gen_func_subsections=on -z -m"uartecho_MSP_EXP432E401Y_nortos_ccs.map" -i"C:/ti/simplelink_msp432e4_sdk_4_20_00_12/source" -i"C:/ti/simplelink_msp432e4_sdk_4_20_00_12/kernel/nortos" -i"C:/ti/ccs1200/ccs/tools/compiler/ti-cgt-arm_20.2.7.LTS/lib" --diag_suppress=10063 --diag_wrap=off --display_error_number --warn_sections --xml_link_info="uartecho_MSP_EXP432E401Y_nortos_ccs_linkInfo.xml" --entry_point=resetISR --rom_model -o "uartecho_MSP_EXP432E401Y_nortos_ccs.out" "./main_nortos.obj" "./uartecho.obj" "./syscfg/ti_drivers_config.obj" "../MSP_EXP432E401Y_NoRTOS.cmd"  -l"ti/display/lib/display.aem4f" -l"ti/grlib/lib/ccs/m4f/grlib.a" -l"third_party/spiffs/lib/ccs/m4f/spiffs.a" -l"ti/drivers/lib/drivers_msp432e4.aem4f" -l"third_party/fatfs/lib/ccs/m4f/fatfs.a" -l"lib/nortos_msp432e4.aem4f" -l"ti/devices/msp432e4/driverlib/lib/ccs/m4f/msp432e4_driverlib.a" -llibc.a 
<Linking>
Finished building target: "uartecho_MSP_EXP432E401Y_nortos_ccs.out"
 

**** Build Finished ****

**** Build of configuration Debug for project uartecho_MSP_EXP432E401Y_nortos_ccs ****

"C:\\ti\\ccs1200\\ccs\\utils\\bin\\gmake" -k -j 12 all -O 
 
gmake[1]: 'uartecho_MSP_EXP432E401Y_nortos_ccs.out' is up to date.

**** Build Finished ****

**** Build of configuration Debug for project uartecho_MSP_EXP432E401Y_nortos_ccs ****

"C:\\ti\\ccs1200\\ccs\\utils\\bin\\gmake" -k -j 12 all -O 
 
Building file: "../main_nortos.c"
Invoking: Arm Compiler
"C:/ti/ccs1200/ccs/tools/compiler/ti-cgt-arm_20.2.7.LTS/bin/armcl" -mv7M4 --code_state=16 --float_support=FPv4SPD16 -me --include_path="D:/workspace/uartecho_MSP_EXP432E401Y_nortos_ccs" --include_path="D:/workspace/uartecho_MSP_EXP432E401Y_nortos_ccs/Debug" --include_path="C:/ti/simplelink_msp432e4_sdk_4_20_00_12/source" --include_path="C:/ti/simplelink_msp432e4_sdk_4_20_00_12/source/third_party/CMSIS/Include" --include_path="C:/ti/simplelink_msp432e4_sdk_4_20_00_12/kernel/nortos" --include_path="C:/ti/simplelink_msp432e4_sdk_4_20_00_12/kernel/nortos/posix" --include_path="C:/ti/ccs1200/ccs/tools/compiler/ti-cgt-arm_20.2.7.LTS/include" --advice:power=none -g --diag_warning=225 --diag_warning=255 --diag_wrap=off --display_error_number --gen_func_subsections=on --preproc_with_compile --preproc_dependency="main_nortos.d_raw" --include_path="D:/workspace/uartecho_MSP_EXP432E401Y_nortos_ccs/Debug/syscfg"  "../main_nortos.c"
Finished building: "../main_nortos.c"
 
Building file: "../uartecho.c"
Invoking: Arm Compiler
"C:/ti/ccs1200/ccs/tools/compiler/ti-cgt-arm_20.2.7.LTS/bin/armcl" -mv7M4 --code_state=16 --float_support=FPv4SPD16 -me --include_path="D:/workspace/uartecho_MSP_EXP432E401Y_nortos_ccs" --include_path="D:/workspace/uartecho_MSP_EXP432E401Y_nortos_ccs/Debug" --include_path="C:/ti/simplelink_msp432e4_sdk_4_20_00_12/source" --include_path="C:/ti/simplelink_msp432e4_sdk_4_20_00_12/source/third_party/CMSIS/Include" --include_path="C:/ti/simplelink_msp432e4_sdk_4_20_00_12/kernel/nortos" --include_path="C:/ti/simplelink_msp432e4_sdk_4_20_00_12/kernel/nortos/posix" --include_path="C:/ti/ccs1200/ccs/tools/compiler/ti-cgt-arm_20.2.7.LTS/include" --advice:power=none -g --diag_warning=225 --diag_warning=255 --diag_wrap=off --display_error_number --gen_func_subsections=on --preproc_with_compile --preproc_dependency="uartecho.d_raw" --include_path="D:/workspace/uartecho_MSP_EXP432E401Y_nortos_ccs/Debug/syscfg"  "../uartecho.c"
Finished building: "../uartecho.c"
 
Building target: "uartecho_MSP_EXP432E401Y_nortos_ccs.out"
Invoking: Arm Linker
"C:/ti/ccs1200/ccs/tools/compiler/ti-cgt-arm_20.2.7.LTS/bin/armcl" -mv7M4 --code_state=16 --float_support=FPv4SPD16 -me --advice:power=none -g --diag_warning=225 --diag_warning=255 --diag_wrap=off --display_error_number --gen_func_subsections=on -z -m"uartecho_MSP_EXP432E401Y_nortos_ccs.map" -i"C:/ti/simplelink_msp432e4_sdk_4_20_00_12/source" -i"C:/ti/simplelink_msp432e4_sdk_4_20_00_12/kernel/nortos" -i"C:/ti/ccs1200/ccs/tools/compiler/ti-cgt-arm_20.2.7.LTS/lib" --diag_suppress=10063 --diag_wrap=off --display_error_number --warn_sections --xml_link_info="uartecho_MSP_EXP432E401Y_nortos_ccs_linkInfo.xml" --entry_point=resetISR --rom_model -o "uartecho_MSP_EXP432E401Y_nortos_ccs.out" "./main_nortos.obj" "./uartecho.obj" "./syscfg/ti_drivers_config.obj" "../MSP_EXP432E401Y_NoRTOS.cmd"  -l"ti/display/lib/display.aem4f" -l"ti/grlib/lib/ccs/m4f/grlib.a" -l"third_party/spiffs/lib/ccs/m4f/spiffs.a" -l"ti/drivers/lib/drivers_msp432e4.aem4f" -l"third_party/fatfs/lib/ccs/m4f/fatfs.a" -l"lib/nortos_msp432e4.aem4f" -l"ti/devices/msp432e4/driverlib/lib/ccs/m4f/msp432e4_driverlib.a" -llibc.a 
<Linking>
Finished building target: "uartecho_MSP_EXP432E401Y_nortos_ccs.out"
 

**** Build Finished ****

**** Build of configuration Debug for project uartecho_MSP_EXP432E401Y_nortos_ccs ****

"C:\\ti\\ccs1200\\ccs\\utils\\bin\\gmake" -k -j 12 all -O 
 
gmake[1]: 'uartecho_MSP_EXP432E401Y_nortos_ccs.out' is up to date.

**** Build Finished ****

**** Build of configuration Debug for project uartecho_MSP_EXP432E401Y_nortos_ccs ****

"C:\\ti\\ccs1200\\ccs\\utils\\bin\\gmake" -k -j 12 all -O 
 
Building file: "../uartecho.c"
Invoking: Arm Compiler
"C:/ti/ccs1200/ccs/tools/compiler/ti-cgt-arm_20.2.7.LTS/bin/armcl" -mv7M4 --code_state=16 --float_support=FPv4SPD16 -me --include_path="D:/workspace/uartecho_MSP_EXP432E401Y_nortos_ccs" --include_path="D:/workspace/uartecho_MSP_EXP432E401Y_nortos_ccs/Debug" --include_path="C:/ti/simplelink_msp432e4_sdk_4_20_00_12/source" --include_path="C:/ti/simplelink_msp432e4_sdk_4_20_00_12/source/third_party/CMSIS/Include" --include_path="C:/ti/simplelink_msp432e4_sdk_4_20_00_12/kernel/nortos" --include_path="C:/ti/simplelink_msp432e4_sdk_4_20_00_12/kernel/nortos/posix" --include_path="C:/ti/ccs1200/ccs/tools/compiler/ti-cgt-arm_20.2.7.LTS/include" --advice:power=none -g --diag_warning=225 --diag_warning=255 --diag_wrap=off --display_error_number --gen_func_subsections=on --preproc_with_compile --preproc_dependency="uartecho.d_raw" --include_path="D:/workspace/uartecho_MSP_EXP432E401Y_nortos_ccs/Debug/syscfg"  "../uartecho.c"
Finished building: "../uartecho.c"
 
Building target: "uartecho_MSP_EXP432E401Y_nortos_ccs.out"
Invoking: Arm Linker
"C:/ti/ccs1200/ccs/tools/compiler/ti-cgt-arm_20.2.7.LTS/bin/armcl" -mv7M4 --code_state=16 --float_support=FPv4SPD16 -me --advice:power=none -g --diag_warning=225 --diag_warning=255 --diag_wrap=off --display_error_number --gen_func_subsections=on -z -m"uartecho_MSP_EXP432E401Y_nortos_ccs.map" -i"C:/ti/simplelink_msp432e4_sdk_4_20_00_12/source" -i"C:/ti/simplelink_msp432e4_sdk_4_20_00_12/kernel/nortos" -i"C:/ti/ccs1200/ccs/tools/compiler/ti-cgt-arm_20.2.7.LTS/lib" --diag_suppress=10063 --diag_wrap=off --display_error_number --warn_sections --xml_link_info="uartecho_MSP_EXP432E401Y_nortos_ccs_linkInfo.xml" --entry_point=resetISR --rom_model -o "uartecho_MSP_EXP432E401Y_nortos_ccs.out" "./main_nortos.obj" "./uartecho.obj" "./syscfg/ti_drivers_config.obj" "../MSP_EXP432E401Y_NoRTOS.cmd"  -l"ti/display/lib/display.aem4f" -l"ti/grlib/lib/ccs/m4f/grlib.a" -l"third_party/spiffs/lib/ccs/m4f/spiffs.a" -l"ti/drivers/lib/drivers_msp432e4.aem4f" -l"third_party/fatfs/lib/ccs/m4f/fatfs.a" -l"lib/nortos_msp432e4.aem4f" -l"ti/devices/msp432e4/driverlib/lib/ccs/m4f/msp432e4_driverlib.a" -llibc.a 
<Linking>
Finished building target: "uartecho_MSP_EXP432E401Y_nortos_ccs.out"
 

**** Build Finished ****

**** Build of configuration Debug for project uartecho_MSP_EXP432E401Y_nortos_ccs ****

"C:\\ti\\ccs1200\\ccs\\utils\\bin\\gmake" -k -j 12 all -O 
 
gmake[1]: 'uartecho_MSP_EXP432E401Y_nortos_ccs.out' is up to date.

**** Build Finished ****

**** Build of configuration Debug for project uartecho_MSP_EXP432E401Y_nortos_ccs ****

"C:\\ti\\ccs1200\\ccs\\utils\\bin\\gmake" -k -j 12 all -O 
 
Building file: "../uartecho.c"
Invoking: Arm Compiler
"C:/ti/ccs1200/ccs/tools/compiler/ti-cgt-arm_20.2.7.LTS/bin/armcl" -mv7M4 --code_state=16 --float_support=FPv4SPD16 -me --include_path="D:/workspace/uartecho_MSP_EXP432E401Y_nortos_ccs" --include_path="D:/workspace/uartecho_MSP_EXP432E401Y_nortos_ccs/Debug" --include_path="C:/ti/simplelink_msp432e4_sdk_4_20_00_12/source" --include_path="C:/ti/simplelink_msp432e4_sdk_4_20_00_12/source/third_party/CMSIS/Include" --include_path="C:/ti/simplelink_msp432e4_sdk_4_20_00_12/kernel/nortos" --include_path="C:/ti/simplelink_msp432e4_sdk_4_20_00_12/kernel/nortos/posix" --include_path="C:/ti/ccs1200/ccs/tools/compiler/ti-cgt-arm_20.2.7.LTS/include" --advice:power=none -g --diag_warning=225 --diag_warning=255 --diag_wrap=off --display_error_number --gen_func_subsections=on --preproc_with_compile --preproc_dependency="uartecho.d_raw" --include_path="D:/workspace/uartecho_MSP_EXP432E401Y_nortos_ccs/Debug/syscfg"  "../uartecho.c"
Finished building: "../uartecho.c"
 
Building target: "uartecho_MSP_EXP432E401Y_nortos_ccs.out"
Invoking: Arm Linker
"C:/ti/ccs1200/ccs/tools/compiler/ti-cgt-arm_20.2.7.LTS/bin/armcl" -mv7M4 --code_state=16 --float_support=FPv4SPD16 -me --advice:power=none -g --diag_warning=225 --diag_warning=255 --diag_wrap=off --display_error_number --gen_func_subsections=on -z -m"uartecho_MSP_EXP432E401Y_nortos_ccs.map" -i"C:/ti/simplelink_msp432e4_sdk_4_20_00_12/source" -i"C:/ti/simplelink_msp432e4_sdk_4_20_00_12/kernel/nortos" -i"C:/ti/ccs1200/ccs/tools/compiler/ti-cgt-arm_20.2.7.LTS/lib" --diag_suppress=10063 --diag_wrap=off --display_error_number --warn_sections --xml_link_info="uartecho_MSP_EXP432E401Y_nortos_ccs_linkInfo.xml" --entry_point=resetISR --rom_model -o "uartecho_MSP_EXP432E401Y_nortos_ccs.out" "./main_nortos.obj" "./uartecho.obj" "./syscfg/ti_drivers_config.obj" "../MSP_EXP432E401Y_NoRTOS.cmd"  -l"ti/display/lib/display.aem4f" -l"ti/grlib/lib/ccs/m4f/grlib.a" -l"third_party/spiffs/lib/ccs/m4f/spiffs.a" -l"ti/drivers/lib/drivers_msp432e4.aem4f" -l"third_party/fatfs/lib/ccs/m4f/fatfs.a" -l"lib/nortos_msp432e4.aem4f" -l"ti/devices/msp432e4/driverlib/lib/ccs/m4f/msp432e4_driverlib.a" -llibc.a 
<Linking>
Finished building target: "uartecho_MSP_EXP432E401Y_nortos_ccs.out"
 

**** Build Finished ****

**** Build of configuration Debug for project uartecho_MSP_EXP432E401Y_nortos_ccs ****

"C:\\ti\\ccs1200\\ccs\\utils\\bin\\gmake" -k -j 12 all -O 
 
gmake[1]: 'uartecho_MSP_EXP432E401Y_nortos_ccs.out' is up to date.

**** Build Finished ****

**** Build of configuration Debug for project uartecho_MSP_EXP432E401Y_nortos_ccs ****

"C:\\ti\\ccs1200\\ccs\\utils\\bin\\gmake" -k -j 12 all -O 
 
Building file: "../uartecho.c"
Invoking: Arm Compiler
"C:/ti/ccs1200/ccs/tools/compiler/ti-cgt-arm_20.2.7.LTS/bin/armcl" -mv7M4 --code_state=16 --float_support=FPv4SPD16 -me --include_path="D:/workspace/uartecho_MSP_EXP432E401Y_nortos_ccs" --include_path="D:/workspace/uartecho_MSP_EXP432E401Y_nortos_ccs/Debug" --include_path="C:/ti/simplelink_msp432e4_sdk_4_20_00_12/source" --include_path="C:/ti/simplelink_msp432e4_sdk_4_20_00_12/source/third_party/CMSIS/Include" --include_path="C:/ti/simplelink_msp432e4_sdk_4_20_00_12/kernel/nortos" --include_path="C:/ti/simplelink_msp432e4_sdk_4_20_00_12/kernel/nortos/posix" --include_path="C:/ti/ccs1200/ccs/tools/compiler/ti-cgt-arm_20.2.7.LTS/include" --advice:power=none -g --diag_warning=225 --diag_warning=255 --diag_wrap=off --display_error_number --gen_func_subsections=on --preproc_with_compile --preproc_dependency="uartecho.d_raw" --include_path="D:/workspace/uartecho_MSP_EXP432E401Y_nortos_ccs/Debug/syscfg"  "../uartecho.c"
 
>> Compilation failure
subdir_rules.mk:9: recipe for target 'uartecho.obj' failed
"../uartecho.c", line 106: error #171: expected a declaration
At end of source: warning #12-D: parsing restarts here after previous syntax error
1 error detected in the compilation of "../uartecho.c".
gmake: *** [uartecho.obj] Error 1
gmake: Target 'all' not remade because of errors.

**** Build Finished ****

**** Build of configuration Debug for project uartecho_MSP_EXP432E401Y_nortos_ccs ****

"C:\\ti\\ccs1200\\ccs\\utils\\bin\\gmake" -k -j 12 all -O 
 
Building file: "../uartecho.c"
Invoking: Arm Compiler
"C:/ti/ccs1200/ccs/tools/compiler/ti-cgt-arm_20.2.7.LTS/bin/armcl" -mv7M4 --code_state=16 --float_support=FPv4SPD16 -me --include_path="D:/workspace/uartecho_MSP_EXP432E401Y_nortos_ccs" --include_path="D:/workspace/uartecho_MSP_EXP432E401Y_nortos_ccs/Debug" --include_path="C:/ti/simplelink_msp432e4_sdk_4_20_00_12/source" --include_path="C:/ti/simplelink_msp432e4_sdk_4_20_00_12/source/third_party/CMSIS/Include" --include_path="C:/ti/simplelink_msp432e4_sdk_4_20_00_12/kernel/nortos" --include_path="C:/ti/simplelink_msp432e4_sdk_4_20_00_12/kernel/nortos/posix" --include_path="C:/ti/ccs1200/ccs/tools/compiler/ti-cgt-arm_20.2.7.LTS/include" --advice:power=none -g --diag_warning=225 --diag_warning=255 --diag_wrap=off --display_error_number --gen_func_subsections=on --preproc_with_compile --preproc_dependency="uartecho.d_raw" --include_path="D:/workspace/uartecho_MSP_EXP432E401Y_nortos_ccs/Debug/syscfg"  "../uartecho.c"
Finished building: "../uartecho.c"
 
Building target: "uartecho_MSP_EXP432E401Y_nortos_ccs.out"
Invoking: Arm Linker
"C:/ti/ccs1200/ccs/tools/compiler/ti-cgt-arm_20.2.7.LTS/bin/armcl" -mv7M4 --code_state=16 --float_support=FPv4SPD16 -me --advice:power=none -g --diag_warning=225 --diag_warning=255 --diag_wrap=off --display_error_number --gen_func_subsections=on -z -m"uartecho_MSP_EXP432E401Y_nortos_ccs.map" -i"C:/ti/simplelink_msp432e4_sdk_4_20_00_12/source" -i"C:/ti/simplelink_msp432e4_sdk_4_20_00_12/kernel/nortos" -i"C:/ti/ccs1200/ccs/tools/compiler/ti-cgt-arm_20.2.7.LTS/lib" --diag_suppress=10063 --diag_wrap=off --display_error_number --warn_sections --xml_link_info="uartecho_MSP_EXP432E401Y_nortos_ccs_linkInfo.xml" --entry_point=resetISR --rom_model -o "uartecho_MSP_EXP432E401Y_nortos_ccs.out" "./main_nortos.obj" "./uartecho.obj" "./syscfg/ti_drivers_config.obj" "../MSP_EXP432E401Y_NoRTOS.cmd"  -l"ti/display/lib/display.aem4f" -l"ti/grlib/lib/ccs/m4f/grlib.a" -l"third_party/spiffs/lib/ccs/m4f/spiffs.a" -l"ti/drivers/lib/drivers_msp432e4.aem4f" -l"third_party/fatfs/lib/ccs/m4f/fatfs.a" -l"lib/nortos_msp432e4.aem4f" -l"ti/devices/msp432e4/driverlib/lib/ccs/m4f/msp432e4_driverlib.a" -llibc.a 
<Linking>
Finished building target: "uartecho_MSP_EXP432E401Y_nortos_ccs.out"
 

**** Build Finished ****

**** Build of configuration Debug for project uartecho_MSP_EXP432E401Y_nortos_ccs ****

"C:\\ti\\ccs1200\\ccs\\utils\\bin\\gmake" -k -j 12 all -O 
 
gmake[1]: 'uartecho_MSP_EXP432E401Y_nortos_ccs.out' is up to date.

**** Build Finished ****

**** Build of configuration Debug for project uartecho_MSP_EXP432E401Y_nortos_ccs ****

"C:\\ti\\ccs1200\\ccs\\utils\\bin\\gmake" -k -j 12 all -O 
 
Building file: "../uartecho.c"
Invoking: Arm Compiler
"C:/ti/ccs1200/ccs/tools/compiler/ti-cgt-arm_20.2.7.LTS/bin/armcl" -mv7M4 --code_state=16 --float_support=FPv4SPD16 -me --include_path="D:/workspace/uartecho_MSP_EXP432E401Y_nortos_ccs" --include_path="D:/workspace/uartecho_MSP_EXP432E401Y_nortos_ccs/Debug" --include_path="C:/ti/simplelink_msp432e4_sdk_4_20_00_12/source" --include_path="C:/ti/simplelink_msp432e4_sdk_4_20_00_12/source/third_party/CMSIS/Include" --include_path="C:/ti/simplelink_msp432e4_sdk_4_20_00_12/kernel/nortos" --include_path="C:/ti/simplelink_msp432e4_sdk_4_20_00_12/kernel/nortos/posix" --include_path="C:/ti/ccs1200/ccs/tools/compiler/ti-cgt-arm_20.2.7.LTS/include" --advice:power=none -g --diag_warning=225 --diag_warning=255 --diag_wrap=off --display_error_number --gen_func_subsections=on --preproc_with_compile --preproc_dependency="uartecho.d_raw" --include_path="D:/workspace/uartecho_MSP_EXP432E401Y_nortos_ccs/Debug/syscfg"  "../uartecho.c"
Finished building: "../uartecho.c"
 
Building target: "uartecho_MSP_EXP432E401Y_nortos_ccs.out"
Invoking: Arm Linker
"C:/ti/ccs1200/ccs/tools/compiler/ti-cgt-arm_20.2.7.LTS/bin/armcl" -mv7M4 --code_state=16 --float_support=FPv4SPD16 -me --advice:power=none -g --diag_warning=225 --diag_warning=255 --diag_wrap=off --display_error_number --gen_func_subsections=on -z -m"uartecho_MSP_EXP432E401Y_nortos_ccs.map" -i"C:/ti/simplelink_msp432e4_sdk_4_20_00_12/source" -i"C:/ti/simplelink_msp432e4_sdk_4_20_00_12/kernel/nortos" -i"C:/ti/ccs1200/ccs/tools/compiler/ti-cgt-arm_20.2.7.LTS/lib" --diag_suppress=10063 --diag_wrap=off --display_error_number --warn_sections --xml_link_info="uartecho_MSP_EXP432E401Y_nortos_ccs_linkInfo.xml" --entry_point=resetISR --rom_model -o "uartecho_MSP_EXP432E401Y_nortos_ccs.out" "./main_nortos.obj" "./uartecho.obj" "./syscfg/ti_drivers_config.obj" "../MSP_EXP432E401Y_NoRTOS.cmd"  -l"ti/display/lib/display.aem4f" -l"ti/grlib/lib/ccs/m4f/grlib.a" -l"third_party/spiffs/lib/ccs/m4f/spiffs.a" -l"ti/drivers/lib/drivers_msp432e4.aem4f" -l"third_party/fatfs/lib/ccs/m4f/fatfs.a" -l"lib/nortos_msp432e4.aem4f" -l"ti/devices/msp432e4/driverlib/lib/ccs/m4f/msp432e4_driverlib.a" -llibc.a 
<Linking>
Finished building target: "uartecho_MSP_EXP432E401Y_nortos_ccs.out"
 

**** Build Finished ****

**** Build of configuration Debug for project uartecho_MSP_EXP432E401Y_nortos_ccs ****

"C:\\ti\\ccs1200\\ccs\\utils\\bin\\gmake" -k -j 12 all -O 
 
gmake[1]: 'uartecho_MSP_EXP432E401Y_nortos_ccs.out' is up to date.

**** Build Finished ****

**** Build of configuration Debug for project uartecho_MSP_EXP432E401Y_nortos_ccs ****

"C:\\ti\\ccs1200\\ccs\\utils\\bin\\gmake" -k -j 12 all -O 
 
gmake[1]: 'uartecho_MSP_EXP432E401Y_nortos_ccs.out' is up to date.

**** Build Finished ****

**** Build of configuration Debug for project uartecho_MSP_EXP432E401Y_nortos_ccs ****

"C:\\ti\\ccs1200\\ccs\\utils\\bin\\gmake" -k -j 12 all -O 
 
Building file: "../uartecho.c"
Invoking: Arm Compiler
"C:/ti/ccs1200/ccs/tools/compiler/ti-cgt-arm_20.2.7.LTS/bin/armcl" -mv7M4 --code_state=16 --float_support=FPv4SPD16 -me --include_path="D:/workspace/uartecho_MSP_EXP432E401Y_nortos_ccs" --include_path="D:/workspace/uartecho_MSP_EXP432E401Y_nortos_ccs/Debug" --include_path="C:/ti/simplelink_msp432e4_sdk_4_20_00_12/source" --include_path="C:/ti/simplelink_msp432e4_sdk_4_20_00_12/source/third_party/CMSIS/Include" --include_path="C:/ti/simplelink_msp432e4_sdk_4_20_00_12/kernel/nortos" --include_path="C:/ti/simplelink_msp432e4_sdk_4_20_00_12/kernel/nortos/posix" --include_path="C:/ti/ccs1200/ccs/tools/compiler/ti-cgt-arm_20.2.7.LTS/include" --advice:power=none -g --diag_warning=225 --diag_warning=255 --diag_wrap=off --display_error_number --gen_func_subsections=on --preproc_with_compile --preproc_dependency="uartecho.d_raw" --include_path="D:/workspace/uartecho_MSP_EXP432E401Y_nortos_ccs/Debug/syscfg"  "../uartecho.c"
Finished building: "../uartecho.c"
 
Building target: "uartecho_MSP_EXP432E401Y_nortos_ccs.out"
Invoking: Arm Linker
"C:/ti/ccs1200/ccs/tools/compiler/ti-cgt-arm_20.2.7.LTS/bin/armcl" -mv7M4 --code_state=16 --float_support=FPv4SPD16 -me --advice:power=none -g --diag_warning=225 --diag_warning=255 --diag_wrap=off --display_error_number --gen_func_subsections=on -z -m"uartecho_MSP_EXP432E401Y_nortos_ccs.map" -i"C:/ti/simplelink_msp432e4_sdk_4_20_00_12/source" -i"C:/ti/simplelink_msp432e4_sdk_4_20_00_12/kernel/nortos" -i"C:/ti/ccs1200/ccs/tools/compiler/ti-cgt-arm_20.2.7.LTS/lib" --diag_suppress=10063 --diag_wrap=off --display_error_number --warn_sections --xml_link_info="uartecho_MSP_EXP432E401Y_nortos_ccs_linkInfo.xml" --entry_point=resetISR --rom_model -o "uartecho_MSP_EXP432E401Y_nortos_ccs.out" "./main_nortos.obj" "./uartecho.obj" "./syscfg/ti_drivers_config.obj" "../MSP_EXP432E401Y_NoRTOS.cmd"  -l"ti/display/lib/display.aem4f" -l"ti/grlib/lib/ccs/m4f/grlib.a" -l"third_party/spiffs/lib/ccs/m4f/spiffs.a" -l"ti/drivers/lib/drivers_msp432e4.aem4f" -l"third_party/fatfs/lib/ccs/m4f/fatfs.a" -l"lib/nortos_msp432e4.aem4f" -l"ti/devices/msp432e4/driverlib/lib/ccs/m4f/msp432e4_driverlib.a" -llibc.a 
<Linking>
Finished building target: "uartecho_MSP_EXP432E401Y_nortos_ccs.out"
 

**** Build Finished ****

**** Build of configuration Debug for project uartecho_MSP_EXP432E401Y_nortos_ccs ****

"C:\\ti\\ccs1200\\ccs\\utils\\bin\\gmake" -k -j 12 all -O 
 
gmake[1]: 'uartecho_MSP_EXP432E401Y_nortos_ccs.out' is up to date.

**** Build Finished ****

**** Build of configuration Debug for project uartecho_MSP_EXP432E401Y_nortos_ccs ****

"C:\\ti\\ccs1200\\ccs\\utils\\bin\\gmake" -k -j 12 all -O 
 
Building file: "../uartecho.c"
Invoking: Arm Compiler
"C:/ti/ccs1200/ccs/tools/compiler/ti-cgt-arm_20.2.7.LTS/bin/armcl" -mv7M4 --code_state=16 --float_support=FPv4SPD16 -me --include_path="D:/workspace/uartecho_MSP_EXP432E401Y_nortos_ccs" --include_path="D:/workspace/uartecho_MSP_EXP432E401Y_nortos_ccs/Debug" --include_path="C:/ti/simplelink_msp432e4_sdk_4_20_00_12/source" --include_path="C:/ti/simplelink_msp432e4_sdk_4_20_00_12/source/third_party/CMSIS/Include" --include_path="C:/ti/simplelink_msp432e4_sdk_4_20_00_12/kernel/nortos" --include_path="C:/ti/simplelink_msp432e4_sdk_4_20_00_12/kernel/nortos/posix" --include_path="C:/ti/ccs1200/ccs/tools/compiler/ti-cgt-arm_20.2.7.LTS/include" --advice:power=none -g --diag_warning=225 --diag_warning=255 --diag_wrap=off --display_error_number --gen_func_subsections=on --preproc_with_compile --preproc_dependency="uartecho.d_raw" --include_path="D:/workspace/uartecho_MSP_EXP432E401Y_nortos_ccs/Debug/syscfg"  "../uartecho.c"
 
>> Compilation failure
subdir_rules.mk:9: recipe for target 'uartecho.obj' failed
"../uartecho.c", line 103: error #42: expression must have arithmetic or pointer type
1 error detected in the compilation of "../uartecho.c".
gmake: *** [uartecho.obj] Error 1
gmake: Target 'all' not remade because of errors.

**** Build Finished ****

**** Build of configuration Debug for project uartecho_MSP_EXP432E401Y_nortos_ccs ****

"C:\\ti\\ccs1200\\ccs\\utils\\bin\\gmake" -k -j 12 all -O 
 
Building file: "../uartecho.c"
Invoking: Arm Compiler
"C:/ti/ccs1200/ccs/tools/compiler/ti-cgt-arm_20.2.7.LTS/bin/armcl" -mv7M4 --code_state=16 --float_support=FPv4SPD16 -me --include_path="D:/workspace/uartecho_MSP_EXP432E401Y_nortos_ccs" --include_path="D:/workspace/uartecho_MSP_EXP432E401Y_nortos_ccs/Debug" --include_path="C:/ti/simplelink_msp432e4_sdk_4_20_00_12/source" --include_path="C:/ti/simplelink_msp432e4_sdk_4_20_00_12/source/third_party/CMSIS/Include" --include_path="C:/ti/simplelink_msp432e4_sdk_4_20_00_12/kernel/nortos" --include_path="C:/ti/simplelink_msp432e4_sdk_4_20_00_12/kernel/nortos/posix" --include_path="C:/ti/ccs1200/ccs/tools/compiler/ti-cgt-arm_20.2.7.LTS/include" --advice:power=none -g --diag_warning=225 --diag_warning=255 --diag_wrap=off --display_error_number --gen_func_subsections=on --preproc_with_compile --preproc_dependency="uartecho.d_raw" --include_path="D:/workspace/uartecho_MSP_EXP432E401Y_nortos_ccs/Debug/syscfg"  "../uartecho.c"
Finished building: "../uartecho.c"
 
Building target: "uartecho_MSP_EXP432E401Y_nortos_ccs.out"
Invoking: Arm Linker
"C:/ti/ccs1200/ccs/tools/compiler/ti-cgt-arm_20.2.7.LTS/bin/armcl" -mv7M4 --code_state=16 --float_support=FPv4SPD16 -me --advice:power=none -g --diag_warning=225 --diag_warning=255 --diag_wrap=off --display_error_number --gen_func_subsections=on -z -m"uartecho_MSP_EXP432E401Y_nortos_ccs.map" -i"C:/ti/simplelink_msp432e4_sdk_4_20_00_12/source" -i"C:/ti/simplelink_msp432e4_sdk_4_20_00_12/kernel/nortos" -i"C:/ti/ccs1200/ccs/tools/compiler/ti-cgt-arm_20.2.7.LTS/lib" --diag_suppress=10063 --diag_wrap=off --display_error_number --warn_sections --xml_link_info="uartecho_MSP_EXP432E401Y_nortos_ccs_linkInfo.xml" --entry_point=resetISR --rom_model -o "uartecho_MSP_EXP432E401Y_nortos_ccs.out" "./main_nortos.obj" "./uartecho.obj" "./syscfg/ti_drivers_config.obj" "../MSP_EXP432E401Y_NoRTOS.cmd"  -l"ti/display/lib/display.aem4f" -l"ti/grlib/lib/ccs/m4f/grlib.a" -l"third_party/spiffs/lib/ccs/m4f/spiffs.a" -l"ti/drivers/lib/drivers_msp432e4.aem4f" -l"third_party/fatfs/lib/ccs/m4f/fatfs.a" -l"lib/nortos_msp432e4.aem4f" -l"ti/devices/msp432e4/driverlib/lib/ccs/m4f/msp432e4_driverlib.a" -llibc.a 
<Linking>
Finished building target: "uartecho_MSP_EXP432E401Y_nortos_ccs.out"
 

**** Build Finished ****

**** Build of configuration Debug for project uartecho_MSP_EXP432E401Y_nortos_ccs ****

"C:\\ti\\ccs1200\\ccs\\utils\\bin\\gmake" -k -j 12 all -O 
 
gmake[1]: 'uartecho_MSP_EXP432E401Y_nortos_ccs.out' is up to date.

**** Build Finished ****

**** Build of configuration Debug for project uartecho_MSP_EXP432E401Y_nortos_ccs ****

"C:\\ti\\ccs1200\\ccs\\utils\\bin\\gmake" -k -j 12 all -O 
 
Building file: "../uartecho.c"
Invoking: Arm Compiler
"C:/ti/ccs1200/ccs/tools/compiler/ti-cgt-arm_20.2.7.LTS/bin/armcl" -mv7M4 --code_state=16 --float_support=FPv4SPD16 -me --include_path="D:/workspace/uartecho_MSP_EXP432E401Y_nortos_ccs" --include_path="D:/workspace/uartecho_MSP_EXP432E401Y_nortos_ccs/Debug" --include_path="C:/ti/simplelink_msp432e4_sdk_4_20_00_12/source" --include_path="C:/ti/simplelink_msp432e4_sdk_4_20_00_12/source/third_party/CMSIS/Include" --include_path="C:/ti/simplelink_msp432e4_sdk_4_20_00_12/kernel/nortos" --include_path="C:/ti/simplelink_msp432e4_sdk_4_20_00_12/kernel/nortos/posix" --include_path="C:/ti/ccs1200/ccs/tools/compiler/ti-cgt-arm_20.2.7.LTS/include" --advice:power=none -g --diag_warning=225 --diag_warning=255 --diag_wrap=off --display_error_number --gen_func_subsections=on --preproc_with_compile --preproc_dependency="uartecho.d_raw" --include_path="D:/workspace/uartecho_MSP_EXP432E401Y_nortos_ccs/Debug/syscfg"  "../uartecho.c"
Finished building: "../uartecho.c"
 
Building target: "uartecho_MSP_EXP432E401Y_nortos_ccs.out"
Invoking: Arm Linker
"C:/ti/ccs1200/ccs/tools/compiler/ti-cgt-arm_20.2.7.LTS/bin/armcl" -mv7M4 --code_state=16 --float_support=FPv4SPD16 -me --advice:power=none -g --diag_warning=225 --diag_warning=255 --diag_wrap=off --display_error_number --gen_func_subsections=on -z -m"uartecho_MSP_EXP432E401Y_nortos_ccs.map" -i"C:/ti/simplelink_msp432e4_sdk_4_20_00_12/source" -i"C:/ti/simplelink_msp432e4_sdk_4_20_00_12/kernel/nortos" -i"C:/ti/ccs1200/ccs/tools/compiler/ti-cgt-arm_20.2.7.LTS/lib" --diag_suppress=10063 --diag_wrap=off --display_error_number --warn_sections --xml_link_info="uartecho_MSP_EXP432E401Y_nortos_ccs_linkInfo.xml" --entry_point=resetISR --rom_model -o "uartecho_MSP_EXP432E401Y_nortos_ccs.out" "./main_nortos.obj" "./uartecho.obj" "./syscfg/ti_drivers_config.obj" "../MSP_EXP432E401Y_NoRTOS.cmd"  -l"ti/display/lib/display.aem4f" -l"ti/grlib/lib/ccs/m4f/grlib.a" -l"third_party/spiffs/lib/ccs/m4f/spiffs.a" -l"ti/drivers/lib/drivers_msp432e4.aem4f" -l"third_party/fatfs/lib/ccs/m4f/fatfs.a" -l"lib/nortos_msp432e4.aem4f" -l"ti/devices/msp432e4/driverlib/lib/ccs/m4f/msp432e4_driverlib.a" -llibc.a 
<Linking>
Finished building target: "uartecho_MSP_EXP432E401Y_nortos_ccs.out"
 

**** Build Finished ****

**** Build of configuration Debug for project uartecho_MSP_EXP432E401Y_nortos_ccs ****

"C:\\ti\\ccs1200\\ccs\\utils\\bin\\gmake" -k -j 12 all -O 
 
gmake[1]: 'uartecho_MSP_EXP432E401Y_nortos_ccs.out' is up to date.

**** Build Finished ****

**** Build of configuration Debug for project uartecho_MSP_EXP432E401Y_nortos_ccs ****

"C:\\ti\\ccs1200\\ccs\\utils\\bin\\gmake" -k -j 12 all -O 
 
Building file: "../uartecho.c"
Invoking: Arm Compiler
"C:/ti/ccs1200/ccs/tools/compiler/ti-cgt-arm_20.2.7.LTS/bin/armcl" -mv7M4 --code_state=16 --float_support=FPv4SPD16 -me --include_path="D:/workspace/uartecho_MSP_EXP432E401Y_nortos_ccs" --include_path="D:/workspace/uartecho_MSP_EXP432E401Y_nortos_ccs/Debug" --include_path="C:/ti/simplelink_msp432e4_sdk_4_20_00_12/source" --include_path="C:/ti/simplelink_msp432e4_sdk_4_20_00_12/source/third_party/CMSIS/Include" --include_path="C:/ti/simplelink_msp432e4_sdk_4_20_00_12/kernel/nortos" --include_path="C:/ti/simplelink_msp432e4_sdk_4_20_00_12/kernel/nortos/posix" --include_path="C:/ti/ccs1200/ccs/tools/compiler/ti-cgt-arm_20.2.7.LTS/include" --advice:power=none -g --diag_warning=225 --diag_warning=255 --diag_wrap=off --display_error_number --gen_func_subsections=on --preproc_with_compile --preproc_dependency="uartecho.d_raw" --include_path="D:/workspace/uartecho_MSP_EXP432E401Y_nortos_ccs/Debug/syscfg"  "../uartecho.c"
Finished building: "../uartecho.c"
 
Building target: "uartecho_MSP_EXP432E401Y_nortos_ccs.out"
Invoking: Arm Linker
"C:/ti/ccs1200/ccs/tools/compiler/ti-cgt-arm_20.2.7.LTS/bin/armcl" -mv7M4 --code_state=16 --float_support=FPv4SPD16 -me --advice:power=none -g --diag_warning=225 --diag_warning=255 --diag_wrap=off --display_error_number --gen_func_subsections=on -z -m"uartecho_MSP_EXP432E401Y_nortos_ccs.map" -i"C:/ti/simplelink_msp432e4_sdk_4_20_00_12/source" -i"C:/ti/simplelink_msp432e4_sdk_4_20_00_12/kernel/nortos" -i"C:/ti/ccs1200/ccs/tools/compiler/ti-cgt-arm_20.2.7.LTS/lib" --diag_suppress=10063 --diag_wrap=off --display_error_number --warn_sections --xml_link_info="uartecho_MSP_EXP432E401Y_nortos_ccs_linkInfo.xml" --entry_point=resetISR --rom_model -o "uartecho_MSP_EXP432E401Y_nortos_ccs.out" "./main_nortos.obj" "./uartecho.obj" "./syscfg/ti_drivers_config.obj" "../MSP_EXP432E401Y_NoRTOS.cmd"  -l"ti/display/lib/display.aem4f" -l"ti/grlib/lib/ccs/m4f/grlib.a" -l"third_party/spiffs/lib/ccs/m4f/spiffs.a" -l"ti/drivers/lib/drivers_msp432e4.aem4f" -l"third_party/fatfs/lib/ccs/m4f/fatfs.a" -l"lib/nortos_msp432e4.aem4f" -l"ti/devices/msp432e4/driverlib/lib/ccs/m4f/msp432e4_driverlib.a" -llibc.a 
<Linking>
Finished building target: "uartecho_MSP_EXP432E401Y_nortos_ccs.out"
 

**** Build Finished ****

**** Build of configuration Debug for project uartecho_MSP_EXP432E401Y_nortos_ccs ****

"C:\\ti\\ccs1200\\ccs\\utils\\bin\\gmake" -k -j 12 all -O 
 
gmake[1]: 'uartecho_MSP_EXP432E401Y_nortos_ccs.out' is up to date.

**** Build Finished ****

**** Build of configuration Debug for project uartecho_MSP_EXP432E401Y_nortos_ccs ****

"C:\\ti\\ccs1200\\ccs\\utils\\bin\\gmake" -k -j 12 all -O 
 
Building file: "../uartecho.c"
Invoking: Arm Compiler
"C:/ti/ccs1200/ccs/tools/compiler/ti-cgt-arm_20.2.7.LTS/bin/armcl" -mv7M4 --code_state=16 --float_support=FPv4SPD16 -me --include_path="D:/workspace/uartecho_MSP_EXP432E401Y_nortos_ccs" --include_path="D:/workspace/uartecho_MSP_EXP432E401Y_nortos_ccs/Debug" --include_path="C:/ti/simplelink_msp432e4_sdk_4_20_00_12/source" --include_path="C:/ti/simplelink_msp432e4_sdk_4_20_00_12/source/third_party/CMSIS/Include" --include_path="C:/ti/simplelink_msp432e4_sdk_4_20_00_12/kernel/nortos" --include_path="C:/ti/simplelink_msp432e4_sdk_4_20_00_12/kernel/nortos/posix" --include_path="C:/ti/ccs1200/ccs/tools/compiler/ti-cgt-arm_20.2.7.LTS/include" --advice:power=none -g --diag_warning=225 --diag_warning=255 --diag_wrap=off --display_error_number --gen_func_subsections=on --preproc_with_compile --preproc_dependency="uartecho.d_raw" --include_path="D:/workspace/uartecho_MSP_EXP432E401Y_nortos_ccs/Debug/syscfg"  "../uartecho.c"
 
>> Compilation failure
subdir_rules.mk:9: recipe for target 'uartecho.obj' failed
"../uartecho.c", line 121: warning #179-D: variable "buffer" was declared but never referenced
"../uartecho.c", line 129: error #148: declaration is incompatible with "void printAbout(UART_Handle)" (declared at line 50)
1 error detected in the compilation of "../uartecho.c".
gmake: *** [uartecho.obj] Error 1
gmake: Target 'all' not remade because of errors.

**** Build Finished ****

**** Build of configuration Debug for project uartecho_MSP_EXP432E401Y_nortos_ccs ****

"C:\\ti\\ccs1200\\ccs\\utils\\bin\\gmake" -k -j 12 all -O 
 
Building file: "../uartecho.c"
Invoking: Arm Compiler
"C:/ti/ccs1200/ccs/tools/compiler/ti-cgt-arm_20.2.7.LTS/bin/armcl" -mv7M4 --code_state=16 --float_support=FPv4SPD16 -me --include_path="D:/workspace/uartecho_MSP_EXP432E401Y_nortos_ccs" --include_path="D:/workspace/uartecho_MSP_EXP432E401Y_nortos_ccs/Debug" --include_path="C:/ti/simplelink_msp432e4_sdk_4_20_00_12/source" --include_path="C:/ti/simplelink_msp432e4_sdk_4_20_00_12/source/third_party/CMSIS/Include" --include_path="C:/ti/simplelink_msp432e4_sdk_4_20_00_12/kernel/nortos" --include_path="C:/ti/simplelink_msp432e4_sdk_4_20_00_12/kernel/nortos/posix" --include_path="C:/ti/ccs1200/ccs/tools/compiler/ti-cgt-arm_20.2.7.LTS/include" --advice:power=none -g --diag_warning=225 --diag_warning=255 --diag_wrap=off --display_error_number --gen_func_subsections=on --preproc_with_compile --preproc_dependency="uartecho.d_raw" --include_path="D:/workspace/uartecho_MSP_EXP432E401Y_nortos_ccs/Debug/syscfg"  "../uartecho.c"
 
>> Compilation failure
subdir_rules.mk:9: recipe for target 'uartecho.obj' failed
"../uartecho.c", line 124: error #141: too many arguments in function call
"../uartecho.c", line 129: error #148: declaration is incompatible with "void printAbout(UART_Handle)" (declared at line 50)
2 errors detected in the compilation of "../uartecho.c".
gmake: *** [uartecho.obj] Error 1
gmake: Target 'all' not remade because of errors.

**** Build Finished ****

**** Build of configuration Debug for project uartecho_MSP_EXP432E401Y_nortos_ccs ****

"C:\\ti\\ccs1200\\ccs\\utils\\bin\\gmake" -k -j 12 all -O 
 
Building file: "../uartecho.c"
Invoking: Arm Compiler
"C:/ti/ccs1200/ccs/tools/compiler/ti-cgt-arm_20.2.7.LTS/bin/armcl" -mv7M4 --code_state=16 --float_support=FPv4SPD16 -me --include_path="D:/workspace/uartecho_MSP_EXP432E401Y_nortos_ccs" --include_path="D:/workspace/uartecho_MSP_EXP432E401Y_nortos_ccs/Debug" --include_path="C:/ti/simplelink_msp432e4_sdk_4_20_00_12/source" --include_path="C:/ti/simplelink_msp432e4_sdk_4_20_00_12/source/third_party/CMSIS/Include" --include_path="C:/ti/simplelink_msp432e4_sdk_4_20_00_12/kernel/nortos" --include_path="C:/ti/simplelink_msp432e4_sdk_4_20_00_12/kernel/nortos/posix" --include_path="C:/ti/ccs1200/ccs/tools/compiler/ti-cgt-arm_20.2.7.LTS/include" --advice:power=none -g --diag_warning=225 --diag_warning=255 --diag_wrap=off --display_error_number --gen_func_subsections=on --preproc_with_compile --preproc_dependency="uartecho.d_raw" --include_path="D:/workspace/uartecho_MSP_EXP432E401Y_nortos_ccs/Debug/syscfg"  "../uartecho.c"
Finished building: "../uartecho.c"
 
Building target: "uartecho_MSP_EXP432E401Y_nortos_ccs.out"
Invoking: Arm Linker
"C:/ti/ccs1200/ccs/tools/compiler/ti-cgt-arm_20.2.7.LTS/bin/armcl" -mv7M4 --code_state=16 --float_support=FPv4SPD16 -me --advice:power=none -g --diag_warning=225 --diag_warning=255 --diag_wrap=off --display_error_number --gen_func_subsections=on -z -m"uartecho_MSP_EXP432E401Y_nortos_ccs.map" -i"C:/ti/simplelink_msp432e4_sdk_4_20_00_12/source" -i"C:/ti/simplelink_msp432e4_sdk_4_20_00_12/kernel/nortos" -i"C:/ti/ccs1200/ccs/tools/compiler/ti-cgt-arm_20.2.7.LTS/lib" --diag_suppress=10063 --diag_wrap=off --display_error_number --warn_sections --xml_link_info="uartecho_MSP_EXP432E401Y_nortos_ccs_linkInfo.xml" --entry_point=resetISR --rom_model -o "uartecho_MSP_EXP432E401Y_nortos_ccs.out" "./main_nortos.obj" "./uartecho.obj" "./syscfg/ti_drivers_config.obj" "../MSP_EXP432E401Y_NoRTOS.cmd"  -l"ti/display/lib/display.aem4f" -l"ti/grlib/lib/ccs/m4f/grlib.a" -l"third_party/spiffs/lib/ccs/m4f/spiffs.a" -l"ti/drivers/lib/drivers_msp432e4.aem4f" -l"third_party/fatfs/lib/ccs/m4f/fatfs.a" -l"lib/nortos_msp432e4.aem4f" -l"ti/devices/msp432e4/driverlib/lib/ccs/m4f/msp432e4_driverlib.a" -llibc.a 
<Linking>
Finished building target: "uartecho_MSP_EXP432E401Y_nortos_ccs.out"
 

**** Build Finished ****

**** Build of configuration Debug for project uartecho_MSP_EXP432E401Y_nortos_ccs ****

"C:\\ti\\ccs1200\\ccs\\utils\\bin\\gmake" -k -j 12 all -O 
 
gmake[1]: 'uartecho_MSP_EXP432E401Y_nortos_ccs.out' is up to date.

**** Build Finished ****

**** Build of configuration Debug for project uartecho_MSP_EXP432E401Y_nortos_ccs ****

"C:\\ti\\ccs1200\\ccs\\utils\\bin\\gmake" -k -j 12 all -O 
 
Building file: "../uartecho.c"
Invoking: Arm Compiler
"C:/ti/ccs1200/ccs/tools/compiler/ti-cgt-arm_20.2.7.LTS/bin/armcl" -mv7M4 --code_state=16 --float_support=FPv4SPD16 -me --include_path="D:/workspace/uartecho_MSP_EXP432E401Y_nortos_ccs" --include_path="D:/workspace/uartecho_MSP_EXP432E401Y_nortos_ccs/Debug" --include_path="C:/ti/simplelink_msp432e4_sdk_4_20_00_12/source" --include_path="C:/ti/simplelink_msp432e4_sdk_4_20_00_12/source/third_party/CMSIS/Include" --include_path="C:/ti/simplelink_msp432e4_sdk_4_20_00_12/kernel/nortos" --include_path="C:/ti/simplelink_msp432e4_sdk_4_20_00_12/kernel/nortos/posix" --include_path="C:/ti/ccs1200/ccs/tools/compiler/ti-cgt-arm_20.2.7.LTS/include" --advice:power=none -g --diag_warning=225 --diag_warning=255 --diag_wrap=off --display_error_number --gen_func_subsections=on --preproc_with_compile --preproc_dependency="uartecho.d_raw" --include_path="D:/workspace/uartecho_MSP_EXP432E401Y_nortos_ccs/Debug/syscfg"  "../uartecho.c"
 
>> Compilation failure
subdir_rules.mk:9: recipe for target 'uartecho.obj' failed
"../uartecho.c", line 132: warning #145-D: a value of type "char *" cannot be used to initialize an entity of type "char"
"../uartecho.c", line 134: warning #169-D: argument of type "char" is incompatible with parameter of type "char *__restrict__"
"../uartecho.c", line 135: warning #169-D: argument of type "char" is incompatible with parameter of type "const void *"
"../uartecho.c", line 137: error #143: expression must have pointer-to-object type
1 error detected in the compilation of "../uartecho.c".
gmake: *** [uartecho.obj] Error 1
gmake: Target 'all' not remade because of errors.

**** Build Finished ****

**** Build of configuration Debug for project uartecho_MSP_EXP432E401Y_nortos_ccs ****

"C:\\ti\\ccs1200\\ccs\\utils\\bin\\gmake" -k -j 12 all -O 
 
Building file: "../uartecho.c"
Invoking: Arm Compiler
"C:/ti/ccs1200/ccs/tools/compiler/ti-cgt-arm_20.2.7.LTS/bin/armcl" -mv7M4 --code_state=16 --float_support=FPv4SPD16 -me --include_path="D:/workspace/uartecho_MSP_EXP432E401Y_nortos_ccs" --include_path="D:/workspace/uartecho_MSP_EXP432E401Y_nortos_ccs/Debug" --include_path="C:/ti/simplelink_msp432e4_sdk_4_20_00_12/source" --include_path="C:/ti/simplelink_msp432e4_sdk_4_20_00_12/source/third_party/CMSIS/Include" --include_path="C:/ti/simplelink_msp432e4_sdk_4_20_00_12/kernel/nortos" --include_path="C:/ti/simplelink_msp432e4_sdk_4_20_00_12/kernel/nortos/posix" --include_path="C:/ti/ccs1200/ccs/tools/compiler/ti-cgt-arm_20.2.7.LTS/include" --advice:power=none -g --diag_warning=225 --diag_warning=255 --diag_wrap=off --display_error_number --gen_func_subsections=on --preproc_with_compile --preproc_dependency="uartecho.d_raw" --include_path="D:/workspace/uartecho_MSP_EXP432E401Y_nortos_ccs/Debug/syscfg"  "../uartecho.c"
Finished building: "../uartecho.c"
 
Building target: "uartecho_MSP_EXP432E401Y_nortos_ccs.out"
Invoking: Arm Linker
"C:/ti/ccs1200/ccs/tools/compiler/ti-cgt-arm_20.2.7.LTS/bin/armcl" -mv7M4 --code_state=16 --float_support=FPv4SPD16 -me --advice:power=none -g --diag_warning=225 --diag_warning=255 --diag_wrap=off --display_error_number --gen_func_subsections=on -z -m"uartecho_MSP_EXP432E401Y_nortos_ccs.map" -i"C:/ti/simplelink_msp432e4_sdk_4_20_00_12/source" -i"C:/ti/simplelink_msp432e4_sdk_4_20_00_12/kernel/nortos" -i"C:/ti/ccs1200/ccs/tools/compiler/ti-cgt-arm_20.2.7.LTS/lib" --diag_suppress=10063 --diag_wrap=off --display_error_number --warn_sections --xml_link_info="uartecho_MSP_EXP432E401Y_nortos_ccs_linkInfo.xml" --entry_point=resetISR --rom_model -o "uartecho_MSP_EXP432E401Y_nortos_ccs.out" "./main_nortos.obj" "./uartecho.obj" "./syscfg/ti_drivers_config.obj" "../MSP_EXP432E401Y_NoRTOS.cmd"  -l"ti/display/lib/display.aem4f" -l"ti/grlib/lib/ccs/m4f/grlib.a" -l"third_party/spiffs/lib/ccs/m4f/spiffs.a" -l"ti/drivers/lib/drivers_msp432e4.aem4f" -l"third_party/fatfs/lib/ccs/m4f/fatfs.a" -l"lib/nortos_msp432e4.aem4f" -l"ti/devices/msp432e4/driverlib/lib/ccs/m4f/msp432e4_driverlib.a" -llibc.a 
<Linking>
Finished building target: "uartecho_MSP_EXP432E401Y_nortos_ccs.out"
 

**** Build Finished ****

**** Build of configuration Debug for project uartecho_MSP_EXP432E401Y_nortos_ccs ****

"C:\\ti\\ccs1200\\ccs\\utils\\bin\\gmake" -k -j 12 all -O 
 
gmake[1]: 'uartecho_MSP_EXP432E401Y_nortos_ccs.out' is up to date.

**** Build Finished ****

**** Build of configuration Debug for project uartecho_MSP_EXP432E401Y_nortos_ccs ****

"C:\\ti\\ccs1200\\ccs\\utils\\bin\\gmake" -k -j 12 all -O 
 
Building file: "../uartecho.c"
Invoking: Arm Compiler
"C:/ti/ccs1200/ccs/tools/compiler/ti-cgt-arm_20.2.7.LTS/bin/armcl" -mv7M4 --code_state=16 --float_support=FPv4SPD16 -me --include_path="D:/workspace/uartecho_MSP_EXP432E401Y_nortos_ccs" --include_path="D:/workspace/uartecho_MSP_EXP432E401Y_nortos_ccs/Debug" --include_path="C:/ti/simplelink_msp432e4_sdk_4_20_00_12/source" --include_path="C:/ti/simplelink_msp432e4_sdk_4_20_00_12/source/third_party/CMSIS/Include" --include_path="C:/ti/simplelink_msp432e4_sdk_4_20_00_12/kernel/nortos" --include_path="C:/ti/simplelink_msp432e4_sdk_4_20_00_12/kernel/nortos/posix" --include_path="C:/ti/ccs1200/ccs/tools/compiler/ti-cgt-arm_20.2.7.LTS/include" --advice:power=none -g --diag_warning=225 --diag_warning=255 --diag_wrap=off --display_error_number --gen_func_subsections=on --preproc_with_compile --preproc_dependency="uartecho.d_raw" --include_path="D:/workspace/uartecho_MSP_EXP432E401Y_nortos_ccs/Debug/syscfg"  "../uartecho.c"
Finished building: "../uartecho.c"
 
Building target: "uartecho_MSP_EXP432E401Y_nortos_ccs.out"
Invoking: Arm Linker
"C:/ti/ccs1200/ccs/tools/compiler/ti-cgt-arm_20.2.7.LTS/bin/armcl" -mv7M4 --code_state=16 --float_support=FPv4SPD16 -me --advice:power=none -g --diag_warning=225 --diag_warning=255 --diag_wrap=off --display_error_number --gen_func_subsections=on -z -m"uartecho_MSP_EXP432E401Y_nortos_ccs.map" -i"C:/ti/simplelink_msp432e4_sdk_4_20_00_12/source" -i"C:/ti/simplelink_msp432e4_sdk_4_20_00_12/kernel/nortos" -i"C:/ti/ccs1200/ccs/tools/compiler/ti-cgt-arm_20.2.7.LTS/lib" --diag_suppress=10063 --diag_wrap=off --display_error_number --warn_sections --xml_link_info="uartecho_MSP_EXP432E401Y_nortos_ccs_linkInfo.xml" --entry_point=resetISR --rom_model -o "uartecho_MSP_EXP432E401Y_nortos_ccs.out" "./main_nortos.obj" "./uartecho.obj" "./syscfg/ti_drivers_config.obj" "../MSP_EXP432E401Y_NoRTOS.cmd"  -l"ti/display/lib/display.aem4f" -l"ti/grlib/lib/ccs/m4f/grlib.a" -l"third_party/spiffs/lib/ccs/m4f/spiffs.a" -l"ti/drivers/lib/drivers_msp432e4.aem4f" -l"third_party/fatfs/lib/ccs/m4f/fatfs.a" -l"lib/nortos_msp432e4.aem4f" -l"ti/devices/msp432e4/driverlib/lib/ccs/m4f/msp432e4_driverlib.a" -llibc.a 
<Linking>
Finished building target: "uartecho_MSP_EXP432E401Y_nortos_ccs.out"
 

**** Build Finished ****

**** Build of configuration Debug for project uartecho_MSP_EXP432E401Y_nortos_ccs ****

"C:\\ti\\ccs1200\\ccs\\utils\\bin\\gmake" -k -j 12 all -O 
 
gmake[1]: 'uartecho_MSP_EXP432E401Y_nortos_ccs.out' is up to date.

**** Build Finished ****

**** Build of configuration Debug for project uartecho_MSP_EXP432E401Y_nortos_ccs ****

"C:\\ti\\ccs1200\\ccs\\utils\\bin\\gmake" -k -j 12 all -O 
 
Building file: "../uartecho.c"
Invoking: Arm Compiler
"C:/ti/ccs1200/ccs/tools/compiler/ti-cgt-arm_20.2.7.LTS/bin/armcl" -mv7M4 --code_state=16 --float_support=FPv4SPD16 -me --include_path="D:/workspace/uartecho_MSP_EXP432E401Y_nortos_ccs" --include_path="D:/workspace/uartecho_MSP_EXP432E401Y_nortos_ccs/Debug" --include_path="C:/ti/simplelink_msp432e4_sdk_4_20_00_12/source" --include_path="C:/ti/simplelink_msp432e4_sdk_4_20_00_12/source/third_party/CMSIS/Include" --include_path="C:/ti/simplelink_msp432e4_sdk_4_20_00_12/kernel/nortos" --include_path="C:/ti/simplelink_msp432e4_sdk_4_20_00_12/kernel/nortos/posix" --include_path="C:/ti/ccs1200/ccs/tools/compiler/ti-cgt-arm_20.2.7.LTS/include" --advice:power=none -g --diag_warning=225 --diag_warning=255 --diag_wrap=off --display_error_number --gen_func_subsections=on --preproc_with_compile --preproc_dependency="uartecho.d_raw" --include_path="D:/workspace/uartecho_MSP_EXP432E401Y_nortos_ccs/Debug/syscfg"  "../uartecho.c"
Finished building: "../uartecho.c"
 
Building target: "uartecho_MSP_EXP432E401Y_nortos_ccs.out"
Invoking: Arm Linker
"C:/ti/ccs1200/ccs/tools/compiler/ti-cgt-arm_20.2.7.LTS/bin/armcl" -mv7M4 --code_state=16 --float_support=FPv4SPD16 -me --advice:power=none -g --diag_warning=225 --diag_warning=255 --diag_wrap=off --display_error_number --gen_func_subsections=on -z -m"uartecho_MSP_EXP432E401Y_nortos_ccs.map" -i"C:/ti/simplelink_msp432e4_sdk_4_20_00_12/source" -i"C:/ti/simplelink_msp432e4_sdk_4_20_00_12/kernel/nortos" -i"C:/ti/ccs1200/ccs/tools/compiler/ti-cgt-arm_20.2.7.LTS/lib" --diag_suppress=10063 --diag_wrap=off --display_error_number --warn_sections --xml_link_info="uartecho_MSP_EXP432E401Y_nortos_ccs_linkInfo.xml" --entry_point=resetISR --rom_model -o "uartecho_MSP_EXP432E401Y_nortos_ccs.out" "./main_nortos.obj" "./uartecho.obj" "./syscfg/ti_drivers_config.obj" "../MSP_EXP432E401Y_NoRTOS.cmd"  -l"ti/display/lib/display.aem4f" -l"ti/grlib/lib/ccs/m4f/grlib.a" -l"third_party/spiffs/lib/ccs/m4f/spiffs.a" -l"ti/drivers/lib/drivers_msp432e4.aem4f" -l"third_party/fatfs/lib/ccs/m4f/fatfs.a" -l"lib/nortos_msp432e4.aem4f" -l"ti/devices/msp432e4/driverlib/lib/ccs/m4f/msp432e4_driverlib.a" -llibc.a 
<Linking>
Finished building target: "uartecho_MSP_EXP432E401Y_nortos_ccs.out"
 

**** Build Finished ****

**** Build of configuration Debug for project uartecho_MSP_EXP432E401Y_nortos_ccs ****

"C:\\ti\\ccs1200\\ccs\\utils\\bin\\gmake" -k -j 12 all -O 
 
gmake[1]: 'uartecho_MSP_EXP432E401Y_nortos_ccs.out' is up to date.

**** Build Finished ****

**** Build of configuration Debug for project uartecho_MSP_EXP432E401Y_nortos_ccs ****

"C:\\ti\\ccs1200\\ccs\\utils\\bin\\gmake" -k -j 12 all -O 
 
Building file: "../uartecho.c"
Invoking: Arm Compiler
"C:/ti/ccs1200/ccs/tools/compiler/ti-cgt-arm_20.2.7.LTS/bin/armcl" -mv7M4 --code_state=16 --float_support=FPv4SPD16 -me --include_path="D:/workspace/uartecho_MSP_EXP432E401Y_nortos_ccs" --include_path="D:/workspace/uartecho_MSP_EXP432E401Y_nortos_ccs/Debug" --include_path="C:/ti/simplelink_msp432e4_sdk_4_20_00_12/source" --include_path="C:/ti/simplelink_msp432e4_sdk_4_20_00_12/source/third_party/CMSIS/Include" --include_path="C:/ti/simplelink_msp432e4_sdk_4_20_00_12/kernel/nortos" --include_path="C:/ti/simplelink_msp432e4_sdk_4_20_00_12/kernel/nortos/posix" --include_path="C:/ti/ccs1200/ccs/tools/compiler/ti-cgt-arm_20.2.7.LTS/include" --advice:power=none -g --diag_warning=225 --diag_warning=255 --diag_wrap=off --display_error_number --gen_func_subsections=on --preproc_with_compile --preproc_dependency="uartecho.d_raw" --include_path="D:/workspace/uartecho_MSP_EXP432E401Y_nortos_ccs/Debug/syscfg"  "../uartecho.c"
Finished building: "../uartecho.c"
 
Building target: "uartecho_MSP_EXP432E401Y_nortos_ccs.out"
Invoking: Arm Linker
"C:/ti/ccs1200/ccs/tools/compiler/ti-cgt-arm_20.2.7.LTS/bin/armcl" -mv7M4 --code_state=16 --float_support=FPv4SPD16 -me --advice:power=none -g --diag_warning=225 --diag_warning=255 --diag_wrap=off --display_error_number --gen_func_subsections=on -z -m"uartecho_MSP_EXP432E401Y_nortos_ccs.map" -i"C:/ti/simplelink_msp432e4_sdk_4_20_00_12/source" -i"C:/ti/simplelink_msp432e4_sdk_4_20_00_12/kernel/nortos" -i"C:/ti/ccs1200/ccs/tools/compiler/ti-cgt-arm_20.2.7.LTS/lib" --diag_suppress=10063 --diag_wrap=off --display_error_number --warn_sections --xml_link_info="uartecho_MSP_EXP432E401Y_nortos_ccs_linkInfo.xml" --entry_point=resetISR --rom_model -o "uartecho_MSP_EXP432E401Y_nortos_ccs.out" "./main_nortos.obj" "./uartecho.obj" "./syscfg/ti_drivers_config.obj" "../MSP_EXP432E401Y_NoRTOS.cmd"  -l"ti/display/lib/display.aem4f" -l"ti/grlib/lib/ccs/m4f/grlib.a" -l"third_party/spiffs/lib/ccs/m4f/spiffs.a" -l"ti/drivers/lib/drivers_msp432e4.aem4f" -l"third_party/fatfs/lib/ccs/m4f/fatfs.a" -l"lib/nortos_msp432e4.aem4f" -l"ti/devices/msp432e4/driverlib/lib/ccs/m4f/msp432e4_driverlib.a" -llibc.a 
<Linking>
Finished building target: "uartecho_MSP_EXP432E401Y_nortos_ccs.out"
 

**** Build Finished ****

**** Build of configuration Debug for project uartecho_MSP_EXP432E401Y_nortos_ccs ****

"C:\\ti\\ccs1200\\ccs\\utils\\bin\\gmake" -k -j 12 all -O 
 
gmake[1]: 'uartecho_MSP_EXP432E401Y_nortos_ccs.out' is up to date.

**** Build Finished ****

**** Build of configuration Debug for project uartecho_MSP_EXP432E401Y_nortos_ccs ****

"C:\\ti\\ccs1200\\ccs\\utils\\bin\\gmake" -k -j 12 all -O 
 
Building file: "../uartecho.c"
Invoking: Arm Compiler
"C:/ti/ccs1200/ccs/tools/compiler/ti-cgt-arm_20.2.7.LTS/bin/armcl" -mv7M4 --code_state=16 --float_support=FPv4SPD16 -me --include_path="D:/workspace/uartecho_MSP_EXP432E401Y_nortos_ccs" --include_path="D:/workspace/uartecho_MSP_EXP432E401Y_nortos_ccs/Debug" --include_path="C:/ti/simplelink_msp432e4_sdk_4_20_00_12/source" --include_path="C:/ti/simplelink_msp432e4_sdk_4_20_00_12/source/third_party/CMSIS/Include" --include_path="C:/ti/simplelink_msp432e4_sdk_4_20_00_12/kernel/nortos" --include_path="C:/ti/simplelink_msp432e4_sdk_4_20_00_12/kernel/nortos/posix" --include_path="C:/ti/ccs1200/ccs/tools/compiler/ti-cgt-arm_20.2.7.LTS/include" --advice:power=none -g --diag_warning=225 --diag_warning=255 --diag_wrap=off --display_error_number --gen_func_subsections=on --preproc_with_compile --preproc_dependency="uartecho.d_raw" --include_path="D:/workspace/uartecho_MSP_EXP432E401Y_nortos_ccs/Debug/syscfg"  "../uartecho.c"
Finished building: "../uartecho.c"
 
Building target: "uartecho_MSP_EXP432E401Y_nortos_ccs.out"
Invoking: Arm Linker
"C:/ti/ccs1200/ccs/tools/compiler/ti-cgt-arm_20.2.7.LTS/bin/armcl" -mv7M4 --code_state=16 --float_support=FPv4SPD16 -me --advice:power=none -g --diag_warning=225 --diag_warning=255 --diag_wrap=off --display_error_number --gen_func_subsections=on -z -m"uartecho_MSP_EXP432E401Y_nortos_ccs.map" -i"C:/ti/simplelink_msp432e4_sdk_4_20_00_12/source" -i"C:/ti/simplelink_msp432e4_sdk_4_20_00_12/kernel/nortos" -i"C:/ti/ccs1200/ccs/tools/compiler/ti-cgt-arm_20.2.7.LTS/lib" --diag_suppress=10063 --diag_wrap=off --display_error_number --warn_sections --xml_link_info="uartecho_MSP_EXP432E401Y_nortos_ccs_linkInfo.xml" --entry_point=resetISR --rom_model -o "uartecho_MSP_EXP432E401Y_nortos_ccs.out" "./main_nortos.obj" "./uartecho.obj" "./syscfg/ti_drivers_config.obj" "../MSP_EXP432E401Y_NoRTOS.cmd"  -l"ti/display/lib/display.aem4f" -l"ti/grlib/lib/ccs/m4f/grlib.a" -l"third_party/spiffs/lib/ccs/m4f/spiffs.a" -l"ti/drivers/lib/drivers_msp432e4.aem4f" -l"third_party/fatfs/lib/ccs/m4f/fatfs.a" -l"lib/nortos_msp432e4.aem4f" -l"ti/devices/msp432e4/driverlib/lib/ccs/m4f/msp432e4_driverlib.a" -llibc.a 
<Linking>
Finished building target: "uartecho_MSP_EXP432E401Y_nortos_ccs.out"
 

**** Build Finished ****

**** Build of configuration Debug for project uartecho_MSP_EXP432E401Y_nortos_ccs ****

"C:\\ti\\ccs1200\\ccs\\utils\\bin\\gmake" -k -j 12 all -O 
 
gmake[1]: 'uartecho_MSP_EXP432E401Y_nortos_ccs.out' is up to date.

**** Build Finished ****

**** Build of configuration Debug for project uartecho_MSP_EXP432E401Y_nortos_ccs ****

"C:\\ti\\ccs1200\\ccs\\utils\\bin\\gmake" -k -j 12 all -O 
 
Building file: "../uartecho.c"
Invoking: Arm Compiler
"C:/ti/ccs1200/ccs/tools/compiler/ti-cgt-arm_20.2.7.LTS/bin/armcl" -mv7M4 --code_state=16 --float_support=FPv4SPD16 -me --include_path="D:/workspace/uartecho_MSP_EXP432E401Y_nortos_ccs" --include_path="D:/workspace/uartecho_MSP_EXP432E401Y_nortos_ccs/Debug" --include_path="C:/ti/simplelink_msp432e4_sdk_4_20_00_12/source" --include_path="C:/ti/simplelink_msp432e4_sdk_4_20_00_12/source/third_party/CMSIS/Include" --include_path="C:/ti/simplelink_msp432e4_sdk_4_20_00_12/kernel/nortos" --include_path="C:/ti/simplelink_msp432e4_sdk_4_20_00_12/kernel/nortos/posix" --include_path="C:/ti/ccs1200/ccs/tools/compiler/ti-cgt-arm_20.2.7.LTS/include" --advice:power=none -g --diag_warning=225 --diag_warning=255 --diag_wrap=off --display_error_number --gen_func_subsections=on --preproc_with_compile --preproc_dependency="uartecho.d_raw" --include_path="D:/workspace/uartecho_MSP_EXP432E401Y_nortos_ccs/Debug/syscfg"  "../uartecho.c"
Finished building: "../uartecho.c"
 
Building target: "uartecho_MSP_EXP432E401Y_nortos_ccs.out"
Invoking: Arm Linker
"C:/ti/ccs1200/ccs/tools/compiler/ti-cgt-arm_20.2.7.LTS/bin/armcl" -mv7M4 --code_state=16 --float_support=FPv4SPD16 -me --advice:power=none -g --diag_warning=225 --diag_warning=255 --diag_wrap=off --display_error_number --gen_func_subsections=on -z -m"uartecho_MSP_EXP432E401Y_nortos_ccs.map" -i"C:/ti/simplelink_msp432e4_sdk_4_20_00_12/source" -i"C:/ti/simplelink_msp432e4_sdk_4_20_00_12/kernel/nortos" -i"C:/ti/ccs1200/ccs/tools/compiler/ti-cgt-arm_20.2.7.LTS/lib" --diag_suppress=10063 --diag_wrap=off --display_error_number --warn_sections --xml_link_info="uartecho_MSP_EXP432E401Y_nortos_ccs_linkInfo.xml" --entry_point=resetISR --rom_model -o "uartecho_MSP_EXP432E401Y_nortos_ccs.out" "./main_nortos.obj" "./uartecho.obj" "./syscfg/ti_drivers_config.obj" "../MSP_EXP432E401Y_NoRTOS.cmd"  -l"ti/display/lib/display.aem4f" -l"ti/grlib/lib/ccs/m4f/grlib.a" -l"third_party/spiffs/lib/ccs/m4f/spiffs.a" -l"ti/drivers/lib/drivers_msp432e4.aem4f" -l"third_party/fatfs/lib/ccs/m4f/fatfs.a" -l"lib/nortos_msp432e4.aem4f" -l"ti/devices/msp432e4/driverlib/lib/ccs/m4f/msp432e4_driverlib.a" -llibc.a 
<Linking>
Finished building target: "uartecho_MSP_EXP432E401Y_nortos_ccs.out"
 

**** Build Finished ****

**** Build of configuration Debug for project uartecho_MSP_EXP432E401Y_nortos_ccs ****

"C:\\ti\\ccs1200\\ccs\\utils\\bin\\gmake" -k -j 12 all -O 
 
gmake[1]: 'uartecho_MSP_EXP432E401Y_nortos_ccs.out' is up to date.

**** Build Finished ****

**** Build of configuration Debug for project uartecho_MSP_EXP432E401Y_nortos_ccs ****

"C:\\ti\\ccs1200\\ccs\\utils\\bin\\gmake" -k -j 12 all -O 
 
gmake[1]: 'uartecho_MSP_EXP432E401Y_nortos_ccs.out' is up to date.

**** Build Finished ****

**** Build of configuration Debug for project uartecho_MSP_EXP432E401Y_nortos_ccs ****

"C:\\ti\\ccs1200\\ccs\\utils\\bin\\gmake" -k -j 12 all -O 
 
gmake[1]: 'uartecho_MSP_EXP432E401Y_nortos_ccs.out' is up to date.

**** Build Finished ****

**** Build of configuration Debug for project uartecho_MSP_EXP432E401Y_nortos_ccs ****

"C:\\ti\\ccs1200\\ccs\\utils\\bin\\gmake" -k -j 12 all -O 
 
Building file: "../uartecho.c"
Invoking: Arm Compiler
"C:/ti/ccs1200/ccs/tools/compiler/ti-cgt-arm_20.2.7.LTS/bin/armcl" -mv7M4 --code_state=16 --float_support=FPv4SPD16 -me --include_path="D:/workspace/uartecho_MSP_EXP432E401Y_nortos_ccs" --include_path="D:/workspace/uartecho_MSP_EXP432E401Y_nortos_ccs/Debug" --include_path="C:/ti/simplelink_msp432e4_sdk_4_20_00_12/source" --include_path="C:/ti/simplelink_msp432e4_sdk_4_20_00_12/source/third_party/CMSIS/Include" --include_path="C:/ti/simplelink_msp432e4_sdk_4_20_00_12/kernel/nortos" --include_path="C:/ti/simplelink_msp432e4_sdk_4_20_00_12/kernel/nortos/posix" --include_path="C:/ti/ccs1200/ccs/tools/compiler/ti-cgt-arm_20.2.7.LTS/include" --advice:power=none -g --diag_warning=225 --diag_warning=255 --diag_wrap=off --display_error_number --gen_func_subsections=on --preproc_with_compile --preproc_dependency="uartecho.d_raw" --include_path="D:/workspace/uartecho_MSP_EXP432E401Y_nortos_ccs/Debug/syscfg"  "../uartecho.c"
Finished building: "../uartecho.c"
 
Building target: "uartecho_MSP_EXP432E401Y_nortos_ccs.out"
Invoking: Arm Linker
"C:/ti/ccs1200/ccs/tools/compiler/ti-cgt-arm_20.2.7.LTS/bin/armcl" -mv7M4 --code_state=16 --float_support=FPv4SPD16 -me --advice:power=none -g --diag_warning=225 --diag_warning=255 --diag_wrap=off --display_error_number --gen_func_subsections=on -z -m"uartecho_MSP_EXP432E401Y_nortos_ccs.map" -i"C:/ti/simplelink_msp432e4_sdk_4_20_00_12/source" -i"C:/ti/simplelink_msp432e4_sdk_4_20_00_12/kernel/nortos" -i"C:/ti/ccs1200/ccs/tools/compiler/ti-cgt-arm_20.2.7.LTS/lib" --diag_suppress=10063 --diag_wrap=off --display_error_number --warn_sections --xml_link_info="uartecho_MSP_EXP432E401Y_nortos_ccs_linkInfo.xml" --entry_point=resetISR --rom_model -o "uartecho_MSP_EXP432E401Y_nortos_ccs.out" "./main_nortos.obj" "./uartecho.obj" "./syscfg/ti_drivers_config.obj" "../MSP_EXP432E401Y_NoRTOS.cmd"  -l"ti/display/lib/display.aem4f" -l"ti/grlib/lib/ccs/m4f/grlib.a" -l"third_party/spiffs/lib/ccs/m4f/spiffs.a" -l"ti/drivers/lib/drivers_msp432e4.aem4f" -l"third_party/fatfs/lib/ccs/m4f/fatfs.a" -l"lib/nortos_msp432e4.aem4f" -l"ti/devices/msp432e4/driverlib/lib/ccs/m4f/msp432e4_driverlib.a" -llibc.a 
<Linking>
Finished building target: "uartecho_MSP_EXP432E401Y_nortos_ccs.out"
 

**** Build Finished ****

**** Build of configuration Debug for project uartecho_MSP_EXP432E401Y_nortos_ccs ****

"C:\\ti\\ccs1200\\ccs\\utils\\bin\\gmake" -k -j 12 all -O 
 
gmake[1]: 'uartecho_MSP_EXP432E401Y_nortos_ccs.out' is up to date.

**** Build Finished ****

**** Build of configuration Debug for project uartecho_MSP_EXP432E401Y_nortos_ccs ****

"C:\\ti\\ccs1200\\ccs\\utils\\bin\\gmake" -k -j 12 all -O 
 
gmake[1]: 'uartecho_MSP_EXP432E401Y_nortos_ccs.out' is up to date.

**** Build Finished ****

**** Build of configuration Debug for project uartecho_MSP_EXP432E401Y_nortos_ccs ****

"C:\\ti\\ccs1200\\ccs\\utils\\bin\\gmake" -k -j 12 all -O 
 
Building file: "../uartecho.c"
Invoking: Arm Compiler
"C:/ti/ccs1200/ccs/tools/compiler/ti-cgt-arm_20.2.7.LTS/bin/armcl" -mv7M4 --code_state=16 --float_support=FPv4SPD16 -me --include_path="D:/workspace/uartecho_MSP_EXP432E401Y_nortos_ccs" --include_path="D:/workspace/uartecho_MSP_EXP432E401Y_nortos_ccs/Debug" --include_path="C:/ti/simplelink_msp432e4_sdk_4_20_00_12/source" --include_path="C:/ti/simplelink_msp432e4_sdk_4_20_00_12/source/third_party/CMSIS/Include" --include_path="C:/ti/simplelink_msp432e4_sdk_4_20_00_12/kernel/nortos" --include_path="C:/ti/simplelink_msp432e4_sdk_4_20_00_12/kernel/nortos/posix" --include_path="C:/ti/ccs1200/ccs/tools/compiler/ti-cgt-arm_20.2.7.LTS/include" --advice:power=none -g --diag_warning=225 --diag_warning=255 --diag_wrap=off --display_error_number --gen_func_subsections=on --preproc_with_compile --preproc_dependency="uartecho.d_raw" --include_path="D:/workspace/uartecho_MSP_EXP432E401Y_nortos_ccs/Debug/syscfg"  "../uartecho.c"
"../uartecho.c", line 191: warning #522-D: initialization with "{...}" expected for aggregate object
"../uartecho.c", line 238: warning #121-D: return value type does not match the function type
Finished building: "../uartecho.c"
 
Building target: "uartecho_MSP_EXP432E401Y_nortos_ccs.out"
Invoking: Arm Linker
"C:/ti/ccs1200/ccs/tools/compiler/ti-cgt-arm_20.2.7.LTS/bin/armcl" -mv7M4 --code_state=16 --float_support=FPv4SPD16 -me --advice:power=none -g --diag_warning=225 --diag_warning=255 --diag_wrap=off --display_error_number --gen_func_subsections=on -z -m"uartecho_MSP_EXP432E401Y_nortos_ccs.map" -i"C:/ti/simplelink_msp432e4_sdk_4_20_00_12/source" -i"C:/ti/simplelink_msp432e4_sdk_4_20_00_12/kernel/nortos" -i"C:/ti/ccs1200/ccs/tools/compiler/ti-cgt-arm_20.2.7.LTS/lib" --diag_suppress=10063 --diag_wrap=off --display_error_number --warn_sections --xml_link_info="uartecho_MSP_EXP432E401Y_nortos_ccs_linkInfo.xml" --entry_point=resetISR --rom_model -o "uartecho_MSP_EXP432E401Y_nortos_ccs.out" "./main_nortos.obj" "./uartecho.obj" "./syscfg/ti_drivers_config.obj" "../MSP_EXP432E401Y_NoRTOS.cmd"  -l"ti/display/lib/display.aem4f" -l"ti/grlib/lib/ccs/m4f/grlib.a" -l"third_party/spiffs/lib/ccs/m4f/spiffs.a" -l"ti/drivers/lib/drivers_msp432e4.aem4f" -l"third_party/fatfs/lib/ccs/m4f/fatfs.a" -l"lib/nortos_msp432e4.aem4f" -l"ti/devices/msp432e4/driverlib/lib/ccs/m4f/msp432e4_driverlib.a" -llibc.a 
<Linking>
Finished building target: "uartecho_MSP_EXP432E401Y_nortos_ccs.out"
 

**** Build Finished ****

**** Build of configuration Debug for project uartecho_MSP_EXP432E401Y_nortos_ccs ****

"C:\\ti\\ccs1200\\ccs\\utils\\bin\\gmake" -k -j 12 all -O 
 
Building file: "../uartecho.c"
Invoking: Arm Compiler
"C:/ti/ccs1200/ccs/tools/compiler/ti-cgt-arm_20.2.7.LTS/bin/armcl" -mv7M4 --code_state=16 --float_support=FPv4SPD16 -me --include_path="D:/workspace/uartecho_MSP_EXP432E401Y_nortos_ccs" --include_path="D:/workspace/uartecho_MSP_EXP432E401Y_nortos_ccs/Debug" --include_path="C:/ti/simplelink_msp432e4_sdk_4_20_00_12/source" --include_path="C:/ti/simplelink_msp432e4_sdk_4_20_00_12/source/third_party/CMSIS/Include" --include_path="C:/ti/simplelink_msp432e4_sdk_4_20_00_12/kernel/nortos" --include_path="C:/ti/simplelink_msp432e4_sdk_4_20_00_12/kernel/nortos/posix" --include_path="C:/ti/ccs1200/ccs/tools/compiler/ti-cgt-arm_20.2.7.LTS/include" --advice:power=none -g --diag_warning=225 --diag_warning=255 --diag_wrap=off --display_error_number --gen_func_subsections=on --preproc_with_compile --preproc_dependency="uartecho.d_raw" --include_path="D:/workspace/uartecho_MSP_EXP432E401Y_nortos_ccs/Debug/syscfg"  "../uartecho.c"
 
>> Compilation failure
subdir_rules.mk:9: recipe for target 'uartecho.obj' failed
"../uartecho.c", line 191: error #138: expression must be a modifiable lvalue
"../uartecho.c", line 227: warning #515-D: a value of type "char *" cannot be assigned to an entity of type "char"
"../uartecho.c", line 231: error #76: operand of "*" must be a pointer
"../uartecho.c", line 234: error #76: operand of "*" must be a pointer
3 errors detected in the compilation of "../uartecho.c".
gmake: *** [uartecho.obj] Error 1
gmake: Target 'all' not remade because of errors.

**** Build Finished ****

**** Build of configuration Debug for project uartecho_MSP_EXP432E401Y_nortos_ccs ****

"C:\\ti\\ccs1200\\ccs\\utils\\bin\\gmake" -k -j 12 all -O 
 
Building file: "../uartecho.c"
Invoking: Arm Compiler
"C:/ti/ccs1200/ccs/tools/compiler/ti-cgt-arm_20.2.7.LTS/bin/armcl" -mv7M4 --code_state=16 --float_support=FPv4SPD16 -me --include_path="D:/workspace/uartecho_MSP_EXP432E401Y_nortos_ccs" --include_path="D:/workspace/uartecho_MSP_EXP432E401Y_nortos_ccs/Debug" --include_path="C:/ti/simplelink_msp432e4_sdk_4_20_00_12/source" --include_path="C:/ti/simplelink_msp432e4_sdk_4_20_00_12/source/third_party/CMSIS/Include" --include_path="C:/ti/simplelink_msp432e4_sdk_4_20_00_12/kernel/nortos" --include_path="C:/ti/simplelink_msp432e4_sdk_4_20_00_12/kernel/nortos/posix" --include_path="C:/ti/ccs1200/ccs/tools/compiler/ti-cgt-arm_20.2.7.LTS/include" --advice:power=none -g --diag_warning=225 --diag_warning=255 --diag_wrap=off --display_error_number --gen_func_subsections=on --preproc_with_compile --preproc_dependency="uartecho.d_raw" --include_path="D:/workspace/uartecho_MSP_EXP432E401Y_nortos_ccs/Debug/syscfg"  "../uartecho.c"
 
>> Compilation failure
subdir_rules.mk:9: recipe for target 'uartecho.obj' failed
"../uartecho.c", line 191: error #138: expression must be a modifiable lvalue
"../uartecho.c", line 227: warning #515-D: a value of type "char *" cannot be assigned to an entity of type "char"
1 error detected in the compilation of "../uartecho.c".
gmake: *** [uartecho.obj] Error 1
gmake: Target 'all' not remade because of errors.

**** Build Finished ****

**** Build of configuration Debug for project uartecho_MSP_EXP432E401Y_nortos_ccs ****

"C:\\ti\\ccs1200\\ccs\\utils\\bin\\gmake" -k -j 12 all -O 
 
Building file: "../uartecho.c"
Invoking: Arm Compiler
"C:/ti/ccs1200/ccs/tools/compiler/ti-cgt-arm_20.2.7.LTS/bin/armcl" -mv7M4 --code_state=16 --float_support=FPv4SPD16 -me --include_path="D:/workspace/uartecho_MSP_EXP432E401Y_nortos_ccs" --include_path="D:/workspace/uartecho_MSP_EXP432E401Y_nortos_ccs/Debug" --include_path="C:/ti/simplelink_msp432e4_sdk_4_20_00_12/source" --include_path="C:/ti/simplelink_msp432e4_sdk_4_20_00_12/source/third_party/CMSIS/Include" --include_path="C:/ti/simplelink_msp432e4_sdk_4_20_00_12/kernel/nortos" --include_path="C:/ti/simplelink_msp432e4_sdk_4_20_00_12/kernel/nortos/posix" --include_path="C:/ti/ccs1200/ccs/tools/compiler/ti-cgt-arm_20.2.7.LTS/include" --advice:power=none -g --diag_warning=225 --diag_warning=255 --diag_wrap=off --display_error_number --gen_func_subsections=on --preproc_with_compile --preproc_dependency="uartecho.d_raw" --include_path="D:/workspace/uartecho_MSP_EXP432E401Y_nortos_ccs/Debug/syscfg"  "../uartecho.c"
 
>> Compilation failure
subdir_rules.mk:9: recipe for target 'uartecho.obj' failed
"../uartecho.c", line 191: error #138: expression must be a modifiable lvalue
"../uartecho.c", line 227: warning #515-D: a value of type "char *" cannot be assigned to an entity of type "char"
1 error detected in the compilation of "../uartecho.c".
gmake: *** [uartecho.obj] Error 1
gmake: Target 'all' not remade because of errors.

**** Build Finished ****

**** Build of configuration Debug for project uartecho_MSP_EXP432E401Y_nortos_ccs ****

"C:\\ti\\ccs1200\\ccs\\utils\\bin\\gmake" -k -j 12 all -O 
 
Building file: "../uartecho.c"
Invoking: Arm Compiler
"C:/ti/ccs1200/ccs/tools/compiler/ti-cgt-arm_20.2.7.LTS/bin/armcl" -mv7M4 --code_state=16 --float_support=FPv4SPD16 -me --include_path="D:/workspace/uartecho_MSP_EXP432E401Y_nortos_ccs" --include_path="D:/workspace/uartecho_MSP_EXP432E401Y_nortos_ccs/Debug" --include_path="C:/ti/simplelink_msp432e4_sdk_4_20_00_12/source" --include_path="C:/ti/simplelink_msp432e4_sdk_4_20_00_12/source/third_party/CMSIS/Include" --include_path="C:/ti/simplelink_msp432e4_sdk_4_20_00_12/kernel/nortos" --include_path="C:/ti/simplelink_msp432e4_sdk_4_20_00_12/kernel/nortos/posix" --include_path="C:/ti/ccs1200/ccs/tools/compiler/ti-cgt-arm_20.2.7.LTS/include" --advice:power=none -g --diag_warning=225 --diag_warning=255 --diag_wrap=off --display_error_number --gen_func_subsections=on --preproc_with_compile --preproc_dependency="uartecho.d_raw" --include_path="D:/workspace/uartecho_MSP_EXP432E401Y_nortos_ccs/Debug/syscfg"  "../uartecho.c"
 
>> Compilation failure
subdir_rules.mk:9: recipe for target 'uartecho.obj' failed
"../uartecho.c", line 191: error #138: expression must be a modifiable lvalue
"../uartecho.c", line 227: warning #515-D: a value of type "char *" cannot be assigned to an entity of type "char"
"../uartecho.c", line 227: warning #551-D: variable "c" is used before its value is set
1 error detected in the compilation of "../uartecho.c".
gmake: *** [uartecho.obj] Error 1
gmake: Target 'all' not remade because of errors.

**** Build Finished ****

**** Build of configuration Debug for project uartecho_MSP_EXP432E401Y_nortos_ccs ****

"C:\\ti\\ccs1200\\ccs\\utils\\bin\\gmake" -k -j 12 all -O 
 
Building file: "../uartecho.c"
Invoking: Arm Compiler
"C:/ti/ccs1200/ccs/tools/compiler/ti-cgt-arm_20.2.7.LTS/bin/armcl" -mv7M4 --code_state=16 --float_support=FPv4SPD16 -me --include_path="D:/workspace/uartecho_MSP_EXP432E401Y_nortos_ccs" --include_path="D:/workspace/uartecho_MSP_EXP432E401Y_nortos_ccs/Debug" --include_path="C:/ti/simplelink_msp432e4_sdk_4_20_00_12/source" --include_path="C:/ti/simplelink_msp432e4_sdk_4_20_00_12/source/third_party/CMSIS/Include" --include_path="C:/ti/simplelink_msp432e4_sdk_4_20_00_12/kernel/nortos" --include_path="C:/ti/simplelink_msp432e4_sdk_4_20_00_12/kernel/nortos/posix" --include_path="C:/ti/ccs1200/ccs/tools/compiler/ti-cgt-arm_20.2.7.LTS/include" --advice:power=none -g --diag_warning=225 --diag_warning=255 --diag_wrap=off --display_error_number --gen_func_subsections=on --preproc_with_compile --preproc_dependency="uartecho.d_raw" --include_path="D:/workspace/uartecho_MSP_EXP432E401Y_nortos_ccs/Debug/syscfg"  "../uartecho.c"
 
>> Compilation failure
subdir_rules.mk:9: recipe for target 'uartecho.obj' failed
"../uartecho.c", line 191: error #138: expression must be a modifiable lvalue
1 error detected in the compilation of "../uartecho.c".
gmake: *** [uartecho.obj] Error 1
gmake: Target 'all' not remade because of errors.

**** Build Finished ****

**** Build of configuration Debug for project uartecho_MSP_EXP432E401Y_nortos_ccs ****

"C:\\ti\\ccs1200\\ccs\\utils\\bin\\gmake" -k -j 12 all -O 
 
Building file: "../uartecho.c"
Invoking: Arm Compiler
"C:/ti/ccs1200/ccs/tools/compiler/ti-cgt-arm_20.2.7.LTS/bin/armcl" -mv7M4 --code_state=16 --float_support=FPv4SPD16 -me --include_path="D:/workspace/uartecho_MSP_EXP432E401Y_nortos_ccs" --include_path="D:/workspace/uartecho_MSP_EXP432E401Y_nortos_ccs/Debug" --include_path="C:/ti/simplelink_msp432e4_sdk_4_20_00_12/source" --include_path="C:/ti/simplelink_msp432e4_sdk_4_20_00_12/source/third_party/CMSIS/Include" --include_path="C:/ti/simplelink_msp432e4_sdk_4_20_00_12/kernel/nortos" --include_path="C:/ti/simplelink_msp432e4_sdk_4_20_00_12/kernel/nortos/posix" --include_path="C:/ti/ccs1200/ccs/tools/compiler/ti-cgt-arm_20.2.7.LTS/include" --advice:power=none -g --diag_warning=225 --diag_warning=255 --diag_wrap=off --display_error_number --gen_func_subsections=on --preproc_with_compile --preproc_dependency="uartecho.d_raw" --include_path="D:/workspace/uartecho_MSP_EXP432E401Y_nortos_ccs/Debug/syscfg"  "../uartecho.c"
Finished building: "../uartecho.c"
 
Building target: "uartecho_MSP_EXP432E401Y_nortos_ccs.out"
Invoking: Arm Linker
"C:/ti/ccs1200/ccs/tools/compiler/ti-cgt-arm_20.2.7.LTS/bin/armcl" -mv7M4 --code_state=16 --float_support=FPv4SPD16 -me --advice:power=none -g --diag_warning=225 --diag_warning=255 --diag_wrap=off --display_error_number --gen_func_subsections=on -z -m"uartecho_MSP_EXP432E401Y_nortos_ccs.map" -i"C:/ti/simplelink_msp432e4_sdk_4_20_00_12/source" -i"C:/ti/simplelink_msp432e4_sdk_4_20_00_12/kernel/nortos" -i"C:/ti/ccs1200/ccs/tools/compiler/ti-cgt-arm_20.2.7.LTS/lib" --diag_suppress=10063 --diag_wrap=off --display_error_number --warn_sections --xml_link_info="uartecho_MSP_EXP432E401Y_nortos_ccs_linkInfo.xml" --entry_point=resetISR --rom_model -o "uartecho_MSP_EXP432E401Y_nortos_ccs.out" "./main_nortos.obj" "./uartecho.obj" "./syscfg/ti_drivers_config.obj" "../MSP_EXP432E401Y_NoRTOS.cmd"  -l"ti/display/lib/display.aem4f" -l"ti/grlib/lib/ccs/m4f/grlib.a" -l"third_party/spiffs/lib/ccs/m4f/spiffs.a" -l"ti/drivers/lib/drivers_msp432e4.aem4f" -l"third_party/fatfs/lib/ccs/m4f/fatfs.a" -l"lib/nortos_msp432e4.aem4f" -l"ti/devices/msp432e4/driverlib/lib/ccs/m4f/msp432e4_driverlib.a" -llibc.a 
<Linking>
Finished building target: "uartecho_MSP_EXP432E401Y_nortos_ccs.out"
 

**** Build Finished ****

**** Build of configuration Debug for project uartecho_MSP_EXP432E401Y_nortos_ccs ****

"C:\\ti\\ccs1200\\ccs\\utils\\bin\\gmake" -k -j 12 all -O 
 
gmake[1]: 'uartecho_MSP_EXP432E401Y_nortos_ccs.out' is up to date.

**** Build Finished ****

**** Build of configuration Debug for project uartecho_MSP_EXP432E401Y_nortos_ccs ****

"C:\\ti\\ccs1200\\ccs\\utils\\bin\\gmake" -k -j 12 all -O 
 
Building file: "../uartecho.c"
Invoking: Arm Compiler
"C:/ti/ccs1200/ccs/tools/compiler/ti-cgt-arm_20.2.7.LTS/bin/armcl" -mv7M4 --code_state=16 --float_support=FPv4SPD16 -me --include_path="D:/workspace/uartecho_MSP_EXP432E401Y_nortos_ccs" --include_path="D:/workspace/uartecho_MSP_EXP432E401Y_nortos_ccs/Debug" --include_path="C:/ti/simplelink_msp432e4_sdk_4_20_00_12/source" --include_path="C:/ti/simplelink_msp432e4_sdk_4_20_00_12/source/third_party/CMSIS/Include" --include_path="C:/ti/simplelink_msp432e4_sdk_4_20_00_12/kernel/nortos" --include_path="C:/ti/simplelink_msp432e4_sdk_4_20_00_12/kernel/nortos/posix" --include_path="C:/ti/ccs1200/ccs/tools/compiler/ti-cgt-arm_20.2.7.LTS/include" --advice:power=none -g --diag_warning=225 --diag_warning=255 --diag_wrap=off --display_error_number --gen_func_subsections=on --preproc_with_compile --preproc_dependency="uartecho.d_raw" --include_path="D:/workspace/uartecho_MSP_EXP432E401Y_nortos_ccs/Debug/syscfg"  "../uartecho.c"
"../uartecho.c", line 191: warning #225-D: function "UART_Write" declared implicitly
Finished building: "../uartecho.c"
 
Building target: "uartecho_MSP_EXP432E401Y_nortos_ccs.out"
Invoking: Arm Linker
"C:/ti/ccs1200/ccs/tools/compiler/ti-cgt-arm_20.2.7.LTS/bin/armcl" -mv7M4 --code_state=16 --float_support=FPv4SPD16 -me --advice:power=none -g --diag_warning=225 --diag_warning=255 --diag_wrap=off --display_error_number --gen_func_subsections=on -z -m"uartecho_MSP_EXP432E401Y_nortos_ccs.map" -i"C:/ti/simplelink_msp432e4_sdk_4_20_00_12/source" -i"C:/ti/simplelink_msp432e4_sdk_4_20_00_12/kernel/nortos" -i"C:/ti/ccs1200/ccs/tools/compiler/ti-cgt-arm_20.2.7.LTS/lib" --diag_suppress=10063 --diag_wrap=off --display_error_number --warn_sections --xml_link_info="uartecho_MSP_EXP432E401Y_nortos_ccs_linkInfo.xml" --entry_point=resetISR --rom_model -o "uartecho_MSP_EXP432E401Y_nortos_ccs.out" "./main_nortos.obj" "./uartecho.obj" "./syscfg/ti_drivers_config.obj" "../MSP_EXP432E401Y_NoRTOS.cmd"  -l"ti/display/lib/display.aem4f" -l"ti/grlib/lib/ccs/m4f/grlib.a" -l"third_party/spiffs/lib/ccs/m4f/spiffs.a" -l"ti/drivers/lib/drivers_msp432e4.aem4f" -l"third_party/fatfs/lib/ccs/m4f/fatfs.a" -l"lib/nortos_msp432e4.aem4f" -l"ti/devices/msp432e4/driverlib/lib/ccs/m4f/msp432e4_driverlib.a" -llibc.a 
<Linking>
 
 undefined  first referenced
  symbol        in file     
 ---------  ----------------
 UART_Write ./uartecho.obj  
 
error #10234-D: unresolved symbols remain
error #10010: errors encountered during linking; "uartecho_MSP_EXP432E401Y_nortos_ccs.out" not built
 
>> Compilation failure
makefile:150: recipe for target 'uartecho_MSP_EXP432E401Y_nortos_ccs.out' failed
gmake[1]: *** [uartecho_MSP_EXP432E401Y_nortos_ccs.out] Error 1
makefile:146: recipe for target 'all' failed
gmake: *** [all] Error 2

**** Build Finished ****

**** Build of configuration Debug for project uartecho_MSP_EXP432E401Y_nortos_ccs ****

"C:\\ti\\ccs1200\\ccs\\utils\\bin\\gmake" -k -j 12 all -O 
 
Building file: "../uartecho.c"
Invoking: Arm Compiler
"C:/ti/ccs1200/ccs/tools/compiler/ti-cgt-arm_20.2.7.LTS/bin/armcl" -mv7M4 --code_state=16 --float_support=FPv4SPD16 -me --include_path="D:/workspace/uartecho_MSP_EXP432E401Y_nortos_ccs" --include_path="D:/workspace/uartecho_MSP_EXP432E401Y_nortos_ccs/Debug" --include_path="C:/ti/simplelink_msp432e4_sdk_4_20_00_12/source" --include_path="C:/ti/simplelink_msp432e4_sdk_4_20_00_12/source/third_party/CMSIS/Include" --include_path="C:/ti/simplelink_msp432e4_sdk_4_20_00_12/kernel/nortos" --include_path="C:/ti/simplelink_msp432e4_sdk_4_20_00_12/kernel/nortos/posix" --include_path="C:/ti/ccs1200/ccs/tools/compiler/ti-cgt-arm_20.2.7.LTS/include" --advice:power=none -g --diag_warning=225 --diag_warning=255 --diag_wrap=off --display_error_number --gen_func_subsections=on --preproc_with_compile --preproc_dependency="uartecho.d_raw" --include_path="D:/workspace/uartecho_MSP_EXP432E401Y_nortos_ccs/Debug/syscfg"  "../uartecho.c"
"../uartecho.c", line 191: warning #169-D: argument of type "char *" is incompatible with parameter of type "char"
Finished building: "../uartecho.c"
 
Building target: "uartecho_MSP_EXP432E401Y_nortos_ccs.out"
Invoking: Arm Linker
"C:/ti/ccs1200/ccs/tools/compiler/ti-cgt-arm_20.2.7.LTS/bin/armcl" -mv7M4 --code_state=16 --float_support=FPv4SPD16 -me --advice:power=none -g --diag_warning=225 --diag_warning=255 --diag_wrap=off --display_error_number --gen_func_subsections=on -z -m"uartecho_MSP_EXP432E401Y_nortos_ccs.map" -i"C:/ti/simplelink_msp432e4_sdk_4_20_00_12/source" -i"C:/ti/simplelink_msp432e4_sdk_4_20_00_12/kernel/nortos" -i"C:/ti/ccs1200/ccs/tools/compiler/ti-cgt-arm_20.2.7.LTS/lib" --diag_suppress=10063 --diag_wrap=off --display_error_number --warn_sections --xml_link_info="uartecho_MSP_EXP432E401Y_nortos_ccs_linkInfo.xml" --entry_point=resetISR --rom_model -o "uartecho_MSP_EXP432E401Y_nortos_ccs.out" "./main_nortos.obj" "./uartecho.obj" "./syscfg/ti_drivers_config.obj" "../MSP_EXP432E401Y_NoRTOS.cmd"  -l"ti/display/lib/display.aem4f" -l"ti/grlib/lib/ccs/m4f/grlib.a" -l"third_party/spiffs/lib/ccs/m4f/spiffs.a" -l"ti/drivers/lib/drivers_msp432e4.aem4f" -l"third_party/fatfs/lib/ccs/m4f/fatfs.a" -l"lib/nortos_msp432e4.aem4f" -l"ti/devices/msp432e4/driverlib/lib/ccs/m4f/msp432e4_driverlib.a" -llibc.a 
<Linking>
Finished building target: "uartecho_MSP_EXP432E401Y_nortos_ccs.out"
 

**** Build Finished ****

**** Build of configuration Debug for project uartecho_MSP_EXP432E401Y_nortos_ccs ****

"C:\\ti\\ccs1200\\ccs\\utils\\bin\\gmake" -k -j 12 all -O 
 
Building file: "../uartecho.c"
Invoking: Arm Compiler
"C:/ti/ccs1200/ccs/tools/compiler/ti-cgt-arm_20.2.7.LTS/bin/armcl" -mv7M4 --code_state=16 --float_support=FPv4SPD16 -me --include_path="D:/workspace/uartecho_MSP_EXP432E401Y_nortos_ccs" --include_path="D:/workspace/uartecho_MSP_EXP432E401Y_nortos_ccs/Debug" --include_path="C:/ti/simplelink_msp432e4_sdk_4_20_00_12/source" --include_path="C:/ti/simplelink_msp432e4_sdk_4_20_00_12/source/third_party/CMSIS/Include" --include_path="C:/ti/simplelink_msp432e4_sdk_4_20_00_12/kernel/nortos" --include_path="C:/ti/simplelink_msp432e4_sdk_4_20_00_12/kernel/nortos/posix" --include_path="C:/ti/ccs1200/ccs/tools/compiler/ti-cgt-arm_20.2.7.LTS/include" --advice:power=none -g --diag_warning=225 --diag_warning=255 --diag_wrap=off --display_error_number --gen_func_subsections=on --preproc_with_compile --preproc_dependency="uartecho.d_raw" --include_path="D:/workspace/uartecho_MSP_EXP432E401Y_nortos_ccs/Debug/syscfg"  "../uartecho.c"
"../uartecho.c", line 191: warning #169-D: argument of type "char **" is incompatible with parameter of type "char *"
"../uartecho.c", line 191: warning #169-D: argument of type "char *" is incompatible with parameter of type "char"
Finished building: "../uartecho.c"
 
Building target: "uartecho_MSP_EXP432E401Y_nortos_ccs.out"
Invoking: Arm Linker
"C:/ti/ccs1200/ccs/tools/compiler/ti-cgt-arm_20.2.7.LTS/bin/armcl" -mv7M4 --code_state=16 --float_support=FPv4SPD16 -me --advice:power=none -g --diag_warning=225 --diag_warning=255 --diag_wrap=off --display_error_number --gen_func_subsections=on -z -m"uartecho_MSP_EXP432E401Y_nortos_ccs.map" -i"C:/ti/simplelink_msp432e4_sdk_4_20_00_12/source" -i"C:/ti/simplelink_msp432e4_sdk_4_20_00_12/kernel/nortos" -i"C:/ti/ccs1200/ccs/tools/compiler/ti-cgt-arm_20.2.7.LTS/lib" --diag_suppress=10063 --diag_wrap=off --display_error_number --warn_sections --xml_link_info="uartecho_MSP_EXP432E401Y_nortos_ccs_linkInfo.xml" --entry_point=resetISR --rom_model -o "uartecho_MSP_EXP432E401Y_nortos_ccs.out" "./main_nortos.obj" "./uartecho.obj" "./syscfg/ti_drivers_config.obj" "../MSP_EXP432E401Y_NoRTOS.cmd"  -l"ti/display/lib/display.aem4f" -l"ti/grlib/lib/ccs/m4f/grlib.a" -l"third_party/spiffs/lib/ccs/m4f/spiffs.a" -l"ti/drivers/lib/drivers_msp432e4.aem4f" -l"third_party/fatfs/lib/ccs/m4f/fatfs.a" -l"lib/nortos_msp432e4.aem4f" -l"ti/devices/msp432e4/driverlib/lib/ccs/m4f/msp432e4_driverlib.a" -llibc.a 
<Linking>
Finished building target: "uartecho_MSP_EXP432E401Y_nortos_ccs.out"
 

**** Build Finished ****

**** Build of configuration Debug for project uartecho_MSP_EXP432E401Y_nortos_ccs ****

"C:\\ti\\ccs1200\\ccs\\utils\\bin\\gmake" -k -j 12 all -O 
 
Building file: "../uartecho.c"
Invoking: Arm Compiler
"C:/ti/ccs1200/ccs/tools/compiler/ti-cgt-arm_20.2.7.LTS/bin/armcl" -mv7M4 --code_state=16 --float_support=FPv4SPD16 -me --include_path="D:/workspace/uartecho_MSP_EXP432E401Y_nortos_ccs" --include_path="D:/workspace/uartecho_MSP_EXP432E401Y_nortos_ccs/Debug" --include_path="C:/ti/simplelink_msp432e4_sdk_4_20_00_12/source" --include_path="C:/ti/simplelink_msp432e4_sdk_4_20_00_12/source/third_party/CMSIS/Include" --include_path="C:/ti/simplelink_msp432e4_sdk_4_20_00_12/kernel/nortos" --include_path="C:/ti/simplelink_msp432e4_sdk_4_20_00_12/kernel/nortos/posix" --include_path="C:/ti/ccs1200/ccs/tools/compiler/ti-cgt-arm_20.2.7.LTS/include" --advice:power=none -g --diag_warning=225 --diag_warning=255 --diag_wrap=off --display_error_number --gen_func_subsections=on --preproc_with_compile --preproc_dependency="uartecho.d_raw" --include_path="D:/workspace/uartecho_MSP_EXP432E401Y_nortos_ccs/Debug/syscfg"  "../uartecho.c"
Finished building: "../uartecho.c"
 
Building target: "uartecho_MSP_EXP432E401Y_nortos_ccs.out"
Invoking: Arm Linker
"C:/ti/ccs1200/ccs/tools/compiler/ti-cgt-arm_20.2.7.LTS/bin/armcl" -mv7M4 --code_state=16 --float_support=FPv4SPD16 -me --advice:power=none -g --diag_warning=225 --diag_warning=255 --diag_wrap=off --display_error_number --gen_func_subsections=on -z -m"uartecho_MSP_EXP432E401Y_nortos_ccs.map" -i"C:/ti/simplelink_msp432e4_sdk_4_20_00_12/source" -i"C:/ti/simplelink_msp432e4_sdk_4_20_00_12/kernel/nortos" -i"C:/ti/ccs1200/ccs/tools/compiler/ti-cgt-arm_20.2.7.LTS/lib" --diag_suppress=10063 --diag_wrap=off --display_error_number --warn_sections --xml_link_info="uartecho_MSP_EXP432E401Y_nortos_ccs_linkInfo.xml" --entry_point=resetISR --rom_model -o "uartecho_MSP_EXP432E401Y_nortos_ccs.out" "./main_nortos.obj" "./uartecho.obj" "./syscfg/ti_drivers_config.obj" "../MSP_EXP432E401Y_NoRTOS.cmd"  -l"ti/display/lib/display.aem4f" -l"ti/grlib/lib/ccs/m4f/grlib.a" -l"third_party/spiffs/lib/ccs/m4f/spiffs.a" -l"ti/drivers/lib/drivers_msp432e4.aem4f" -l"third_party/fatfs/lib/ccs/m4f/fatfs.a" -l"lib/nortos_msp432e4.aem4f" -l"ti/devices/msp432e4/driverlib/lib/ccs/m4f/msp432e4_driverlib.a" -llibc.a 
<Linking>
Finished building target: "uartecho_MSP_EXP432E401Y_nortos_ccs.out"
 

**** Build Finished ****

**** Build of configuration Debug for project uartecho_MSP_EXP432E401Y_nortos_ccs ****

"C:\\ti\\ccs1200\\ccs\\utils\\bin\\gmake" -k -j 12 all -O 
 
gmake[1]: 'uartecho_MSP_EXP432E401Y_nortos_ccs.out' is up to date.

**** Build Finished ****

**** Build of configuration Debug for project uartecho_MSP_EXP432E401Y_nortos_ccs ****

"C:\\ti\\ccs1200\\ccs\\utils\\bin\\gmake" -k -j 12 all -O 
 
Building file: "../uartecho.c"
Invoking: Arm Compiler
"C:/ti/ccs1200/ccs/tools/compiler/ti-cgt-arm_20.2.7.LTS/bin/armcl" -mv7M4 --code_state=16 --float_support=FPv4SPD16 -me --include_path="D:/workspace/uartecho_MSP_EXP432E401Y_nortos_ccs" --include_path="D:/workspace/uartecho_MSP_EXP432E401Y_nortos_ccs/Debug" --include_path="C:/ti/simplelink_msp432e4_sdk_4_20_00_12/source" --include_path="C:/ti/simplelink_msp432e4_sdk_4_20_00_12/source/third_party/CMSIS/Include" --include_path="C:/ti/simplelink_msp432e4_sdk_4_20_00_12/kernel/nortos" --include_path="C:/ti/simplelink_msp432e4_sdk_4_20_00_12/kernel/nortos/posix" --include_path="C:/ti/ccs1200/ccs/tools/compiler/ti-cgt-arm_20.2.7.LTS/include" --advice:power=none -g --diag_warning=225 --diag_warning=255 --diag_wrap=off --display_error_number --gen_func_subsections=on --preproc_with_compile --preproc_dependency="uartecho.d_raw" --include_path="D:/workspace/uartecho_MSP_EXP432E401Y_nortos_ccs/Debug/syscfg"  "../uartecho.c"
Finished building: "../uartecho.c"
 
Building target: "uartecho_MSP_EXP432E401Y_nortos_ccs.out"
Invoking: Arm Linker
"C:/ti/ccs1200/ccs/tools/compiler/ti-cgt-arm_20.2.7.LTS/bin/armcl" -mv7M4 --code_state=16 --float_support=FPv4SPD16 -me --advice:power=none -g --diag_warning=225 --diag_warning=255 --diag_wrap=off --display_error_number --gen_func_subsections=on -z -m"uartecho_MSP_EXP432E401Y_nortos_ccs.map" -i"C:/ti/simplelink_msp432e4_sdk_4_20_00_12/source" -i"C:/ti/simplelink_msp432e4_sdk_4_20_00_12/kernel/nortos" -i"C:/ti/ccs1200/ccs/tools/compiler/ti-cgt-arm_20.2.7.LTS/lib" --diag_suppress=10063 --diag_wrap=off --display_error_number --warn_sections --xml_link_info="uartecho_MSP_EXP432E401Y_nortos_ccs_linkInfo.xml" --entry_point=resetISR --rom_model -o "uartecho_MSP_EXP432E401Y_nortos_ccs.out" "./main_nortos.obj" "./uartecho.obj" "./syscfg/ti_drivers_config.obj" "../MSP_EXP432E401Y_NoRTOS.cmd"  -l"ti/display/lib/display.aem4f" -l"ti/grlib/lib/ccs/m4f/grlib.a" -l"third_party/spiffs/lib/ccs/m4f/spiffs.a" -l"ti/drivers/lib/drivers_msp432e4.aem4f" -l"third_party/fatfs/lib/ccs/m4f/fatfs.a" -l"lib/nortos_msp432e4.aem4f" -l"ti/devices/msp432e4/driverlib/lib/ccs/m4f/msp432e4_driverlib.a" -llibc.a 
<Linking>
Finished building target: "uartecho_MSP_EXP432E401Y_nortos_ccs.out"
 

**** Build Finished ****

**** Build of configuration Debug for project uartecho_MSP_EXP432E401Y_nortos_ccs ****

"C:\\ti\\ccs1200\\ccs\\utils\\bin\\gmake" -k -j 12 all -O 
 
gmake[1]: 'uartecho_MSP_EXP432E401Y_nortos_ccs.out' is up to date.

**** Build Finished ****

**** Build of configuration Debug for project uartecho_MSP_EXP432E401Y_nortos_ccs ****

"C:\\ti\\ccs1200\\ccs\\utils\\bin\\gmake" -k -j 12 all -O 
 
Building file: "../uartecho.c"
Invoking: Arm Compiler
"C:/ti/ccs1200/ccs/tools/compiler/ti-cgt-arm_20.2.7.LTS/bin/armcl" -mv7M4 --code_state=16 --float_support=FPv4SPD16 -me --include_path="D:/workspace/uartecho_MSP_EXP432E401Y_nortos_ccs" --include_path="D:/workspace/uartecho_MSP_EXP432E401Y_nortos_ccs/Debug" --include_path="C:/ti/simplelink_msp432e4_sdk_4_20_00_12/source" --include_path="C:/ti/simplelink_msp432e4_sdk_4_20_00_12/source/third_party/CMSIS/Include" --include_path="C:/ti/simplelink_msp432e4_sdk_4_20_00_12/kernel/nortos" --include_path="C:/ti/simplelink_msp432e4_sdk_4_20_00_12/kernel/nortos/posix" --include_path="C:/ti/ccs1200/ccs/tools/compiler/ti-cgt-arm_20.2.7.LTS/include" --advice:power=none -g --diag_warning=225 --diag_warning=255 --diag_wrap=off --display_error_number --gen_func_subsections=on --preproc_with_compile --preproc_dependency="uartecho.d_raw" --include_path="D:/workspace/uartecho_MSP_EXP432E401Y_nortos_ccs/Debug/syscfg"  "../uartecho.c"
Finished building: "../uartecho.c"
 
Building target: "uartecho_MSP_EXP432E401Y_nortos_ccs.out"
Invoking: Arm Linker
"C:/ti/ccs1200/ccs/tools/compiler/ti-cgt-arm_20.2.7.LTS/bin/armcl" -mv7M4 --code_state=16 --float_support=FPv4SPD16 -me --advice:power=none -g --diag_warning=225 --diag_warning=255 --diag_wrap=off --display_error_number --gen_func_subsections=on -z -m"uartecho_MSP_EXP432E401Y_nortos_ccs.map" -i"C:/ti/simplelink_msp432e4_sdk_4_20_00_12/source" -i"C:/ti/simplelink_msp432e4_sdk_4_20_00_12/kernel/nortos" -i"C:/ti/ccs1200/ccs/tools/compiler/ti-cgt-arm_20.2.7.LTS/lib" --diag_suppress=10063 --diag_wrap=off --display_error_number --warn_sections --xml_link_info="uartecho_MSP_EXP432E401Y_nortos_ccs_linkInfo.xml" --entry_point=resetISR --rom_model -o "uartecho_MSP_EXP432E401Y_nortos_ccs.out" "./main_nortos.obj" "./uartecho.obj" "./syscfg/ti_drivers_config.obj" "../MSP_EXP432E401Y_NoRTOS.cmd"  -l"ti/display/lib/display.aem4f" -l"ti/grlib/lib/ccs/m4f/grlib.a" -l"third_party/spiffs/lib/ccs/m4f/spiffs.a" -l"ti/drivers/lib/drivers_msp432e4.aem4f" -l"third_party/fatfs/lib/ccs/m4f/fatfs.a" -l"lib/nortos_msp432e4.aem4f" -l"ti/devices/msp432e4/driverlib/lib/ccs/m4f/msp432e4_driverlib.a" -llibc.a 
<Linking>
Finished building target: "uartecho_MSP_EXP432E401Y_nortos_ccs.out"
 

**** Build Finished ****

**** Build of configuration Debug for project uartecho_MSP_EXP432E401Y_nortos_ccs ****

"C:\\ti\\ccs1200\\ccs\\utils\\bin\\gmake" -k -j 12 all -O 
 
gmake[1]: 'uartecho_MSP_EXP432E401Y_nortos_ccs.out' is up to date.

**** Build Finished ****

**** Build of configuration Debug for project uartecho_MSP_EXP432E401Y_nortos_ccs ****

"C:\\ti\\ccs1200\\ccs\\utils\\bin\\gmake" -k -j 12 all -O 
 
Building file: "../uartecho.c"
Invoking: Arm Compiler
"C:/ti/ccs1200/ccs/tools/compiler/ti-cgt-arm_20.2.7.LTS/bin/armcl" -mv7M4 --code_state=16 --float_support=FPv4SPD16 -me --include_path="D:/workspace/uartecho_MSP_EXP432E401Y_nortos_ccs" --include_path="D:/workspace/uartecho_MSP_EXP432E401Y_nortos_ccs/Debug" --include_path="C:/ti/simplelink_msp432e4_sdk_4_20_00_12/source" --include_path="C:/ti/simplelink_msp432e4_sdk_4_20_00_12/source/third_party/CMSIS/Include" --include_path="C:/ti/simplelink_msp432e4_sdk_4_20_00_12/kernel/nortos" --include_path="C:/ti/simplelink_msp432e4_sdk_4_20_00_12/kernel/nortos/posix" --include_path="C:/ti/ccs1200/ccs/tools/compiler/ti-cgt-arm_20.2.7.LTS/include" --advice:power=none -g --diag_warning=225 --diag_warning=255 --diag_wrap=off --display_error_number --gen_func_subsections=on --preproc_with_compile --preproc_dependency="uartecho.d_raw" --include_path="D:/workspace/uartecho_MSP_EXP432E401Y_nortos_ccs/Debug/syscfg"  "../uartecho.c"
"../uartecho.c", line 193: warning #225-D: function "len" declared implicitly
Finished building: "../uartecho.c"
 
Building target: "uartecho_MSP_EXP432E401Y_nortos_ccs.out"
Invoking: Arm Linker
"C:/ti/ccs1200/ccs/tools/compiler/ti-cgt-arm_20.2.7.LTS/bin/armcl" -mv7M4 --code_state=16 --float_support=FPv4SPD16 -me --advice:power=none -g --diag_warning=225 --diag_warning=255 --diag_wrap=off --display_error_number --gen_func_subsections=on -z -m"uartecho_MSP_EXP432E401Y_nortos_ccs.map" -i"C:/ti/simplelink_msp432e4_sdk_4_20_00_12/source" -i"C:/ti/simplelink_msp432e4_sdk_4_20_00_12/kernel/nortos" -i"C:/ti/ccs1200/ccs/tools/compiler/ti-cgt-arm_20.2.7.LTS/lib" --diag_suppress=10063 --diag_wrap=off --display_error_number --warn_sections --xml_link_info="uartecho_MSP_EXP432E401Y_nortos_ccs_linkInfo.xml" --entry_point=resetISR --rom_model -o "uartecho_MSP_EXP432E401Y_nortos_ccs.out" "./main_nortos.obj" "./uartecho.obj" "./syscfg/ti_drivers_config.obj" "../MSP_EXP432E401Y_NoRTOS.cmd"  -l"ti/display/lib/display.aem4f" -l"ti/grlib/lib/ccs/m4f/grlib.a" -l"third_party/spiffs/lib/ccs/m4f/spiffs.a" -l"ti/drivers/lib/drivers_msp432e4.aem4f" -l"third_party/fatfs/lib/ccs/m4f/fatfs.a" -l"lib/nortos_msp432e4.aem4f" -l"ti/devices/msp432e4/driverlib/lib/ccs/m4f/msp432e4_driverlib.a" -llibc.a 
<Linking>
 
 undefined first referenced
  symbol       in file     
 --------- ----------------
 len       ./uartecho.obj  
 
error #10234-D: unresolved symbols remain
error #10010: errors encountered during linking; "uartecho_MSP_EXP432E401Y_nortos_ccs.out" not built
 
>> Compilation failure
makefile:150: recipe for target 'uartecho_MSP_EXP432E401Y_nortos_ccs.out' failed
gmake[1]: *** [uartecho_MSP_EXP432E401Y_nortos_ccs.out] Error 1
makefile:146: recipe for target 'all' failed
gmake: *** [all] Error 2

**** Build Finished ****

**** Build of configuration Debug for project uartecho_MSP_EXP432E401Y_nortos_ccs ****

"C:\\ti\\ccs1200\\ccs\\utils\\bin\\gmake" -k -j 12 all -O 
 
Building file: "../uartecho.c"
Invoking: Arm Compiler
"C:/ti/ccs1200/ccs/tools/compiler/ti-cgt-arm_20.2.7.LTS/bin/armcl" -mv7M4 --code_state=16 --float_support=FPv4SPD16 -me --include_path="D:/workspace/uartecho_MSP_EXP432E401Y_nortos_ccs" --include_path="D:/workspace/uartecho_MSP_EXP432E401Y_nortos_ccs/Debug" --include_path="C:/ti/simplelink_msp432e4_sdk_4_20_00_12/source" --include_path="C:/ti/simplelink_msp432e4_sdk_4_20_00_12/source/third_party/CMSIS/Include" --include_path="C:/ti/simplelink_msp432e4_sdk_4_20_00_12/kernel/nortos" --include_path="C:/ti/simplelink_msp432e4_sdk_4_20_00_12/kernel/nortos/posix" --include_path="C:/ti/ccs1200/ccs/tools/compiler/ti-cgt-arm_20.2.7.LTS/include" --advice:power=none -g --diag_warning=225 --diag_warning=255 --diag_wrap=off --display_error_number --gen_func_subsections=on --preproc_with_compile --preproc_dependency="uartecho.d_raw" --include_path="D:/workspace/uartecho_MSP_EXP432E401Y_nortos_ccs/Debug/syscfg"  "../uartecho.c"
Finished building: "../uartecho.c"
 
Building target: "uartecho_MSP_EXP432E401Y_nortos_ccs.out"
Invoking: Arm Linker
"C:/ti/ccs1200/ccs/tools/compiler/ti-cgt-arm_20.2.7.LTS/bin/armcl" -mv7M4 --code_state=16 --float_support=FPv4SPD16 -me --advice:power=none -g --diag_warning=225 --diag_warning=255 --diag_wrap=off --display_error_number --gen_func_subsections=on -z -m"uartecho_MSP_EXP432E401Y_nortos_ccs.map" -i"C:/ti/simplelink_msp432e4_sdk_4_20_00_12/source" -i"C:/ti/simplelink_msp432e4_sdk_4_20_00_12/kernel/nortos" -i"C:/ti/ccs1200/ccs/tools/compiler/ti-cgt-arm_20.2.7.LTS/lib" --diag_suppress=10063 --diag_wrap=off --display_error_number --warn_sections --xml_link_info="uartecho_MSP_EXP432E401Y_nortos_ccs_linkInfo.xml" --entry_point=resetISR --rom_model -o "uartecho_MSP_EXP432E401Y_nortos_ccs.out" "./main_nortos.obj" "./uartecho.obj" "./syscfg/ti_drivers_config.obj" "../MSP_EXP432E401Y_NoRTOS.cmd"  -l"ti/display/lib/display.aem4f" -l"ti/grlib/lib/ccs/m4f/grlib.a" -l"third_party/spiffs/lib/ccs/m4f/spiffs.a" -l"ti/drivers/lib/drivers_msp432e4.aem4f" -l"third_party/fatfs/lib/ccs/m4f/fatfs.a" -l"lib/nortos_msp432e4.aem4f" -l"ti/devices/msp432e4/driverlib/lib/ccs/m4f/msp432e4_driverlib.a" -llibc.a 
<Linking>
Finished building target: "uartecho_MSP_EXP432E401Y_nortos_ccs.out"
 

**** Build Finished ****

**** Build of configuration Debug for project uartecho_MSP_EXP432E401Y_nortos_ccs ****

"C:\\ti\\ccs1200\\ccs\\utils\\bin\\gmake" -k -j 12 all -O 
 
gmake[1]: 'uartecho_MSP_EXP432E401Y_nortos_ccs.out' is up to date.

**** Build Finished ****

**** Build of configuration Debug for project uartecho_MSP_EXP432E401Y_nortos_ccs ****

"C:\\ti\\ccs1200\\ccs\\utils\\bin\\gmake" -k -j 12 all -O 
 
Building file: "../uartecho.c"
Invoking: Arm Compiler
"C:/ti/ccs1200/ccs/tools/compiler/ti-cgt-arm_20.2.7.LTS/bin/armcl" -mv7M4 --code_state=16 --float_support=FPv4SPD16 -me --include_path="D:/workspace/uartecho_MSP_EXP432E401Y_nortos_ccs" --include_path="D:/workspace/uartecho_MSP_EXP432E401Y_nortos_ccs/Debug" --include_path="C:/ti/simplelink_msp432e4_sdk_4_20_00_12/source" --include_path="C:/ti/simplelink_msp432e4_sdk_4_20_00_12/source/third_party/CMSIS/Include" --include_path="C:/ti/simplelink_msp432e4_sdk_4_20_00_12/kernel/nortos" --include_path="C:/ti/simplelink_msp432e4_sdk_4_20_00_12/kernel/nortos/posix" --include_path="C:/ti/ccs1200/ccs/tools/compiler/ti-cgt-arm_20.2.7.LTS/include" --advice:power=none -g --diag_warning=225 --diag_warning=255 --diag_wrap=off --display_error_number --gen_func_subsections=on --preproc_with_compile --preproc_dependency="uartecho.d_raw" --include_path="D:/workspace/uartecho_MSP_EXP432E401Y_nortos_ccs/Debug/syscfg"  "../uartecho.c"
Finished building: "../uartecho.c"
 
Building target: "uartecho_MSP_EXP432E401Y_nortos_ccs.out"
Invoking: Arm Linker
"C:/ti/ccs1200/ccs/tools/compiler/ti-cgt-arm_20.2.7.LTS/bin/armcl" -mv7M4 --code_state=16 --float_support=FPv4SPD16 -me --advice:power=none -g --diag_warning=225 --diag_warning=255 --diag_wrap=off --display_error_number --gen_func_subsections=on -z -m"uartecho_MSP_EXP432E401Y_nortos_ccs.map" -i"C:/ti/simplelink_msp432e4_sdk_4_20_00_12/source" -i"C:/ti/simplelink_msp432e4_sdk_4_20_00_12/kernel/nortos" -i"C:/ti/ccs1200/ccs/tools/compiler/ti-cgt-arm_20.2.7.LTS/lib" --diag_suppress=10063 --diag_wrap=off --display_error_number --warn_sections --xml_link_info="uartecho_MSP_EXP432E401Y_nortos_ccs_linkInfo.xml" --entry_point=resetISR --rom_model -o "uartecho_MSP_EXP432E401Y_nortos_ccs.out" "./main_nortos.obj" "./uartecho.obj" "./syscfg/ti_drivers_config.obj" "../MSP_EXP432E401Y_NoRTOS.cmd"  -l"ti/display/lib/display.aem4f" -l"ti/grlib/lib/ccs/m4f/grlib.a" -l"third_party/spiffs/lib/ccs/m4f/spiffs.a" -l"ti/drivers/lib/drivers_msp432e4.aem4f" -l"third_party/fatfs/lib/ccs/m4f/fatfs.a" -l"lib/nortos_msp432e4.aem4f" -l"ti/devices/msp432e4/driverlib/lib/ccs/m4f/msp432e4_driverlib.a" -llibc.a 
<Linking>
Finished building target: "uartecho_MSP_EXP432E401Y_nortos_ccs.out"
 

**** Build Finished ****

**** Build of configuration Debug for project uartecho_MSP_EXP432E401Y_nortos_ccs ****

"C:\\ti\\ccs1200\\ccs\\utils\\bin\\gmake" -k -j 12 all -O 
 
Building file: "../uartecho.c"
Invoking: Arm Compiler
"C:/ti/ccs1200/ccs/tools/compiler/ti-cgt-arm_20.2.7.LTS/bin/armcl" -mv7M4 --code_state=16 --float_support=FPv4SPD16 -me --include_path="D:/workspace/uartecho_MSP_EXP432E401Y_nortos_ccs" --include_path="D:/workspace/uartecho_MSP_EXP432E401Y_nortos_ccs/Debug" --include_path="C:/ti/simplelink_msp432e4_sdk_4_20_00_12/source" --include_path="C:/ti/simplelink_msp432e4_sdk_4_20_00_12/source/third_party/CMSIS/Include" --include_path="C:/ti/simplelink_msp432e4_sdk_4_20_00_12/kernel/nortos" --include_path="C:/ti/simplelink_msp432e4_sdk_4_20_00_12/kernel/nortos/posix" --include_path="C:/ti/ccs1200/ccs/tools/compiler/ti-cgt-arm_20.2.7.LTS/include" --advice:power=none -g --diag_warning=225 --diag_warning=255 --diag_wrap=off --display_error_number --gen_func_subsections=on --preproc_with_compile --preproc_dependency="uartecho.d_raw" --include_path="D:/workspace/uartecho_MSP_EXP432E401Y_nortos_ccs/Debug/syscfg"  "../uartecho.c"
Finished building: "../uartecho.c"
 
Building target: "uartecho_MSP_EXP432E401Y_nortos_ccs.out"
Invoking: Arm Linker
"C:/ti/ccs1200/ccs/tools/compiler/ti-cgt-arm_20.2.7.LTS/bin/armcl" -mv7M4 --code_state=16 --float_support=FPv4SPD16 -me --advice:power=none -g --diag_warning=225 --diag_warning=255 --diag_wrap=off --display_error_number --gen_func_subsections=on -z -m"uartecho_MSP_EXP432E401Y_nortos_ccs.map" -i"C:/ti/simplelink_msp432e4_sdk_4_20_00_12/source" -i"C:/ti/simplelink_msp432e4_sdk_4_20_00_12/kernel/nortos" -i"C:/ti/ccs1200/ccs/tools/compiler/ti-cgt-arm_20.2.7.LTS/lib" --diag_suppress=10063 --diag_wrap=off --display_error_number --warn_sections --xml_link_info="uartecho_MSP_EXP432E401Y_nortos_ccs_linkInfo.xml" --entry_point=resetISR --rom_model -o "uartecho_MSP_EXP432E401Y_nortos_ccs.out" "./main_nortos.obj" "./uartecho.obj" "./syscfg/ti_drivers_config.obj" "../MSP_EXP432E401Y_NoRTOS.cmd"  -l"ti/display/lib/display.aem4f" -l"ti/grlib/lib/ccs/m4f/grlib.a" -l"third_party/spiffs/lib/ccs/m4f/spiffs.a" -l"ti/drivers/lib/drivers_msp432e4.aem4f" -l"third_party/fatfs/lib/ccs/m4f/fatfs.a" -l"lib/nortos_msp432e4.aem4f" -l"ti/devices/msp432e4/driverlib/lib/ccs/m4f/msp432e4_driverlib.a" -llibc.a 
<Linking>
Finished building target: "uartecho_MSP_EXP432E401Y_nortos_ccs.out"
 

**** Build Finished ****

**** Build of configuration Debug for project uartecho_MSP_EXP432E401Y_nortos_ccs ****

"C:\\ti\\ccs1200\\ccs\\utils\\bin\\gmake" -k -j 12 all -O 
 
gmake[1]: 'uartecho_MSP_EXP432E401Y_nortos_ccs.out' is up to date.

**** Build Finished ****

**** Build of configuration Debug for project uartecho_MSP_EXP432E401Y_nortos_ccs ****

"C:\\ti\\ccs1200\\ccs\\utils\\bin\\gmake" -k -j 12 all -O 
 
gmake[1]: 'uartecho_MSP_EXP432E401Y_nortos_ccs.out' is up to date.

**** Build Finished ****

**** Build of configuration Debug for project uartecho_MSP_EXP432E401Y_nortos_ccs ****

"C:\\ti\\ccs1200\\ccs\\utils\\bin\\gmake" -k -j 12 all -O 
 
Building file: "../uartecho.c"
Invoking: Arm Compiler
"C:/ti/ccs1200/ccs/tools/compiler/ti-cgt-arm_20.2.7.LTS/bin/armcl" -mv7M4 --code_state=16 --float_support=FPv4SPD16 -me --include_path="D:/workspace/uartecho_MSP_EXP432E401Y_nortos_ccs" --include_path="D:/workspace/uartecho_MSP_EXP432E401Y_nortos_ccs/Debug" --include_path="C:/ti/simplelink_msp432e4_sdk_4_20_00_12/source" --include_path="C:/ti/simplelink_msp432e4_sdk_4_20_00_12/source/third_party/CMSIS/Include" --include_path="C:/ti/simplelink_msp432e4_sdk_4_20_00_12/kernel/nortos" --include_path="C:/ti/simplelink_msp432e4_sdk_4_20_00_12/kernel/nortos/posix" --include_path="C:/ti/ccs1200/ccs/tools/compiler/ti-cgt-arm_20.2.7.LTS/include" --advice:power=none -g --diag_warning=225 --diag_warning=255 --diag_wrap=off --display_error_number --gen_func_subsections=on --preproc_with_compile --preproc_dependency="uartecho.d_raw" --include_path="D:/workspace/uartecho_MSP_EXP432E401Y_nortos_ccs/Debug/syscfg"  "../uartecho.c"
Finished building: "../uartecho.c"
 
Building target: "uartecho_MSP_EXP432E401Y_nortos_ccs.out"
Invoking: Arm Linker
"C:/ti/ccs1200/ccs/tools/compiler/ti-cgt-arm_20.2.7.LTS/bin/armcl" -mv7M4 --code_state=16 --float_support=FPv4SPD16 -me --advice:power=none -g --diag_warning=225 --diag_warning=255 --diag_wrap=off --display_error_number --gen_func_subsections=on -z -m"uartecho_MSP_EXP432E401Y_nortos_ccs.map" -i"C:/ti/simplelink_msp432e4_sdk_4_20_00_12/source" -i"C:/ti/simplelink_msp432e4_sdk_4_20_00_12/kernel/nortos" -i"C:/ti/ccs1200/ccs/tools/compiler/ti-cgt-arm_20.2.7.LTS/lib" --diag_suppress=10063 --diag_wrap=off --display_error_number --warn_sections --xml_link_info="uartecho_MSP_EXP432E401Y_nortos_ccs_linkInfo.xml" --entry_point=resetISR --rom_model -o "uartecho_MSP_EXP432E401Y_nortos_ccs.out" "./main_nortos.obj" "./uartecho.obj" "./syscfg/ti_drivers_config.obj" "../MSP_EXP432E401Y_NoRTOS.cmd"  -l"ti/display/lib/display.aem4f" -l"ti/grlib/lib/ccs/m4f/grlib.a" -l"third_party/spiffs/lib/ccs/m4f/spiffs.a" -l"ti/drivers/lib/drivers_msp432e4.aem4f" -l"third_party/fatfs/lib/ccs/m4f/fatfs.a" -l"lib/nortos_msp432e4.aem4f" -l"ti/devices/msp432e4/driverlib/lib/ccs/m4f/msp432e4_driverlib.a" -llibc.a 
<Linking>
Finished building target: "uartecho_MSP_EXP432E401Y_nortos_ccs.out"
 

**** Build Finished ****

**** Build of configuration Debug for project uartecho_MSP_EXP432E401Y_nortos_ccs ****

"C:\\ti\\ccs1200\\ccs\\utils\\bin\\gmake" -k -j 12 all -O 
 
gmake[1]: 'uartecho_MSP_EXP432E401Y_nortos_ccs.out' is up to date.

**** Build Finished ****

**** Build of configuration Debug for project uartecho_MSP_EXP432E401Y_nortos_ccs ****

"C:\\ti\\ccs1200\\ccs\\utils\\bin\\gmake" -k -j 12 all -O 
 
Building file: "../uartecho.c"
Invoking: Arm Compiler
"C:/ti/ccs1200/ccs/tools/compiler/ti-cgt-arm_20.2.7.LTS/bin/armcl" -mv7M4 --code_state=16 --float_support=FPv4SPD16 -me --include_path="D:/workspace/uartecho_MSP_EXP432E401Y_nortos_ccs" --include_path="D:/workspace/uartecho_MSP_EXP432E401Y_nortos_ccs/Debug" --include_path="C:/ti/simplelink_msp432e4_sdk_4_20_00_12/source" --include_path="C:/ti/simplelink_msp432e4_sdk_4_20_00_12/source/third_party/CMSIS/Include" --include_path="C:/ti/simplelink_msp432e4_sdk_4_20_00_12/kernel/nortos" --include_path="C:/ti/simplelink_msp432e4_sdk_4_20_00_12/kernel/nortos/posix" --include_path="C:/ti/ccs1200/ccs/tools/compiler/ti-cgt-arm_20.2.7.LTS/include" --advice:power=none -g --diag_warning=225 --diag_warning=255 --diag_wrap=off --display_error_number --gen_func_subsections=on --preproc_with_compile --preproc_dependency="uartecho.d_raw" --include_path="D:/workspace/uartecho_MSP_EXP432E401Y_nortos_ccs/Debug/syscfg"  "../uartecho.c"
Finished building: "../uartecho.c"
 
Building target: "uartecho_MSP_EXP432E401Y_nortos_ccs.out"
Invoking: Arm Linker
"C:/ti/ccs1200/ccs/tools/compiler/ti-cgt-arm_20.2.7.LTS/bin/armcl" -mv7M4 --code_state=16 --float_support=FPv4SPD16 -me --advice:power=none -g --diag_warning=225 --diag_warning=255 --diag_wrap=off --display_error_number --gen_func_subsections=on -z -m"uartecho_MSP_EXP432E401Y_nortos_ccs.map" -i"C:/ti/simplelink_msp432e4_sdk_4_20_00_12/source" -i"C:/ti/simplelink_msp432e4_sdk_4_20_00_12/kernel/nortos" -i"C:/ti/ccs1200/ccs/tools/compiler/ti-cgt-arm_20.2.7.LTS/lib" --diag_suppress=10063 --diag_wrap=off --display_error_number --warn_sections --xml_link_info="uartecho_MSP_EXP432E401Y_nortos_ccs_linkInfo.xml" --entry_point=resetISR --rom_model -o "uartecho_MSP_EXP432E401Y_nortos_ccs.out" "./main_nortos.obj" "./uartecho.obj" "./syscfg/ti_drivers_config.obj" "../MSP_EXP432E401Y_NoRTOS.cmd"  -l"ti/display/lib/display.aem4f" -l"ti/grlib/lib/ccs/m4f/grlib.a" -l"third_party/spiffs/lib/ccs/m4f/spiffs.a" -l"ti/drivers/lib/drivers_msp432e4.aem4f" -l"third_party/fatfs/lib/ccs/m4f/fatfs.a" -l"lib/nortos_msp432e4.aem4f" -l"ti/devices/msp432e4/driverlib/lib/ccs/m4f/msp432e4_driverlib.a" -llibc.a 
<Linking>
Finished building target: "uartecho_MSP_EXP432E401Y_nortos_ccs.out"
 

**** Build Finished ****

**** Build of configuration Debug for project uartecho_MSP_EXP432E401Y_nortos_ccs ****

"C:\\ti\\ccs1200\\ccs\\utils\\bin\\gmake" -k -j 12 all -O 
 
gmake[1]: 'uartecho_MSP_EXP432E401Y_nortos_ccs.out' is up to date.

**** Build Finished ****

**** Build of configuration Debug for project uartecho_MSP_EXP432E401Y_nortos_ccs ****

"C:\\ti\\ccs1200\\ccs\\utils\\bin\\gmake" -k -j 12 all -O 
 
Building file: "../uartecho.c"
Invoking: Arm Compiler
"C:/ti/ccs1200/ccs/tools/compiler/ti-cgt-arm_20.2.7.LTS/bin/armcl" -mv7M4 --code_state=16 --float_support=FPv4SPD16 -me --include_path="D:/workspace/uartecho_MSP_EXP432E401Y_nortos_ccs" --include_path="D:/workspace/uartecho_MSP_EXP432E401Y_nortos_ccs/Debug" --include_path="C:/ti/simplelink_msp432e4_sdk_4_20_00_12/source" --include_path="C:/ti/simplelink_msp432e4_sdk_4_20_00_12/source/third_party/CMSIS/Include" --include_path="C:/ti/simplelink_msp432e4_sdk_4_20_00_12/kernel/nortos" --include_path="C:/ti/simplelink_msp432e4_sdk_4_20_00_12/kernel/nortos/posix" --include_path="C:/ti/ccs1200/ccs/tools/compiler/ti-cgt-arm_20.2.7.LTS/include" --advice:power=none -g --diag_warning=225 --diag_warning=255 --diag_wrap=off --display_error_number --gen_func_subsections=on --preproc_with_compile --preproc_dependency="uartecho.d_raw" --include_path="D:/workspace/uartecho_MSP_EXP432E401Y_nortos_ccs/Debug/syscfg"  "../uartecho.c"
Finished building: "../uartecho.c"
 
Building target: "uartecho_MSP_EXP432E401Y_nortos_ccs.out"
Invoking: Arm Linker
"C:/ti/ccs1200/ccs/tools/compiler/ti-cgt-arm_20.2.7.LTS/bin/armcl" -mv7M4 --code_state=16 --float_support=FPv4SPD16 -me --advice:power=none -g --diag_warning=225 --diag_warning=255 --diag_wrap=off --display_error_number --gen_func_subsections=on -z -m"uartecho_MSP_EXP432E401Y_nortos_ccs.map" -i"C:/ti/simplelink_msp432e4_sdk_4_20_00_12/source" -i"C:/ti/simplelink_msp432e4_sdk_4_20_00_12/kernel/nortos" -i"C:/ti/ccs1200/ccs/tools/compiler/ti-cgt-arm_20.2.7.LTS/lib" --diag_suppress=10063 --diag_wrap=off --display_error_number --warn_sections --xml_link_info="uartecho_MSP_EXP432E401Y_nortos_ccs_linkInfo.xml" --entry_point=resetISR --rom_model -o "uartecho_MSP_EXP432E401Y_nortos_ccs.out" "./main_nortos.obj" "./uartecho.obj" "./syscfg/ti_drivers_config.obj" "../MSP_EXP432E401Y_NoRTOS.cmd"  -l"ti/display/lib/display.aem4f" -l"ti/grlib/lib/ccs/m4f/grlib.a" -l"third_party/spiffs/lib/ccs/m4f/spiffs.a" -l"ti/drivers/lib/drivers_msp432e4.aem4f" -l"third_party/fatfs/lib/ccs/m4f/fatfs.a" -l"lib/nortos_msp432e4.aem4f" -l"ti/devices/msp432e4/driverlib/lib/ccs/m4f/msp432e4_driverlib.a" -llibc.a 
<Linking>
Finished building target: "uartecho_MSP_EXP432E401Y_nortos_ccs.out"
 

**** Build Finished ****

**** Build of configuration Debug for project uartecho_MSP_EXP432E401Y_nortos_ccs ****

"C:\\ti\\ccs1200\\ccs\\utils\\bin\\gmake" -k -j 12 all -O 
 
gmake[1]: 'uartecho_MSP_EXP432E401Y_nortos_ccs.out' is up to date.

**** Build Finished ****
